P 11.613591 11.658737 0 119 0
P 1.290286 9.040786 2 100 5
P 21.936895 14.276689 1 100 5
P 5.648358 18.265992 0 21 4
P 17.578824 5.051482 0 21 4
P 0.000000 17.566463 0 32 2
P 23.227182 5.751012 0 32 2
P 15.996407 22.492537 0 60 5
P 7.230774 0.824938 0 60 5
P 12.096861 23.317475 0 74 5
P 11.130321 0.000000 0 74 5
P 5.905729 2.482273 0 85 1
P 17.321452 20.835201 0 85 1
P 18.286013 0.765778 0 72 3
P 4.941168 22.551697 0 72 3
P 20.106711 18.059385 0 9 5
P 3.120471 5.258090 0 9 5
P 4.594839 13.786000 0 69 2
P 18.632343 9.531475 0 69 2
P 8.801192 20.015703 0 41 1
P 14.425990 3.301771 0 41 1
P 19.466787 20.056168 0 35 5
P 3.760394 3.261307 0 35 5
go
P 11.613591 11.658737 0 119 0
P 1.290286 9.040786 2 55 5
P 21.936895 14.276689 1 5 5
P 5.648358 18.265992 0 21 4
P 17.578824 5.051482 0 21 4
P 0.000000 17.566463 0 32 2
P 23.227182 5.751012 0 32 2
P 15.996407 22.492537 0 60 5
P 7.230774 0.824938 0 60 5
P 12.096861 23.317475 0 74 5
P 11.130321 0.000000 0 74 5
P 5.905729 2.482273 0 85 1
P 17.321452 20.835201 0 85 1
P 18.286013 0.765778 0 72 3
P 4.941168 22.551697 0 72 3
P 20.106711 18.059385 0 9 5
P 3.120471 5.258090 0 9 5
P 4.594839 13.786000 0 69 2
P 18.632343 9.531475 0 69 2
P 8.801192 20.015703 0 41 1
P 14.425990 3.301771 0 41 1
P 19.466787 20.056168 0 35 5
P 3.760394 3.261307 0 35 5
F 1 10 2 15 5 4
F 1 36 2 21 7 6
F 1 54 2 18 6 5
F 2 50 1 15 21 20
go
P 11.613591 11.658737 0 119 0
P 1.290286 9.040786 2 60 5
P 21.936895 14.276689 1 5 5
P 5.648358 18.265992 0 21 4
P 17.578824 5.051482 0 21 4
P 0.000000 17.566463 0 32 2
P 23.227182 5.751012 0 32 2
P 15.996407 22.492537 0 60 5
P 7.230774 0.824938 0 60 5
P 12.096861 23.317475 0 74 5
P 11.130321 0.000000 0 74 5
P 5.905729 2.482273 0 85 1
P 17.321452 20.835201 0 85 1
P 18.286013 0.765778 0 72 3
P 4.941168 22.551697 0 72 3
P 20.106711 18.059385 0 9 5
P 3.120471 5.258090 0 9 5
P 4.594839 13.786000 0 69 2
P 18.632343 9.531475 0 69 2
P 8.801192 20.015703 0 41 1
P 14.425990 3.301771 0 41 1
P 19.466787 20.056168 0 35 5
P 3.760394 3.261307 0 35 5
F 1 10 2 15 5 3
F 1 36 2 21 7 5
F 1 54 2 18 6 4
F 2 50 1 15 21 19
F 1 5 2 21 7 6
go
P 11.613591 11.658737 0 119 0
P 1.290286 9.040786 2 65 5
P 21.936895 14.276689 1 5 5
P 5.648358 18.265992 0 21 4
P 17.578824 5.051482 0 21 4
P 0.000000 17.566463 0 32 2
P 23.227182 5.751012 0 32 2
P 15.996407 22.492537 0 60 5
P 7.230774 0.824938 0 60 5
P 12.096861 23.317475 0 74 5
P 11.130321 0.000000 0 74 5
P 5.905729 2.482273 0 85 1
P 17.321452 20.835201 0 85 1
P 18.286013 0.765778 0 72 3
P 4.941168 22.551697 0 72 3
P 20.106711 18.059385 0 9 5
P 3.120471 5.258090 0 9 5
P 4.594839 13.786000 0 69 2
P 18.632343 9.531475 0 69 2
P 8.801192 20.015703 0 41 1
P 14.425990 3.301771 0 41 1
P 19.466787 20.056168 0 35 5
P 3.760394 3.261307 0 35 5
F 1 10 2 15 5 2
F 1 36 2 21 7 4
F 1 54 2 18 6 3
F 2 50 1 15 21 18
F 1 5 2 21 7 5
F 1 5 2 21 7 6
go
P 11.613591 11.658737 0 119 0
P 1.290286 9.040786 2 70 5
P 21.936895 14.276689 1 5 5
P 5.648358 18.265992 0 21 4
P 17.578824 5.051482 0 21 4
P 0.000000 17.566463 0 32 2
P 23.227182 5.751012 0 32 2
P 15.996407 22.492537 0 60 5
P 7.230774 0.824938 0 60 5
P 12.096861 23.317475 0 74 5
P 11.130321 0.000000 0 74 5
P 5.905729 2.482273 0 85 1
P 17.321452 20.835201 0 85 1
P 18.286013 0.765778 0 72 3
P 4.941168 22.551697 0 72 3
P 20.106711 18.059385 0 9 5
P 3.120471 5.258090 0 9 5
P 4.594839 13.786000 0 69 2
P 18.632343 9.531475 0 69 2
P 8.801192 20.015703 0 41 1
P 14.425990 3.301771 0 41 1
P 19.466787 20.056168 0 35 5
P 3.760394 3.261307 0 35 5
F 1 10 2 15 5 1
F 1 36 2 21 7 3
F 1 54 2 18 6 2
F 2 50 1 15 21 17
F 1 5 2 21 7 4
F 1 5 2 21 7 5
F 1 5 2 21 7 6
go
P 11.613591 11.658737 0 119 0
P 1.290286 9.040786 2 75 5
P 21.936895 14.276689 1 5 5
P 5.648358 18.265992 0 21 4
P 17.578824 5.051482 0 21 4
P 0.000000 17.566463 0 32 2
P 23.227182 5.751012 0 32 2
P 15.996407 22.492537 0 60 5
P 7.230774 0.824938 0 60 5
P 12.096861 23.317475 0 74 5
P 11.130321 0.000000 0 74 5
P 5.905729 2.482273 0 85 1
P 17.321452 20.835201 0 85 1
P 18.286013 0.765778 0 72 3
P 4.941168 22.551697 0 72 3
P 20.106711 18.059385 1 1 5
P 3.120471 5.258090 0 9 5
P 4.594839 13.786000 0 69 2
P 18.632343 9.531475 0 69 2
P 8.801192 20.015703 0 41 1
P 14.425990 3.301771 0 41 1
P 19.466787 20.056168 0 35 5
P 3.760394 3.261307 0 35 5
F 1 36 2 21 7 2
F 1 54 2 18 6 1
F 2 50 1 15 21 16
F 1 5 2 21 7 3
F 1 5 2 21 7 4
F 1 5 2 21 7 5
F 1 5 2 21 7 6
go
P 11.613591 11.658737 0 119 0
P 1.290286 9.040786 2 80 5
P 21.936895 14.276689 1 5 5
P 5.648358 18.265992 0 21 4
P 17.578824 5.051482 0 21 4
P 0.000000 17.566463 0 32 2
P 23.227182 5.751012 0 32 2
P 15.996407 22.492537 0 60 5
P 7.230774 0.824938 0 60 5
P 12.096861 23.317475 0 74 5
P 11.130321 0.000000 0 74 5
P 5.905729 2.482273 0 85 1
P 17.321452 20.835201 0 85 1
P 18.286013 0.765778 0 72 3
P 4.941168 22.551697 0 72 3
P 20.106711 18.059385 1 5 5
P 3.120471 5.258090 0 9 5
P 4.594839 13.786000 0 69 2
P 18.632343 9.531475 0 15 2
P 8.801192 20.015703 0 41 1
P 14.425990 3.301771 0 41 1
P 19.466787 20.056168 0 35 5
P 3.760394 3.261307 0 35 5
F 1 36 2 21 7 1
F 2 50 1 15 21 15
F 1 5 2 21 7 2
F 1 5 2 21 7 3
F 1 5 2 21 7 4
F 1 5 2 21 7 5
F 1 5 2 21 7 6
F 1 1 15 21 3 2
go
P 11.613591 11.658737 0 119 0
P 1.290286 9.040786 2 85 5
P 21.936895 14.276689 1 5 5
P 5.648358 18.265992 0 21 4
P 17.578824 5.051482 0 21 4
P 0.000000 17.566463 0 32 2
P 23.227182 5.751012 0 32 2
P 15.996407 22.492537 0 60 5
P 7.230774 0.824938 0 60 5
P 12.096861 23.317475 0 74 5
P 11.130321 0.000000 0 74 5
P 5.905729 2.482273 0 85 1
P 17.321452 20.835201 0 85 1
P 18.286013 0.765778 0 72 3
P 4.941168 22.551697 0 72 3
P 20.106711 18.059385 1 5 5
P 3.120471 5.258090 0 9 5
P 4.594839 13.786000 0 69 2
P 18.632343 9.531475 0 15 2
P 8.801192 20.015703 0 41 1
P 14.425990 3.301771 0 41 1
P 19.466787 20.056168 1 1 5
P 3.760394 3.261307 0 35 5
F 2 50 1 15 21 14
F 1 5 2 21 7 1
F 1 5 2 21 7 2
F 1 5 2 21 7 3
F 1 5 2 21 7 4
F 1 5 2 21 7 5
F 1 1 15 21 3 1
F 1 5 2 18 6 5
F 1 5 15 21 3 2
go
P 11.613591 11.658737 0 119 0
P 1.290286 9.040786 2 90 5
P 21.936895 14.276689 1 5 5
P 5.648358 18.265992 0 21 4
P 17.578824 5.051482 0 21 4
P 0.000000 17.566463 0 32 2
P 23.227182 5.751012 0 32 2
P 15.996407 22.492537 0 60 5
P 7.230774 0.824938 0 60 5
P 12.096861 23.317475 0 74 5
P 11.130321 0.000000 0 74 5
P 5.905729 2.482273 0 85 1
P 17.321452 20.835201 0 85 1
P 18.286013 0.765778 0 72 3
P 4.941168 22.551697 0 72 3
P 20.106711 18.059385 1 5 5
P 3.120471 5.258090 0 9 5
P 4.594839 13.786000 0 69 2
P 18.632343 9.531475 0 15 2
P 8.801192 20.015703 0 41 1
P 14.425990 3.301771 0 41 1
P 19.466787 20.056168 1 11 5
P 3.760394 3.261307 0 35 5
F 2 50 1 15 21 13
F 1 5 2 21 7 1
F 1 5 2 21 7 2
F 1 5 2 21 7 3
F 1 5 2 21 7 4
F 1 5 2 18 6 4
F 1 5 15 21 3 1
F 1 5 2 18 6 5
F 1 5 15 7 7 6
F 1 1 21 12 3 2
go
P 11.613591 11.658737 0 119 0
P 1.290286 9.040786 2 95 5
P 21.936895 14.276689 1 5 5
P 5.648358 18.265992 0 21 4
P 17.578824 5.051482 0 21 4
P 0.000000 17.566463 0 32 2
P 23.227182 5.751012 0 32 2
P 15.996407 22.492537 0 60 5
P 7.230774 0.824938 0 60 5
P 12.096861 23.317475 0 74 5
P 11.130321 0.000000 0 74 5
P 5.905729 2.482273 0 85 1
P 17.321452 20.835201 0 85 1
P 18.286013 0.765778 0 72 3
P 4.941168 22.551697 0 72 3
P 20.106711 18.059385 1 5 5
P 3.120471 5.258090 0 9 5
P 4.594839 13.786000 0 69 2
P 18.632343 9.531475 0 15 2
P 8.801192 20.015703 0 41 1
P 14.425990 3.301771 0 41 1
P 19.466787 20.056168 1 15 5
P 3.760394 3.261307 0 35 5
F 2 50 1 15 21 12
F 1 5 2 21 7 1
F 1 5 2 21 7 2
F 1 5 2 21 7 3
F 1 5 2 18 6 3
F 1 5 2 18 6 4
F 1 5 15 7 7 5
F 1 1 21 12 3 1
F 1 11 21 12 3 2
F 1 5 2 18 6 5
F 1 5 15 7 7 6
go
P 11.613591 11.658737 0 119 0
P 1.290286 9.040786 2 100 5
P 21.936895 14.276689 1 5 5
P 5.648358 18.265992 0 21 4
P 17.578824 5.051482 0 21 4
P 0.000000 17.566463 0 32 2
P 23.227182 5.751012 0 32 2
P 15.996407 22.492537 0 60 5
P 7.230774 0.824938 0 60 5
P 12.096861 23.317475 0 74 5
P 11.130321 0.000000 0 74 5
P 5.905729 2.482273 0 85 1
P 17.321452 20.835201 0 84 1
P 18.286013 0.765778 0 72 3
P 4.941168 22.551697 0 72 3
P 20.106711 18.059385 1 5 5
P 3.120471 5.258090 0 9 5
P 4.594839 13.786000 0 69 2
P 18.632343 9.531475 0 15 2
P 8.801192 20.015703 0 41 1
P 14.425990 3.301771 0 41 1
P 19.466787 20.056168 1 10 5
P 3.760394 3.261307 0 35 5
F 2 50 1 15 21 11
F 1 5 2 21 7 1
F 1 5 2 21 7 2
F 1 5 2 18 6 2
F 1 5 2 18 6 3
F 1 5 15 7 7 4
F 1 11 21 12 3 1
F 1 5 2 18 6 4
F 1 5 15 7 7 5
F 1 15 21 12 3 2
F 1 5 2 18 6 5
F 1 5 15 7 7 6
go
P 11.613591 11.658737 0 119 0
P 1.290286 9.040786 2 105 5
P 21.936895 14.276689 1 5 5
P 5.648358 18.265992 0 21 4
P 17.578824 5.051482 0 21 4
P 0.000000 17.566463 0 32 2
P 23.227182 5.751012 0 32 2
P 15.996407 22.492537 0 60 5
P 7.230774 0.824938 0 60 5
P 12.096861 23.317475 0 74 5
P 11.130321 0.000000 0 74 5
P 5.905729 2.482273 0 85 1
P 17.321452 20.835201 0 73 1
P 18.286013 0.765778 0 72 3
P 4.941168 22.551697 0 72 3
P 20.106711 18.059385 1 5 5
P 3.120471 5.258090 0 9 5
P 4.594839 13.786000 0 69 2
P 18.632343 9.531475 0 15 2
P 8.801192 20.015703 0 41 1
P 14.425990 3.301771 0 41 1
P 19.466787 20.056168 1 10 5
P 3.760394 3.261307 0 35 5
F 2 50 1 15 21 10
F 1 5 2 21 7 1
F 1 5 2 18 6 1
F 1 5 2 18 6 2
F 1 5 15 7 7 3
F 1 5 2 18 6 3
F 1 5 15 7 7 4
F 1 15 21 12 3 1
F 1 5 2 18 6 4
F 1 5 15 7 7 5
F 1 10 21 12 3 2
F 1 5 2 18 6 5
F 1 5 15 7 7 6
go
P 11.613591 11.658737 0 119 0
P 1.290286 9.040786 2 110 5
P 21.936895 14.276689 1 5 5
P 5.648358 18.265992 0 21 4
P 17.578824 5.051482 0 21 4
P 0.000000 17.566463 0 32 2
P 23.227182 5.751012 0 32 2
P 15.996407 22.492537 0 60 5
P 7.230774 0.824938 0 60 5
P 12.096861 23.317475 0 74 5
P 11.130321 0.000000 0 74 5
P 5.905729 2.482273 0 85 1
P 17.321452 20.835201 0 58 1
P 18.286013 0.765778 0 72 3
P 4.941168 22.551697 0 72 3
P 20.106711 18.059385 1 5 5
P 3.120471 5.258090 0 9 5
P 4.594839 13.786000 0 69 2
P 18.632343 9.531475 0 10 2
P 8.801192 20.015703 0 41 1
P 14.425990 3.301771 0 41 1
P 19.466787 20.056168 1 10 5
P 3.760394 3.261307 0 35 5
F 2 50 1 15 21 9
F 1 5 2 18 6 1
F 1 5 15 7 7 2
F 1 5 2 18 6 2
F 1 5 15 7 7 3
F 1 5 2 18 6 3
F 1 5 15 7 7 4
F 1 10 21 12 3 1
F 1 5 2 18 6 4
F 1 5 15 7 7 5
F 1 10 21 12 3 2
F 1 5 2 18 6 5
F 1 5 15 7 7 6
go
P 11.613591 11.658737 0 119 0
P 1.290286 9.040786 2 115 5
P 21.936895 14.276689 1 5 5
P 5.648358 18.265992 0 21 4
P 17.578824 5.051482 0 21 4
P 0.000000 17.566463 0 32 2
P 23.227182 5.751012 0 32 2
P 15.996407 22.492537 0 60 5
P 7.230774 0.824938 0 60 5
P 12.096861 23.317475 0 74 5
P 11.130321 0.000000 0 74 5
P 5.905729 2.482273 0 85 1
P 17.321452 20.835201 0 48 1
P 18.286013 0.765778 0 72 3
P 4.941168 22.551697 0 72 3
P 20.106711 18.059385 1 10 5
P 3.120471 5.258090 0 9 5
P 4.594839 13.786000 0 69 2
P 18.632343 9.531475 0 5 2
P 8.801192 20.015703 0 41 1
P 14.425990 3.301771 0 41 1
P 19.466787 20.056168 1 5 5
P 3.760394 3.261307 0 35 5
F 2 50 1 15 21 8
F 1 5 15 7 7 1
F 1 5 2 18 6 1
F 1 5 15 7 7 2
F 1 5 2 18 6 2
F 1 5 15 7 7 3
F 1 5 2 18 6 3
F 1 5 15 7 7 4
F 1 10 21 12 3 1
F 1 5 2 18 6 4
F 1 5 15 7 7 5
F 1 10 21 12 3 2
F 1 5 2 18 6 5
go
P 11.613591 11.658737 0 119 0
P 1.290286 9.040786 2 120 5
P 21.936895 14.276689 1 5 5
P 5.648358 18.265992 0 21 4
P 17.578824 5.051482 0 21 4
P 0.000000 17.566463 0 32 2
P 23.227182 5.751012 0 32 2
P 15.996407 22.492537 0 55 5
P 7.230774 0.824938 0 60 5
P 12.096861 23.317475 0 74 5
P 11.130321 0.000000 0 74 5
P 5.905729 2.482273 0 85 1
P 17.321452 20.835201 0 38 1
P 18.286013 0.765778 0 72 3
P 4.941168 22.551697 0 72 3
P 20.106711 18.059385 1 15 5
P 3.120471 5.258090 0 9 5
P 4.594839 13.786000 0 69 2
P 18.632343 9.531475 0 0 2
P 8.801192 20.015703 0 41 1
P 14.425990 3.301771 0 41 1
P 19.466787 20.056168 1 5 5
P 3.760394 3.261307 0 35 5
F 2 50 1 15 21 7
F 1 5 15 7 7 1
F 1 5 2 18 6 1
F 1 5 15 7 7 2
F 1 5 2 18 6 2
F 1 5 15 7 7 3
F 1 5 2 18 6 3
F 1 5 15 7 7 4
F 1 10 21 12 3 1
F 1 5 2 18 6 4
F 1 5 2 18 6 5
F 1 5 21 12 3 2
go
P 11.613591 11.658737 0 119 0
P 1.290286 9.040786 2 125 5
P 21.936895 14.276689 1 5 5
P 5.648358 18.265992 0 21 4
P 17.578824 5.051482 0 21 4
P 0.000000 17.566463 0 32 2
P 23.227182 5.751012 0 32 2
P 15.996407 22.492537 0 50 5
P 7.230774 0.824938 0 60 5
P 12.096861 23.317475 0 74 5
P 11.130321 0.000000 0 74 5
P 5.905729 2.482273 0 85 1
P 17.321452 20.835201 0 28 1
P 18.286013 0.765778 0 72 3
P 4.941168 22.551697 0 72 3
P 20.106711 18.059385 1 20 5
P 3.120471 5.258090 0 9 5
P 4.594839 13.786000 0 69 2
P 18.632343 9.531475 1 5 2
P 8.801192 20.015703 0 41 1
P 14.425990 3.301771 0 41 1
P 19.466787 20.056168 1 5 5
P 3.760394 3.261307 0 35 5
F 2 50 1 15 21 6
F 1 5 15 7 7 1
F 1 5 2 18 6 1
F 1 5 15 7 7 2
F 1 5 2 18 6 2
F 1 5 15 7 7 3
F 1 5 2 18 6 3
F 1 5 2 18 6 4
F 1 5 21 12 3 1
F 1 5 2 12 9 8
F 1 5 21 12 3 2
go
P 11.613591 11.658737 0 119 0
P 1.290286 9.040786 2 130 5
P 21.936895 14.276689 1 5 5
P 5.648358 18.265992 0 21 4
P 17.578824 5.051482 0 21 4
P 0.000000 17.566463 0 32 2
P 23.227182 5.751012 0 32 2
P 15.996407 22.492537 0 45 5
P 7.230774 0.824938 0 60 5
P 12.096861 23.317475 0 74 5
P 11.130321 0.000000 0 74 5
P 5.905729 2.482273 0 85 1
P 17.321452 20.835201 0 23 1
P 18.286013 0.765778 0 72 3
P 4.941168 22.551697 0 72 3
P 20.106711 18.059385 1 25 5
P 3.120471 5.258090 0 9 5
P 4.594839 13.786000 0 69 2
P 18.632343 9.531475 1 7 2
P 8.801192 20.015703 0 41 1
P 14.425990 3.301771 0 41 1
P 19.466787 20.056168 1 5 5
P 3.760394 3.261307 0 35 5
F 2 50 1 15 21 5
F 1 5 15 7 7 1
F 1 5 2 18 6 1
F 1 5 15 7 7 2
F 1 5 2 18 6 2
F 1 5 2 18 6 3
F 1 5 2 12 9 7
F 1 5 21 12 3 1
F 1 5 2 12 9 8
F 1 5 18 4 5 4
F 1 5 21 12 3 2
go
P 11.613591 11.658737 0 119 0
P 1.290286 9.040786 2 135 5
P 21.936895 14.276689 1 5 5
P 5.648358 18.265992 0 21 4
P 17.578824 5.051482 0 21 4
P 0.000000 17.566463 0 32 2
P 23.227182 5.751012 0 32 2
P 15.996407 22.492537 0 40 5
P 7.230774 0.824938 0 60 5
P 12.096861 23.317475 0 74 5
P 11.130321 0.000000 0 74 5
P 5.905729 2.482273 0 85 1
P 17.321452 20.835201 0 18 1
P 18.286013 0.765778 0 72 3
P 4.941168 22.551697 0 72 3
P 20.106711 18.059385 1 30 5
P 3.120471 5.258090 0 9 5
P 4.594839 13.786000 0 69 2
P 18.632343 9.531475 1 7 2
P 8.801192 20.015703 0 41 1
P 14.425990 3.301771 0 41 1
P 19.466787 20.056168 1 5 5
P 3.760394 3.261307 0 35 5
F 2 50 1 15 21 4
F 1 5 15 7 7 1
F 1 5 2 18 6 1
F 1 5 2 18 6 2
F 1 5 2 12 9 6
F 1 5 2 12 9 7
F 1 5 18 4 5 3
F 1 5 21 12 3 1
F 1 7 18 4 5 4
F 1 5 2 12 9 8
F 1 5 21 12 3 2
go
P 11.613591 11.658737 0 119 0
P 1.290286 9.040786 2 140 5
P 21.936895 14.276689 1 5 5
P 5.648358 18.265992 0 21 4
P 17.578824 5.051482 0 21 4
P 0.000000 17.566463 0 32 2
P 23.227182 5.751012 0 32 2
P 15.996407 22.492537 0 35 5
P 7.230774 0.824938 0 60 5
P 12.096861 23.317475 0 74 5
P 11.130321 0.000000 0 74 5
P 5.905729 2.482273 0 85 1
P 17.321452 20.835201 0 13 1
P 18.286013 0.765778 0 72 3
P 4.941168 22.551697 0 72 3
P 20.106711 18.059385 1 35 5
P 3.120471 5.258090 0 9 5
P 4.594839 13.786000 0 69 2
P 18.632343 9.531475 1 7 2
P 8.801192 20.015703 0 41 1
P 14.425990 3.301771 0 41 1
P 19.466787 20.056168 1 5 5
P 3.760394 3.261307 0 35 5
F 2 50 1 15 21 3
F 1 5 2 18 6 1
F 1 5 2 12 9 5
F 1 5 2 12 9 6
F 1 5 18 4 5 2
F 1 7 18 4 5 3
F 1 5 2 12 9 7
F 1 5 21 12 3 1
F 1 7 18 4 5 4
F 1 5 2 12 9 8
F 1 5 21 12 3 2
go
P 11.613591 11.658737 0 119 0
P 1.290286 9.040786 2 145 5
P 21.936895 14.276689 1 5 5
P 5.648358 18.265992 0 21 4
P 17.578824 5.051482 0 21 4
P 0.000000 17.566463 0 32 2
P 23.227182 5.751012 0 32 2
P 15.996407 22.492537 0 35 5
P 7.230774 0.824938 0 60 5
P 12.096861 23.317475 0 74 5
P 11.130321 0.000000 0 74 5
P 5.905729 2.482273 0 85 1
P 17.321452 20.835201 0 8 1
P 18.286013 0.765778 0 72 3
P 4.941168 22.551697 0 72 3
P 20.106711 18.059385 1 40 5
P 3.120471 5.258090 0 9 5
P 4.594839 13.786000 0 69 2
P 18.632343 9.531475 1 7 2
P 8.801192 20.015703 0 41 1
P 14.425990 3.301771 0 41 1
P 19.466787 20.056168 1 5 5
P 3.760394 3.261307 0 35 5
F 2 50 1 15 21 2
F 1 5 2 12 9 4
F 1 5 2 12 9 5
F 1 5 18 4 5 1
F 1 7 18 4 5 2
F 1 5 2 12 9 6
F 1 7 18 4 5 3
F 1 5 2 12 9 7
F 1 5 21 12 3 1
F 1 7 18 4 5 4
F 1 5 2 12 9 8
F 1 5 21 12 3 2
go
P 11.613591 11.658737 0 119 0
P 1.290286 9.040786 2 150 5
P 21.936895 14.276689 1 5 5
P 5.648358 18.265992 0 21 4
P 17.578824 5.051482 0 16 4
P 0.000000 17.566463 0 32 2
P 23.227182 5.751012 0 32 2
P 15.996407 22.492537 0 35 5
P 7.230774 0.824938 0 60 5
P 12.096861 23.317475 0 74 5
P 11.130321 0.000000 0 74 5
P 5.905729 2.482273 0 85 1
P 17.321452 20.835201 0 3 1
P 18.286013 0.765778 0 72 3
P 4.941168 22.551697 0 72 3
P 20.106711 18.059385 1 45 5
P 3.120471 5.258090 0 9 5
P 4.594839 13.786000 0 69 2
P 18.632343 9.531475 1 2 2
P 8.801192 20.015703 0 41 1
P 14.425990 3.301771 0 41 1
P 19.466787 20.056168 1 5 5
P 3.760394 3.261307 0 35 5
F 2 50 1 15 21 1
F 1 5 2 12 9 3
F 1 5 2 12 9 4
F 1 7 18 4 5 1
F 1 5 2 12 9 5
F 1 7 18 4 5 2
F 1 5 2 12 9 6
F 1 7 18 4 5 3
F 1 5 2 12 9 7
F 1 5 21 12 3 1
F 1 7 18 4 5 4
F 1 5 2 12 9 8
F 1 5 21 12 3 2
go
P 11.613591 11.658737 0 119 0
P 1.290286 9.040786 2 155 5
P 21.936895 14.276689 1 6 5
P 5.648358 18.265992 0 21 4
P 17.578824 5.051482 0 9 4
P 0.000000 17.566463 0 32 2
P 23.227182 5.751012 0 32 2
P 15.996407 22.492537 0 35 5
P 7.230774 0.824938 0 60 5
P 12.096861 23.317475 0 74 5
P 11.130321 0.000000 0 74 5
P 5.905729 2.482273 0 85 1
P 17.321452 20.835201 1 2 1
P 18.286013 0.765778 0 72 3
P 4.941168 22.551697 0 72 3
P 20.106711 18.059385 1 0 5
P 3.120471 5.258090 0 9 5
P 4.594839 13.786000 0 69 2
P 18.632343 9.531475 1 2 2
P 8.801192 20.015703 0 41 1
P 14.425990 3.301771 0 41 1
P 19.466787 20.056168 1 6 5
P 3.760394 3.261307 0 35 5
F 1 5 2 12 9 2
F 1 5 2 12 9 3
F 1 5 2 12 9 4
F 1 7 18 4 5 1
F 1 5 2 12 9 5
F 1 7 18 4 5 2
F 1 5 2 12 9 6
F 1 7 18 4 5 3
F 1 5 2 12 9 7
F 1 5 21 12 3 1
F 1 4 2 12 9 8
F 1 4 21 12 3 2
F 1 2 18 4 5 4
go
P 11.613591 11.658737 0 119 0
P 1.290286 9.040786 2 83 5
P 21.936895 14.276689 1 11 5
P 5.648358 18.265992 0 21 4
P 17.578824 5.051482 0 2 4
P 0.000000 17.566463 0 32 2
P 23.227182 5.751012 0 32 2
P 15.996407 22.492537 0 35 5
P 7.230774 0.824938 0 60 5
P 12.096861 23.317475 0 74 5
P 11.130321 0.000000 0 74 5
P 5.905729 2.482273 0 85 1
P 17.321452 20.835201 1 8 1
P 18.286013 0.765778 0 72 3
P 4.941168 22.551697 0 72 3
P 20.106711 18.059385 1 5 5
P 3.120471 5.258090 0 9 5
P 4.594839 13.786000 0 69 2
P 18.632343 9.531475 1 4 2
P 8.801192 20.015703 0 41 1
P 14.425990 3.301771 0 41 1
P 19.466787 20.056168 1 11 5
P 3.760394 3.261307 0 35 5
F 1 5 2 12 9 1
F 1 5 2 12 9 2
F 1 5 2 12 9 3
F 1 5 2 12 9 4
F 1 7 18 4 5 1
F 1 5 2 12 9 5
F 1 7 18 4 5 2
F 1 5 2 12 9 6
F 1 4 2 12 9 7
F 1 4 21 12 3 1
F 1 2 18 4 5 3
F 2 77 1 15 21 20
go
P 11.613591 11.658737 0 119 0
P 1.290286 9.040786 2 88 5
P 21.936895 14.276689 1 5 5
P 5.648358 18.265992 0 21 4
P 17.578824 5.051482 1 5 4
P 0.000000 17.566463 0 32 2
P 23.227182 5.751012 0 32 2
P 15.996407 22.492537 0 35 5
P 7.230774 0.824938 0 60 5
P 12.096861 23.317475 0 74 5
P 11.130321 0.000000 0 74 5
P 5.905729 2.482273 0 85 1
P 17.321452 20.835201 1 10 1
P 18.286013 0.765778 0 72 3
P 4.941168 22.551697 0 72 3
P 20.106711 18.059385 1 7 5
P 3.120471 5.258090 0 9 5
P 4.594839 13.786000 0 69 2
P 18.632343 9.531475 1 3 2
P 8.801192 20.015703 0 41 1
P 14.425990 3.301771 0 41 1
P 19.466787 20.056168 1 5 5
P 3.760394 3.261307 0 35 5
F 1 5 2 12 9 1
F 1 5 2 12 9 2
F 1 5 2 12 9 3
F 1 5 2 12 9 4
F 1 7 18 4 5 1
F 1 5 2 12 9 5
F 1 4 2 12 9 6
F 1 2 18 4 5 2
F 2 77 1 15 21 19
F 1 3 2 4 11 10
F 1 8 2 6 9 8
F 1 11 21 7 5 4
F 1 8 12 7 3 2
F 1 3 15 4 14 13
F 1 3 18 4 5 4
go
P 11.613591 11.658737 0 119 0
P 1.290286 9.040786 2 93 5
P 21.936895 14.276689 1 10 5
P 5.648358 18.265992 0 21 4
P 17.578824 5.051482 1 16 4
P 0.000000 17.566463 0 32 2
P 23.227182 5.751012 0 32 2
P 15.996407 22.492537 0 35 5
P 7.230774 0.824938 0 60 5
P 12.096861 23.317475 0 74 5
P 11.130321 0.000000 0 74 5
P 5.905729 2.482273 0 85 1
P 17.321452 20.835201 1 6 1
P 18.286013 0.765778 0 72 3
P 4.941168 22.551697 0 72 3
P 20.106711 18.059385 1 12 5
P 3.120471 5.258090 0 9 5
P 4.594839 13.786000 0 69 2
P 18.632343 9.531475 1 5 2
P 8.801192 20.015703 0 41 1
P 14.425990 3.301771 0 41 1
P 19.466787 20.056168 1 10 5
P 3.760394 3.261307 0 35 5
F 1 5 2 12 9 1
F 1 5 2 12 9 2
F 1 5 2 12 9 3
F 1 5 2 12 9 4
F 1 4 2 12 9 5
F 1 2 18 4 5 1
F 2 77 1 15 21 18
F 1 3 2 4 11 9
F 1 8 2 6 9 7
F 1 11 21 7 5 3
F 1 8 12 7 3 1
F 1 3 15 4 14 12
F 1 3 18 4 5 3
F 1 10 12 7 3 2
go
P 11.613591 11.658737 0 119 0
P 1.290286 9.040786 2 98 5
P 21.936895 14.276689 1 5 5
P 5.648358 18.265992 0 21 4
P 17.578824 5.051482 1 6 4
P 0.000000 17.566463 0 32 2
P 23.227182 5.751012 0 32 2
P 15.996407 22.492537 0 27 5
P 7.230774 0.824938 0 60 5
P 12.096861 23.317475 0 74 5
P 11.130321 0.000000 0 74 5
P 5.905729 2.482273 0 85 1
P 17.321452 20.835201 1 6 1
P 18.286013 0.765778 0 72 3
P 4.941168 22.551697 0 72 3
P 20.106711 18.059385 1 5 5
P 3.120471 5.258090 0 9 5
P 4.594839 13.786000 0 69 2
P 18.632343 9.531475 1 7 2
P 8.801192 20.015703 0 41 1
P 14.425990 3.301771 0 41 1
P 19.466787 20.056168 1 5 5
P 3.760394 3.261307 0 35 5
F 1 5 2 12 9 1
F 1 5 2 12 9 2
F 1 5 2 12 9 3
F 1 4 2 12 9 4
F 2 77 1 15 21 17
F 1 3 2 4 11 8
F 1 8 2 6 9 6
F 1 11 21 7 5 2
F 1 3 15 4 14 11
F 1 3 18 4 5 2
F 1 10 12 7 3 1
F 1 16 4 20 4 3
F 1 12 15 7 7 6
F 1 10 2 6 9 8
F 1 10 21 7 5 4
F 1 6 12 7 3 2
go
P 11.613591 11.658737 0 119 0
P 1.290286 9.040786 2 103 5
P 21.936895 14.276689 1 5 5
P 5.648358 18.265992 0 21 4
P 17.578824 5.051482 1 4 4
P 0.000000 17.566463 0 32 2
P 23.227182 5.751012 0 32 2
P 15.996407 22.492537 0 17 5
P 7.230774 0.824938 0 60 5
P 12.096861 23.317475 0 74 5
P 11.130321 0.000000 0 74 5
P 5.905729 2.482273 0 85 1
P 17.321452 20.835201 1 6 1
P 18.286013 0.765778 0 72 3
P 4.941168 22.551697 0 72 3
P 20.106711 18.059385 1 5 5
P 3.120471 5.258090 0 9 5
P 4.594839 13.786000 0 69 2
P 18.632343 9.531475 1 2 2
P 8.801192 20.015703 0 41 1
P 14.425990 3.301771 0 41 1
P 19.466787 20.056168 1 10 5
P 3.760394 3.261307 0 35 5
F 1 5 2 12 9 1
F 1 5 2 12 9 2
F 1 4 2 12 9 3
F 2 77 1 15 21 16
F 1 3 2 4 11 7
F 1 8 2 6 9 5
F 1 11 21 7 5 1
F 1 3 15 4 14 10
F 1 3 18 4 5 1
F 1 16 4 20 4 2
F 1 12 15 7 7 5
F 1 10 2 6 9 7
F 1 10 21 7 5 3
F 1 6 12 7 3 1
F 1 7 18 6 6 5
F 1 6 4 20 4 3
F 1 6 12 7 3 2
F 1 5 2 6 9 8
F 1 5 15 7 7 6
go
P 11.613591 11.658737 0 119 0
P 1.290286 9.040786 2 108 5
P 21.936895 14.276689 1 10 5
P 5.648358 18.265992 0 21 4
P 17.578824 5.051482 1 11 4
P 0.000000 17.566463 0 32 2
P 23.227182 5.751012 0 32 2
P 15.996407 22.492537 0 0 5
P 7.230774 0.824938 0 60 5
P 12.096861 23.317475 0 74 5
P 11.130321 0.000000 0 74 5
P 5.905729 2.482273 0 85 1
P 17.321452 20.835201 1 12 1
P 18.286013 0.765778 0 72 3
P 4.941168 22.551697 0 72 3
P 20.106711 18.059385 1 10 5
P 3.120471 5.258090 0 9 5
P 4.594839 13.786000 0 69 2
P 18.632343 9.531475 1 4 2
P 8.801192 20.015703 0 41 1
P 14.425990 3.301771 0 41 1
P 19.466787 20.056168 1 15 5
P 3.760394 3.261307 0 35 5
F 1 5 2 12 9 1
F 1 4 2 12 9 2
F 2 77 1 15 21 15
F 1 3 2 4 11 6
F 1 8 2 6 9 4
F 1 3 15 4 14 9
F 1 16 4 20 4 1
F 1 12 15 7 7 4
F 1 10 2 6 9 6
F 1 10 21 7 5 2
F 1 7 18 6 6 4
F 1 6 4 20 4 2
F 1 6 12 7 3 1
F 1 5 2 6 9 7
F 1 5 15 7 7 5
go
P 11.613591 11.658737 0 119 0
P 1.290286 9.040786 2 113 5
P 21.936895 14.276689 1 15 5
P 5.648358 18.265992 0 21 4
P 17.578824 5.051482 1 15 4
P 0.000000 17.566463 0 32 2
P 23.227182 5.751012 0 32 2
P 15.996407 22.492537 1 6 5
P 7.230774 0.824938 0 60 5
P 12.096861 23.317475 0 74 5
P 11.130321 0.000000 0 74 5
P 5.905729 2.482273 0 85 1
P 17.321452 20.835201 1 18 1
P 18.286013 0.765778 0 72 3
P 4.941168 22.551697 0 72 3
P 20.106711 18.059385 1 15 5
P 3.120471 5.258090 0 9 5
P 4.594839 13.786000 0 69 2
P 18.632343 9.531475 1 6 2
P 8.801192 20.015703 0 41 1
P 14.425990 3.301771 0 25 1
P 19.466787 20.056168 1 20 5
P 3.760394 3.261307 0 35 5
F 1 4 2 12 9 1
F 2 77 1 15 21 14
F 1 3 2 4 11 5
F 1 8 2 6 9 3
F 1 3 15 4 14 8
F 1 12 15 7 7 3
F 1 10 2 6 9 5
F 1 10 21 7 5 1
F 1 7 18 6 6 3
F 1 6 4 20 4 1
F 1 5 2 6 9 6
F 1 5 15 7 7 4
go
P 11.613591 11.658737 0 119 0
P 1.290286 9.040786 2 118 5
P 21.936895 14.276689 1 20 5
P 5.648358 18.265992 0 21 4
P 17.578824 5.051482 1 19 4
P 0.000000 17.566463 0 32 2
P 23.227182 5.751012 0 32 2
P 15.996407 22.492537 1 21 5
P 7.230774 0.824938 0 60 5
P 12.096861 23.317475 0 74 5
P 11.130321 0.000000 0 74 5
P 5.905729 2.482273 0 85 1
P 17.321452 20.835201 1 23 1
P 18.286013 0.765778 0 72 3
P 4.941168 22.551697 0 72 3
P 20.106711 18.059385 1 20 5
P 3.120471 5.258090 0 9 5
P 4.594839 13.786000 0 69 2
P 18.632343 9.531475 1 8 2
P 8.801192 20.015703 0 41 1
P 14.425990 3.301771 0 19 1
P 19.466787 20.056168 1 25 5
P 3.760394 3.261307 0 35 5
F 2 77 1 15 21 13
F 1 3 2 4 11 4
F 1 8 2 6 9 2
F 1 3 15 4 14 7
F 1 12 15 7 7 2
F 1 10 2 6 9 4
F 1 7 18 6 6 2
F 1 5 2 6 9 5
F 1 5 15 7 7 3
go
P 11.613591 11.658737 0 119 0
P 1.290286 9.040786 2 123 5
P 21.936895 14.276689 1 5 5
P 5.648358 18.265992 0 21 4
P 17.578824 5.051482 1 23 4
P 0.000000 17.566463 0 32 2
P 23.227182 5.751012 0 32 2
P 15.996407 22.492537 1 5 5
P 7.230774 0.824938 0 60 5
P 12.096861 23.317475 0 74 5
P 11.130321 0.000000 0 74 5
P 5.905729 2.482273 0 85 1
P 17.321452 20.835201 1 2 1
P 18.286013 0.765778 0 72 3
P 4.941168 22.551697 0 72 3
P 20.106711 18.059385 1 17 5
P 3.120471 5.258090 0 9 5
P 4.594839 13.786000 0 69 2
P 18.632343 9.531475 1 10 2
P 8.801192 20.015703 0 41 1
P 14.425990 3.301771 0 19 1
P 19.466787 20.056168 1 8 5
P 3.760394 3.261307 0 35 5
F 2 77 1 15 21 12
F 1 3 2 4 11 3
F 1 8 2 6 9 1
F 1 3 15 4 14 6
F 1 12 15 7 7 1
F 1 10 2 6 9 3
F 1 7 18 6 6 1
F 1 5 2 6 9 4
F 1 5 15 7 7 2
F 1 22 21 3 14 13
F 1 22 12 3 12 11
F 1 21 7 9 4 3
F 1 20 2 20 14 13
F 1 8 15 9 10 9
go
P 11.613591 11.658737 0 119 0
P 1.290286 9.040786 2 128 5
P 21.936895 14.276689 1 5 5
P 5.648358 18.265992 0 21 4
P 17.578824 5.051482 1 7 4
P 0.000000 17.566463 0 32 2
P 23.227182 5.751012 0 17 2
P 15.996407 22.492537 1 22 5
P 7.230774 0.824938 0 60 5
P 12.096861 23.317475 0 74 5
P 11.130321 0.000000 0 74 5
P 5.905729 2.482273 0 85 1
P 17.321452 20.835201 1 3 1
P 18.286013 0.765778 0 72 3
P 4.941168 22.551697 0 72 3
P 20.106711 18.059385 1 22 5
P 3.120471 5.258090 0 9 5
P 4.594839 13.786000 0 69 2
P 18.632343 9.531475 1 2 2
P 8.801192 20.015703 0 41 1
P 14.425990 3.301771 0 19 1
P 19.466787 20.056168 1 5 5
P 3.760394 3.261307 0 35 5
F 2 77 1 15 21 11
F 1 3 2 4 11 2
F 1 3 15 4 14 5
F 1 10 2 6 9 2
F 1 5 2 6 9 3
F 1 5 15 7 7 1
F 1 22 21 3 14 12
F 1 22 12 3 12 10
F 1 21 7 9 4 2
F 1 20 2 20 14 12
F 1 8 15 9 10 8
F 1 20 4 20 4 3
F 1 10 18 6 6 5
F 1 8 21 9 9 8
F 1 5 2 6 9 8
go
P 11.613591 11.658737 0 119 0
P 1.290286 9.040786 2 133 5
P 21.936895 14.276689 1 5 5
P 5.648358 18.265992 0 21 4
P 17.578824 5.051482 1 4 4
P 0.000000 17.566463 0 32 2
P 23.227182 5.751012 0 17 2
P 15.996407 22.492537 1 10 5
P 7.230774 0.824938 0 60 5
P 12.096861 23.317475 0 74 5
P 11.130321 0.000000 0 74 5
P 5.905729 2.482273 0 85 1
P 17.321452 20.835201 1 4 1
P 18.286013 0.765778 0 72 3
P 4.941168 22.551697 0 72 3
P 20.106711 18.059385 1 27 5
P 3.120471 5.258090 0 9 5
P 4.594839 13.786000 0 69 2
P 18.632343 9.531475 1 4 2
P 8.801192 20.015703 0 41 1
P 14.425990 3.301771 0 19 1
P 19.466787 20.056168 1 5 5
P 3.760394 3.261307 0 35 5
F 2 77 1 15 21 10
F 1 3 2 4 11 1
F 1 3 15 4 14 4
F 1 10 2 6 9 1
F 1 5 2 6 9 2
F 1 22 21 3 14 11
F 1 22 12 3 12 9
F 1 21 7 9 4 1
F 1 20 2 20 14 11
F 1 8 15 9 10 7
F 1 20 4 20 4 2
F 1 10 18 6 6 4
F 1 8 21 9 9 7
F 1 5 2 6 9 7
F 1 22 7 3 12 11
F 1 7 4 20 4 3
F 1 5 2 6 9 8
F 1 5 21 9 9 8
go
P 11.613591 11.658737 0 119 0
P 1.290286 9.040786 2 138 5
P 21.936895 14.276689 1 5 5
P 5.648358 18.265992 0 21 4
P 17.578824 5.051482 1 7 4
P 0.000000 17.566463 0 32 2
P 23.227182 5.751012 0 7 2
P 15.996407 22.492537 1 5 5
P 7.230774 0.824938 0 60 5
P 12.096861 23.317475 0 53 5
P 11.130321 0.000000 0 74 5
P 5.905729 2.482273 0 85 1
P 17.321452 20.835201 1 5 1
P 18.286013 0.765778 0 72 3
P 4.941168 22.551697 0 72 3
P 20.106711 18.059385 1 32 5
P 3.120471 5.258090 0 9 5
P 4.594839 13.786000 0 69 2
P 18.632343 9.531475 1 6 2
P 8.801192 20.015703 0 41 1
P 14.425990 3.301771 0 19 1
P 19.466787 20.056168 1 5 5
P 3.760394 3.261307 0 35 5
F 2 77 1 15 21 9
F 1 3 15 4 14 3
F 1 5 2 6 9 1
F 1 22 21 3 14 10
F 1 22 12 3 12 8
F 1 20 2 20 14 10
F 1 8 15 9 10 6
F 1 20 4 20 4 1
F 1 10 18 6 6 3
F 1 8 21 9 9 6
F 1 5 2 6 9 6
F 1 22 7 3 12 10
F 1 7 4 20 4 2
F 1 5 2 6 9 7
F 1 5 21 9 9 7
F 1 10 7 9 4 3
F 1 5 2 6 9 8
F 1 5 21 9 9 8
F 1 4 4 20 4 3
go
P 11.613591 11.658737 0 119 0
P 1.290286 9.040786 2 143 5
P 21.936895 14.276689 1 5 5
P 5.648358 18.265992 0 21 4
P 17.578824 5.051482 1 4 4
P 0.000000 17.566463 0 32 2
P 23.227182 5.751012 0 2 2
P 15.996407 22.492537 1 5 5
P 7.230774 0.824938 0 60 5
P 12.096861 23.317475 0 53 5
P 11.130321 0.000000 0 74 5
P 5.905729 2.482273 0 85 1
P 17.321452 20.835201 1 6 1
P 18.286013 0.765778 0 72 3
P 4.941168 22.551697 0 72 3
P 20.106711 18.059385 1 37 5
P 3.120471 5.258090 0 9 5
P 4.594839 13.786000 0 69 2
P 18.632343 9.531475 1 2 2
P 8.801192 20.015703 0 41 1
P 14.425990 3.301771 1 1 1
P 19.466787 20.056168 1 10 5
P 3.760394 3.261307 0 35 5
F 2 77 1 15 21 8
F 1 3 15 4 14 2
F 1 22 21 3 14 9
F 1 22 12 3 12 7
F 1 20 2 20 14 9
F 1 8 15 9 10 5
F 1 10 18 6 6 2
F 1 8 21 9 9 5
F 1 5 2 6 9 5
F 1 22 7 3 12 9
F 1 7 4 20 4 1
F 1 5 2 6 9 6
F 1 5 21 9 9 6
F 1 10 7 9 4 2
F 1 5 2 6 9 7
F 1 5 21 9 9 7
F 1 4 4 20 4 2
F 1 7 4 20 4 3
F 1 6 18 6 6 5
F 1 5 2 6 9 8
F 1 5 7 9 4 3
go
P 11.613591 11.658737 0 119 0
P 1.290286 9.040786 2 148 5
P 21.936895 14.276689 1 7 5
P 5.648358 18.265992 0 21 4
P 17.578824 5.051482 1 8 4
P 0.000000 17.566463 0 32 2
P 23.227182 5.751012 0 2 2
P 15.996407 22.492537 1 5 5
P 7.230774 0.824938 0 60 5
P 12.096861 23.317475 0 53 5
P 11.130321 0.000000 0 74 5
P 5.905729 2.482273 0 85 1
P 17.321452 20.835201 1 1 1
P 18.286013 0.765778 0 72 3
P 4.941168 22.551697 0 72 3
P 20.106711 18.059385 1 42 5
P 3.120471 5.258090 0 9 5
P 4.594839 13.786000 0 69 2
P 18.632343 9.531475 1 4 2
P 8.801192 20.015703 0 41 1
P 14.425990 3.301771 1 9 1
P 19.466787 20.056168 1 5 5
P 3.760394 3.261307 0 35 5
F 2 77 1 15 21 7
F 1 3 15 4 14 1
F 1 22 21 3 14 8
F 1 22 12 3 12 6
F 1 20 2 20 14 8
F 1 8 15 9 10 4
F 1 10 18 6 6 1
F 1 8 21 9 9 4
F 1 5 2 6 9 4
F 1 22 7 3 12 8
F 1 5 2 6 9 5
F 1 5 21 9 9 5
F 1 10 7 9 4 1
F 1 5 2 6 9 6
F 1 5 21 9 9 6
F 1 4 4 20 4 1
F 1 7 4 20 4 2
F 1 6 18 6 6 4
F 1 5 2 6 9 7
F 1 5 7 9 4 2
F 1 3 21 6 15 14
F 1 7 21 9 9 8
F 1 6 12 9 6 5
F 1 3 2 6 9 8
F 1 5 7 9 4 3
go
P 11.613591 11.658737 0 119 0
P 1.290286 9.040786 2 153 5
P 21.936895 14.276689 1 9 5
P 5.648358 18.265992 0 21 4
P 17.578824 5.051482 1 7 4
P 0.000000 17.566463 0 32 2
P 23.227182 5.751012 1 8 2
P 15.996407 22.492537 1 5 5
P 7.230774 0.824938 0 60 5
P 12.096861 23.317475 0 43 5
P 11.130321 0.000000 0 74 5
P 5.905729 2.482273 0 85 1
P 17.321452 20.835201 1 2 1
P 18.286013 0.765778 0 72 3
P 4.941168 22.551697 0 72 3
P 20.106711 18.059385 1 47 5
P 3.120471 5.258090 0 9 5
P 4.594839 13.786000 0 69 2
P 18.632343 9.531475 1 6 2
P 8.801192 20.015703 0 41 1
P 14.425990 3.301771 1 5 1
P 19.466787 20.056168 1 10 5
P 3.760394 3.261307 0 35 5
F 2 77 1 15 21 6
F 1 22 21 3 14 7
F 1 22 12 3 12 5
F 1 20 2 20 14 7
F 1 8 15 9 10 3
F 1 8 21 9 9 3
F 1 5 2 6 9 3
F 1 22 7 3 12 7
F 1 5 2 6 9 4
F 1 5 21 9 9 4
F 1 5 2 6 9 5
F 1 5 21 9 9 5
F 1 7 4 20 4 1
F 1 6 18 6 6 3
F 1 5 2 6 9 6
F 1 5 7 9 4 1
F 1 3 21 6 15 13
F 1 7 21 9 9 7
F 1 6 12 9 6 4
F 1 3 2 6 9 7
F 1 5 7 9 4 2
F 1 3 20 6 10 9
F 1 6 20 10 5 4
F 1 3 4 6 6 5
F 1 5 4 13 5 4
F 1 3 2 6 9 8
F 1 5 7 9 4 3
go
P 11.613591 11.658737 0 119 0
P 1.290286 9.040786 2 158 5
P 21.936895 14.276689 1 5 5
P 5.648358 18.265992 0 21 4
P 17.578824 5.051482 1 4 4
P 0.000000 17.566463 0 32 2
P 23.227182 5.751012 1 2 2
P 15.996407 22.492537 1 10 5
P 7.230774 0.824938 0 60 5
P 12.096861 23.317475 0 38 5
P 11.130321 0.000000 0 74 5
P 5.905729 2.482273 0 85 1
P 17.321452 20.835201 1 3 1
P 18.286013 0.765778 0 72 3
P 4.941168 22.551697 0 72 3
P 20.106711 18.059385 1 52 5
P 3.120471 5.258090 0 9 5
P 4.594839 13.786000 0 69 2
P 18.632343 9.531475 1 8 2
P 8.801192 20.015703 0 41 1
P 14.425990 3.301771 1 13 1
P 19.466787 20.056168 1 5 5
P 3.760394 3.261307 0 35 5
F 2 77 1 15 21 5
F 1 22 21 3 14 6
F 1 22 12 3 12 4
F 1 20 2 20 14 6
F 1 8 15 9 10 2
F 1 8 21 9 9 2
F 1 5 2 6 9 2
F 1 22 7 3 12 6
F 1 5 2 6 9 3
F 1 5 21 9 9 3
F 1 5 2 6 9 4
F 1 5 21 9 9 4
F 1 6 18 6 6 2
F 1 5 2 6 9 5
F 1 3 21 6 15 12
F 1 7 21 9 9 6
F 1 6 12 9 6 3
F 1 3 2 6 9 6
F 1 5 7 9 4 1
F 1 3 20 6 10 8
F 1 6 20 10 5 3
F 1 3 4 6 6 4
F 1 5 4 13 5 3
F 1 3 2 6 9 7
F 1 5 7 9 4 2
F 1 10 21 9 9 8
F 1 9 2 0 11 10
F 1 8 6 13 8 7
F 1 7 4 13 5 4
go
P 11.613591 11.658737 0 119 0
P 1.290286 9.040786 2 163 5
P 21.936895 14.276689 1 5 5
P 5.648358 18.265992 0 21 4
P 17.578824 5.051482 1 8 4
P 0.000000 17.566463 0 32 2
P 23.227182 5.751012 1 4 2
P 15.996407 22.492537 1 5 5
P 7.230774 0.824938 0 60 5
P 12.096861 23.317475 0 33 5
P 11.130321 0.000000 0 74 5
P 5.905729 2.482273 0 85 1
P 17.321452 20.835201 1 4 1
P 18.286013 0.765778 0 72 3
P 4.941168 22.551697 0 72 3
P 20.106711 18.059385 1 57 5
P 3.120471 5.258090 0 9 5
P 4.594839 13.786000 0 69 2
P 18.632343 9.531475 1 2 2
P 8.801192 20.015703 0 41 1
P 14.425990 3.301771 1 4 1
P 19.466787 20.056168 1 10 5
P 3.760394 3.261307 0 35 5
F 2 77 1 15 21 4
F 1 22 21 3 14 5
F 1 22 12 3 12 3
F 1 20 2 20 14 5
F 1 8 15 9 10 1
F 1 8 21 9 9 1
F 1 5 2 6 9 1
F 1 22 7 3 12 5
F 1 5 2 6 9 2
F 1 5 21 9 9 2
F 1 5 2 6 9 3
F 1 5 21 9 9 3
F 1 6 18 6 6 1
F 1 5 2 6 9 4
F 1 3 21 6 15 11
F 1 7 21 9 9 5
F 1 6 12 9 6 2
F 1 3 2 6 9 5
F 1 3 20 6 10 7
F 1 6 20 10 5 2
F 1 3 4 6 6 3
F 1 5 4 13 5 2
F 1 3 2 6 9 6
F 1 5 7 9 4 1
F 1 10 21 9 9 7
F 1 9 2 0 11 9
F 1 8 6 13 8 6
F 1 7 4 13 5 3
F 1 10 20 16 12 11
F 1 10 7 9 4 3
F 1 8 18 0 8 7
F 1 5 2 0 11 10
go
P 11.613591 11.658737 0 119 0
P 1.290286 9.040786 2 168 5
P 21.936895 14.276689 1 5 5
P 5.648358 18.265992 0 21 4
P 17.578824 5.051482 1 4 4
P 0.000000 17.566463 0 32 2
P 23.227182 5.751012 1 17 2
P 15.996407 22.492537 1 5 5
P 7.230774 0.824938 0 60 5
P 12.096861 23.317475 0 12 5
P 11.130321 0.000000 0 74 5
P 5.905729 2.482273 0 85 1
P 17.321452 20.835201 1 5 1
P 18.286013 0.765778 0 72 3
P 4.941168 22.551697 0 72 3
P 20.106711 18.059385 1 62 5
P 3.120471 5.258090 0 9 5
P 4.594839 13.786000 0 69 2
P 18.632343 9.531475 1 4 2
P 8.801192 20.015703 0 41 1
P 14.425990 3.301771 1 5 1
P 19.466787 20.056168 1 5 5
P 3.760394 3.261307 0 35 5
F 2 77 1 15 21 3
F 1 22 21 3 14 4
F 1 22 12 3 12 2
F 1 20 2 20 14 4
F 1 22 7 3 12 4
F 1 5 2 6 9 1
F 1 5 21 9 9 1
F 1 5 2 6 9 2
F 1 5 21 9 9 2
F 1 5 2 6 9 3
F 1 3 21 6 15 10
F 1 7 21 9 9 4
F 1 6 12 9 6 1
F 1 3 2 6 9 4
F 1 3 20 6 10 6
F 1 6 20 10 5 1
F 1 3 4 6 6 2
F 1 5 4 13 5 1
F 1 3 2 6 9 5
F 1 10 21 9 9 6
F 1 9 2 0 11 8
F 1 8 6 13 8 5
F 1 7 4 13 5 2
F 1 10 20 16 12 10
F 1 10 7 9 4 2
F 1 8 18 0 8 6
F 1 5 2 0 11 9
F 1 10 21 9 9 8
F 1 8 4 13 5 4
F 1 5 2 0 11 10
F 1 5 7 9 4 3
go
P 11.613591 11.658737 0 119 0
P 1.290286 9.040786 2 173 5
P 21.936895 14.276689 1 5 5
P 5.648358 18.265992 0 21 4
P 17.578824 5.051482 1 8 4
P 0.000000 17.566463 0 32 2
P 23.227182 5.751012 1 7 2
P 15.996407 22.492537 1 5 5
P 7.230774 0.824938 0 60 5
P 12.096861 23.317475 0 1 5
P 11.130321 0.000000 0 68 5
P 5.905729 2.482273 0 85 1
P 17.321452 20.835201 1 1 1
P 18.286013 0.765778 0 67 3
P 4.941168 22.551697 0 72 3
P 20.106711 18.059385 1 67 5
P 3.120471 5.258090 0 9 5
P 4.594839 13.786000 0 69 2
P 18.632343 9.531475 1 6 2
P 8.801192 20.015703 0 41 1
P 14.425990 3.301771 1 6 1
P 19.466787 20.056168 1 10 5
P 3.760394 3.261307 0 35 5
F 2 77 1 15 21 2
F 1 22 21 3 14 3
F 1 22 12 3 12 1
F 1 20 2 20 14 3
F 1 22 7 3 12 3
F 1 5 2 6 9 1
F 1 5 21 9 9 1
F 1 5 2 6 9 2
F 1 3 21 6 15 9
F 1 7 21 9 9 3
F 1 3 2 6 9 3
F 1 3 20 6 10 5
F 1 3 4 6 6 1
F 1 3 2 6 9 4
F 1 10 21 9 9 5
F 1 9 2 0 11 7
F 1 8 6 13 8 4
F 1 7 4 13 5 1
F 1 10 20 16 12 9
F 1 10 7 9 4 1
F 1 8 18 0 8 5
F 1 5 2 0 11 8
F 1 10 21 9 9 7
F 1 8 4 13 5 3
F 1 5 2 0 11 9
F 1 5 7 9 4 2
F 1 17 6 13 8 7
F 1 5 2 0 11 10
F 1 5 7 9 4 3
F 1 5 12 9 6 5
go
P 11.613591 11.658737 0 119 0
P 1.290286 9.040786 2 178 5
P 21.936895 14.276689 1 10 5
P 5.648358 18.265992 1 1 4
P 17.578824 5.051482 1 4 4
P 0.000000 17.566463 0 32 2
P 23.227182 5.751012 1 10 2
P 15.996407 22.492537 1 10 5
P 7.230774 0.824938 0 60 5
P 12.096861 23.317475 1 14 5
P 11.130321 0.000000 0 68 5
P 5.905729 2.482273 0 85 1
P 17.321452 20.835201 1 2 1
P 18.286013 0.765778 0 60 3
P 4.941168 22.551697 0 72 3
P 20.106711 18.059385 1 72 5
P 3.120471 5.258090 0 9 5
P 4.594839 13.786000 0 69 2
P 18.632343 9.531475 1 6 2
P 8.801192 20.015703 0 41 1
P 14.425990 3.301771 1 7 1
P 19.466787 20.056168 1 5 5
P 3.760394 3.261307 0 35 5
F 2 77 1 15 21 1
F 1 22 21 3 14 2
F 1 20 2 20 14 2
F 1 22 7 3 12 2
F 1 5 2 6 9 1
F 1 3 21 6 15 8
F 1 7 21 9 9 2
F 1 3 2 6 9 2
F 1 3 20 6 10 4
F 1 3 2 6 9 3
F 1 10 21 9 9 4
F 1 9 2 0 11 6
F 1 8 6 13 8 3
F 1 10 20 16 12 8
F 1 8 18 0 8 4
F 1 5 2 0 11 7
F 1 10 21 9 9 6
F 1 8 4 13 5 2
F 1 5 2 0 11 8
F 1 5 7 9 4 1
F 1 17 6 13 8 6
F 1 5 2 0 11 9
F 1 5 7 9 4 2
F 1 5 12 9 6 4
F 1 2 21 9 9 8
F 1 8 21 19 11 10
F 1 8 4 13 5 4
F 1 7 6 13 8 7
F 1 2 18 9 16 15
go
P 11.613591 11.658737 0 119 0
P 1.290286 9.040786 2 183 5
P 21.936895 14.276689 1 5 5
P 5.648358 18.265992 1 5 4
P 17.578824 5.051482 1 8 4
P 0.000000 17.566463 0 32 2
P 23.227182 5.751012 1 7 2
P 15.996407 22.492537 1 5 5
P 7.230774 0.824938 0 60 5
P 12.096861 23.317475 1 10 5
P 11.130321 0.000000 0 68 5
P 5.905729 2.482273 0 85 1
P 17.321452 20.835201 1 3 1
P 18.286013 0.765778 0 60 3
P 4.941168 22.551697 0 72 3
P 20.106711 18.059385 1 0 5
P 3.120471 5.258090 0 9 5
P 4.594839 13.786000 0 69 2
P 18.632343 9.531475 1 8 2
P 8.801192 20.015703 0 41 1
P 14.425990 3.301771 1 8 1
P 19.466787 20.056168 1 10 5
P 3.760394 3.261307 0 35 5
F 1 22 21 3 14 1
F 1 20 2 20 14 1
F 1 22 7 3 12 1
F 1 3 21 6 15 7
F 1 7 21 9 9 1
F 1 3 2 6 9 1
F 1 3 20 6 10 3
F 1 3 2 6 9 2
F 1 10 21 9 9 3
F 1 9 2 0 11 5
F 1 8 6 13 8 2
F 1 10 20 16 12 7
F 1 8 18 0 8 3
F 1 5 2 0 11 6
F 1 10 21 9 9 5
F 1 8 4 13 5 1
F 1 5 2 0 11 7
F 1 17 6 13 8 5
F 1 5 2 0 11 8
F 1 5 7 9 4 1
F 1 5 12 9 6 3
F 1 2 21 9 9 7
F 1 8 21 19 11 9
F 1 8 4 13 5 3
F 1 7 6 13 8 6
F 1 2 18 9 16 14
F 1 14 9 19 5 4
F 1 10 2 0 11 10
F 1 10 6 13 8 7
F 1 10 7 19 8 7
go
P 11.613591 11.658737 0 119 0
P 1.290286 9.040786 2 97 5
P 21.936895 14.276689 1 10 5
P 5.648358 18.265992 1 53 4
P 17.578824 5.051482 1 4 4
P 0.000000 17.566463 0 32 2
P 23.227182 5.751012 1 12 2
P 15.996407 22.492537 1 10 5
P 7.230774 0.824938 0 60 5
P 12.096861 23.317475 1 17 5
P 11.130321 0.000000 0 68 5
P 5.905729 2.482273 0 85 1
P 17.321452 20.835201 1 4 1
P 18.286013 0.765778 0 52 3
P 4.941168 22.551697 0 72 3
P 20.106711 18.059385 1 5 5
P 3.120471 5.258090 0 9 5
P 4.594839 13.786000 0 69 2
P 18.632343 9.531475 1 2 2
P 8.801192 20.015703 0 41 1
P 14.425990 3.301771 1 21 1
P 19.466787 20.056168 1 5 5
P 3.760394 3.261307 0 35 5
F 1 3 21 6 15 6
F 1 3 20 6 10 2
F 1 3 2 6 9 1
F 1 10 21 9 9 2
F 1 9 2 0 11 4
F 1 8 6 13 8 1
F 1 10 20 16 12 6
F 1 8 18 0 8 2
F 1 5 2 0 11 5
F 1 10 21 9 9 4
F 1 5 2 0 11 6
F 1 17 6 13 8 4
F 1 5 2 0 11 7
F 1 5 12 9 6 2
F 1 2 21 9 9 6
F 1 8 21 19 11 8
F 1 8 4 13 5 2
F 1 7 6 13 8 5
F 1 2 18 9 16 13
F 1 14 9 19 5 3
F 1 10 2 0 11 9
F 1 10 6 13 8 6
F 1 10 7 19 8 6
F 2 91 1 15 21 20
F 1 10 9 19 5 4
F 1 10 21 19 11 10
F 1 8 4 13 5 4
F 1 8 18 0 8 7
F 1 8 20 10 5 4
go
P 11.613591 11.658737 0 119 0
P 1.290286 9.040786 2 102 5
P 21.936895 14.276689 1 5 5
P 5.648358 18.265992 1 4 4
P 17.578824 5.051482 1 8 4
P 0.000000 17.566463 0 32 2
P 23.227182 5.751012 1 5 2
P 15.996407 22.492537 1 15 5
P 7.230774 0.824938 0 60 5
P 12.096861 23.317475 1 5 5
P 11.130321 0.000000 0 68 5
P 5.905729 2.482273 0 85 1
P 17.321452 20.835201 1 5 1
P 18.286013 0.765778 0 44 3
P 4.941168 22.551697 0 72 3
P 20.106711 18.059385 1 10 5
P 3.120471 5.258090 0 9 5
P 4.594839 13.786000 0 69 2
P 18.632343 9.531475 1 4 2
P 8.801192 20.015703 0 41 1
P 14.425990 3.301771 1 1 1
P 19.466787 20.056168 1 10 5
P 3.760394 3.261307 0 35 5
F 1 3 21 6 15 5
F 1 3 20 6 10 1
F 1 10 21 9 9 1
F 1 9 2 0 11 3
F 1 10 20 16 12 5
F 1 8 18 0 8 1
F 1 5 2 0 11 4
F 1 10 21 9 9 3
F 1 5 2 0 11 5
F 1 17 6 13 8 3
F 1 5 2 0 11 6
F 1 5 12 9 6 1
F 1 2 21 9 9 5
F 1 8 21 19 11 7
F 1 8 4 13 5 1
F 1 7 6 13 8 4
F 1 2 18 9 16 12
F 1 14 9 19 5 2
F 1 10 2 0 11 8
F 1 10 6 13 8 5
F 1 10 7 19 8 5
F 2 91 1 15 21 19
F 1 10 9 19 5 3
F 1 10 21 19 11 9
F 1 8 4 13 5 3
F 1 8 18 0 8 6
F 1 8 20 10 5 3
F 1 33 3 5 6 5
F 1 20 3 19 4 3
F 1 10 20 16 12 11
F 1 11 20 13 5 4
F 1 17 9 19 5 4
F 1 12 6 13 8 7
F 1 10 2 0 11 10
go
P 11.613591 11.658737 0 111 0
P 1.290286 9.040786 2 107 5
P 21.936895 14.276689 1 10 5
P 5.648358 18.265992 1 8 4
P 17.578824 5.051482 1 12 4
P 0.000000 17.566463 0 32 2
P 23.227182 5.751012 1 10 2
P 15.996407 22.492537 1 20 5
P 7.230774 0.824938 0 60 5
P 12.096861 23.317475 1 25 5
P 11.130321 0.000000 0 68 5
P 5.905729 2.482273 0 85 1
P 17.321452 20.835201 1 6 1
P 18.286013 0.765778 0 36 3
P 4.941168 22.551697 0 72 3
P 20.106711 18.059385 1 15 5
P 3.120471 5.258090 0 9 5
P 4.594839 13.786000 0 69 2
P 18.632343 9.531475 1 6 2
P 8.801192 20.015703 0 41 1
P 14.425990 3.301771 1 2 1
P 19.466787 20.056168 1 15 5
P 3.760394 3.261307 0 35 5
F 1 3 21 6 15 4
F 1 9 2 0 11 2
F 1 10 20 16 12 4
F 1 5 2 0 11 3
F 1 10 21 9 9 2
F 1 5 2 0 11 4
F 1 17 6 13 8 2
F 1 5 2 0 11 5
F 1 2 21 9 9 4
F 1 8 21 19 11 6
F 1 7 6 13 8 3
F 1 2 18 9 16 11
F 1 14 9 19 5 1
F 1 10 2 0 11 7
F 1 10 6 13 8 4
F 1 10 7 19 8 4
F 2 91 1 15 21 18
F 1 10 9 19 5 2
F 1 10 21 19 11 8
F 1 8 4 13 5 2
F 1 8 18 0 8 5
F 1 8 20 10 5 2
F 1 33 3 5 6 4
F 1 20 3 19 4 2
F 1 10 20 16 12 10
F 1 11 20 13 5 3
F 1 17 9 19 5 3
F 1 12 6 13 8 6
F 1 10 2 0 11 9
go
P 11.613591 11.658737 0 111 0
P 1.290286 9.040786 2 112 5
P 21.936895 14.276689 1 15 5
P 5.648358 18.265992 1 12 4
P 17.578824 5.051482 1 4 4
P 0.000000 17.566463 0 32 2
P 23.227182 5.751012 1 12 2
P 15.996407 22.492537 1 5 5
P 7.230774 0.824938 0 60 5
P 12.096861 23.317475 1 5 5
P 11.130321 0.000000 0 68 5
P 5.905729 2.482273 0 85 1
P 17.321452 20.835201 1 7 1
P 18.286013 0.765778 0 36 3
P 4.941168 22.551697 0 72 3
P 20.106711 18.059385 1 6 5
P 3.120471 5.258090 0 9 5
P 4.594839 13.786000 0 69 2
P 18.632343 9.531475 1 8 2
P 8.801192 20.015703 0 27 1
P 14.425990 3.301771 1 3 1
P 19.466787 20.056168 1 5 5
P 3.760394 3.261307 0 35 5
F 1 3 21 6 15 3
F 1 9 2 0 11 1
F 1 10 20 16 12 3
F 1 5 2 0 11 2
F 1 10 21 9 9 1
F 1 5 2 0 11 3
F 1 17 6 13 8 1
F 1 5 2 0 11 4
F 1 2 21 9 9 3
F 1 8 21 19 11 5
F 1 7 6 13 8 2
F 1 2 18 9 16 10
F 1 10 2 0 11 6
F 1 10 6 13 8 3
F 1 10 7 19 8 3
F 2 91 1 15 21 17
F 1 10 9 19 5 1
F 1 10 21 19 11 7
F 1 8 4 13 5 1
F 1 8 18 0 8 4
F 1 8 20 10 5 1
F 1 33 3 5 6 3
F 1 20 3 19 4 1
F 1 10 20 16 12 9
F 1 11 20 13 5 2
F 1 17 9 19 5 2
F 1 12 6 13 8 5
F 1 10 2 0 11 8
F 1 25 9 19 5 4
F 1 20 7 19 8 7
F 1 14 15 19 12 11
F 1 15 21 19 11 10
F 1 12 4 13 5 4
go
P 11.613591 11.658737 0 102 0
P 1.290286 9.040786 2 117 5
P 21.936895 14.276689 1 5 5
P 5.648358 18.265992 1 6 4
P 17.578824 5.051482 1 8 4
P 0.000000 17.566463 0 32 2
P 23.227182 5.751012 1 2 2
P 15.996407 22.492537 1 10 5
P 7.230774 0.824938 0 60 5
P 12.096861 23.317475 1 20 5
P 11.130321 0.000000 0 60 5
P 5.905729 2.482273 0 85 1
P 17.321452 20.835201 1 1 1
P 18.286013 0.765778 0 11 3
P 4.941168 22.551697 0 72 3
P 20.106711 18.059385 1 11 5
P 3.120471 5.258090 0 9 5
P 4.594839 13.786000 0 69 2
P 18.632343 9.531475 1 2 2
P 8.801192 20.015703 1 3 1
P 14.425990 3.301771 1 4 1
P 19.466787 20.056168 1 10 5
P 3.760394 3.261307 0 35 5
F 1 3 21 6 15 2
F 1 10 20 16 12 2
F 1 5 2 0 11 1
F 1 5 2 0 11 2
F 1 5 2 0 11 3
F 1 2 21 9 9 2
F 1 8 21 19 11 4
F 1 7 6 13 8 1
F 1 2 18 9 16 9
F 1 10 2 0 11 5
F 1 10 6 13 8 2
F 1 10 7 19 8 2
F 2 91 1 15 21 16
F 1 10 21 19 11 6
F 1 8 18 0 8 3
F 1 33 3 5 6 2
F 1 10 20 16 12 8
F 1 11 20 13 5 1
F 1 17 9 19 5 1
F 1 12 6 13 8 4
F 1 10 2 0 11 7
F 1 25 9 19 5 3
F 1 20 7 19 8 6
F 1 14 15 19 12 10
F 1 15 21 19 11 9
F 1 12 4 13 5 3
F 1 15 2 0 11 10
F 1 10 3 16 14 13
F 1 12 6 13 8 7
F 1 8 18 13 9 8
F 1 7 12 19 9 8
go
P 11.613591 11.658737 0 97 0
P 1.290286 9.040786 2 122 5
P 21.936895 14.276689 1 10 5
P 5.648358 18.265992 1 10 4
P 17.578824 5.051482 1 12 4
P 0.000000 17.566463 0 32 2
P 23.227182 5.751012 1 4 2
P 15.996407 22.492537 1 15 5
P 7.230774 0.824938 0 60 5
P 12.096861 23.317475 1 25 5
P 11.130321 0.000000 0 60 5
P 5.905729 2.482273 0 85 1
P 17.321452 20.835201 1 2 1
P 18.286013 0.765778 1 7 3
P 4.941168 22.551697 0 72 3
P 20.106711 18.059385 1 16 5
P 3.120471 5.258090 0 9 5
P 4.594839 13.786000 0 69 2
P 18.632343 9.531475 1 4 2
P 8.801192 20.015703 1 21 1
P 14.425990 3.301771 1 5 1
P 19.466787 20.056168 1 15 5
P 3.760394 3.261307 0 35 5
F 1 3 21 6 15 1
F 1 10 20 16 12 1
F 1 5 2 0 11 1
F 1 5 2 0 11 2
F 1 2 21 9 9 1
F 1 8 21 19 11 3
F 1 2 18 9 16 8
F 1 10 2 0 11 4
F 1 10 6 13 8 1
F 1 10 7 19 8 1
F 2 91 1 15 21 15
F 1 10 21 19 11 5
F 1 8 18 0 8 2
F 1 33 3 5 6 1
F 1 10 20 16 12 7
F 1 12 6 13 8 3
F 1 10 2 0 11 6
F 1 25 9 19 5 2
F 1 20 7 19 8 5
F 1 14 15 19 12 9
F 1 15 21 19 11 8
F 1 12 4 13 5 2
F 1 15 2 0 11 9
F 1 10 3 16 14 12
F 1 12 6 13 8 6
F 1 8 18 13 9 7
F 1 7 12 19 9 7
go
P 11.613591 11.658737 0 92 0
P 1.290286 9.040786 2 127 5
P 21.936895 14.276689 1 15 5
P 5.648358 18.265992 1 14 4
P 17.578824 5.051482 1 16 4
P 0.000000 17.566463 1 1 2
P 23.227182 5.751012 1 9 2
P 15.996407 22.492537 1 5 5
P 7.230774 0.824938 0 60 5
P 12.096861 23.317475 1 7 5
P 11.130321 0.000000 0 60 5
P 5.905729 2.482273 0 85 1
P 17.321452 20.835201 1 3 1
P 18.286013 0.765778 1 20 3
P 4.941168 22.551697 0 72 3
P 20.106711 18.059385 1 21 5
P 3.120471 5.258090 1 1 5
P 4.594839 13.786000 0 69 2
P 18.632343 9.531475 1 6 2
P 8.801192 20.015703 1 11 1
P 14.425990 3.301771 1 6 1
P 19.466787 20.056168 1 5 5
P 3.760394 3.261307 0 35 5
F 1 5 2 0 11 1
F 1 8 21 19 11 2
F 1 2 18 9 16 7
F 1 10 2 0 11 3
F 2 91 1 15 21 14
F 1 10 21 19 11 4
F 1 8 18 0 8 1
F 1 10 20 16 12 6
F 1 12 6 13 8 2
F 1 10 2 0 11 5
F 1 25 9 19 5 1
F 1 20 7 19 8 4
F 1 14 15 19 12 8
F 1 15 21 19 11 7
F 1 12 4 13 5 1
F 1 15 2 0 11 8
F 1 10 3 16 14 11
F 1 12 6 13 8 5
F 1 8 18 13 9 6
F 1 7 12 19 9 6
F 1 25 9 14 8 7
F 1 21 19 14 5 4
F 1 15 7 14 12 11
F 1 15 21 0 12 11
go
P 11.613591 11.658737 0 79 0
P 1.290286 9.040786 2 132 5
P 21.936895 14.276689 1 5 5
P 5.648358 18.265992 1 4 4
P 17.578824 5.051482 1 4 4
P 0.000000 17.566463 1 3 2
P 23.227182 5.751012 1 11 2
P 15.996407 22.492537 1 10 5
P 7.230774 0.824938 0 60 5
P 12.096861 23.317475 1 12 5
P 11.130321 0.000000 0 60 5
P 5.905729 2.482273 0 85 1
P 17.321452 20.835201 1 4 1
P 18.286013 0.765778 1 15 3
P 4.941168 22.551697 0 72 3
P 20.106711 18.059385 1 26 5
P 3.120471 5.258090 1 6 5
P 4.594839 13.786000 0 69 2
P 18.632343 9.531475 1 8 2
P 8.801192 20.015703 1 37 1
P 14.425990 3.301771 1 7 1
P 19.466787 20.056168 1 10 5
P 3.760394 3.261307 0 35 5
F 1 8 21 19 11 1
F 1 2 18 9 16 6
F 1 10 2 0 11 2
F 2 91 1 15 21 13
F 1 10 21 19 11 3
F 1 10 20 16 12 5
F 1 12 6 13 8 1
F 1 10 2 0 11 4
F 1 20 7 19 8 3
F 1 14 15 19 12 7
F 1 15 21 19 11 6
F 1 15 2 0 11 7
F 1 10 3 16 14 10
F 1 12 6 13 8 4
F 1 8 18 13 9 5
F 1 7 12 19 9 5
F 1 25 9 14 8 6
F 1 21 19 14 5 3
F 1 15 7 14 12 10
F 1 15 21 0 12 10
F 1 20 13 10 8 7
F 1 16 4 10 9 8
F 1 15 2 0 11 10
F 1 14 3 14 5 4
go
P 11.613591 11.658737 0 79 0
P 1.290286 9.040786 2 137 5
P 21.936895 14.276689 1 10 5
P 5.648358 18.265992 1 8 4
P 17.578824 5.051482 1 8 4
P 0.000000 17.566463 1 5 2
P 23.227182 5.751012 1 2 2
P 15.996407 22.492537 1 15 5
P 7.230774 0.824938 0 60 5
P 12.096861 23.317475 1 5 5
P 11.130321 0.000000 0 60 5
P 5.905729 2.482273 0 85 1
P 17.321452 20.835201 1 5 1
P 18.286013 0.765778 1 15 3
P 4.941168 22.551697 0 72 3
P 20.106711 18.059385 1 31 5
P 3.120471 5.258090 1 11 5
P 4.594839 13.786000 0 69 2
P 18.632343 9.531475 1 10 2
P 8.801192 20.015703 1 9 1
P 14.425990 3.301771 1 8 1
P 19.466787 20.056168 1 15 5
P 3.760394 3.261307 0 35 5
F 1 2 18 9 16 5
F 1 10 2 0 11 1
F 2 91 1 15 21 12
F 1 10 21 19 11 2
F 1 10 20 16 12 4
F 1 10 2 0 11 3
F 1 20 7 19 8 2
F 1 14 15 19 12 6
F 1 15 21 19 11 5
F 1 15 2 0 11 6
F 1 10 3 16 14 9
F 1 12 6 13 8 3
F 1 8 18 13 9 4
F 1 7 12 19 9 4
F 1 25 9 14 8 5
F 1 21 19 14 5 2
F 1 15 7 14 12 9
F 1 15 21 0 12 9
F 1 20 13 10 8 6
F 1 16 4 10 9 7
F 1 15 2 0 11 9
F 1 14 3 14 5 3
F 1 37 19 14 5 4
F 1 15 13 10 8 7
F 1 12 9 14 8 7
F 1 11 6 10 14 13
go
P 11.613591 11.658737 0 69 0
P 1.290286 9.040786 2 142 5
P 21.936895 14.276689 1 15 5
P 5.648358 18.265992 1 12 4
P 17.578824 5.051482 1 12 4
P 0.000000 17.566463 1 7 2
P 23.227182 5.751012 1 4 2
P 15.996407 22.492537 1 5 5
P 7.230774 0.824938 0 60 5
P 12.096861 23.317475 1 10 5
P 11.130321 0.000000 0 60 5
P 5.905729 2.482273 0 85 1
P 17.321452 20.835201 1 6 1
P 18.286013 0.765778 1 3 3
P 4.941168 22.551697 0 72 3
P 20.106711 18.059385 1 36 5
P 3.120471 5.258090 1 5 5
P 4.594839 13.786000 0 69 2
P 18.632343 9.531475 1 12 2
P 8.801192 20.015703 1 10 1
P 14.425990 3.301771 1 9 1
P 19.466787 20.056168 1 5 5
P 3.760394 3.261307 0 35 5
F 1 2 18 9 16 4
F 2 91 1 15 21 11
F 1 10 21 19 11 1
F 1 10 20 16 12 3
F 1 10 2 0 11 2
F 1 20 7 19 8 1
F 1 14 15 19 12 5
F 1 15 21 19 11 4
F 1 15 2 0 11 5
F 1 10 3 16 14 8
F 1 12 6 13 8 2
F 1 8 18 13 9 3
F 1 7 12 19 9 3
F 1 25 9 14 8 4
F 1 21 19 14 5 1
F 1 15 7 14 12 8
F 1 15 21 0 12 8
F 1 20 13 10 8 5
F 1 16 4 10 9 6
F 1 15 2 0 11 8
F 1 14 3 14 5 2
F 1 37 19 14 5 3
F 1 15 13 10 8 6
F 1 12 9 14 8 6
F 1 11 6 10 14 12
F 1 15 7 14 12 11
F 1 15 13 10 8 7
F 1 15 21 0 12 11
F 1 11 16 22 3 2
go
P 11.613591 11.658737 0 69 0
P 1.290286 9.040786 2 147 5
P 21.936895 14.276689 1 5 5
P 5.648358 18.265992 1 4 4
P 17.578824 5.051482 1 4 4
P 0.000000 17.566463 1 9 2
P 23.227182 5.751012 1 6 2
P 15.996407 22.492537 1 10 5
P 7.230774 0.824938 0 60 5
P 12.096861 23.317475 1 15 5
P 11.130321 0.000000 0 60 5
P 5.905729 2.482273 0 85 1
P 17.321452 20.835201 1 7 1
P 18.286013 0.765778 1 6 3
P 4.941168 22.551697 0 51 3
P 20.106711 18.059385 1 41 5
P 3.120471 5.258090 1 10 5
P 4.594839 13.786000 0 69 2
P 18.632343 9.531475 1 2 2
P 8.801192 20.015703 1 41 1
P 14.425990 3.301771 1 10 1
P 19.466787 20.056168 1 10 5
P 3.760394 3.261307 0 35 5
F 1 2 18 9 16 3
F 2 91 1 15 21 10
F 1 10 20 16 12 2
F 1 10 2 0 11 1
F 1 14 15 19 12 4
F 1 15 21 19 11 3
F 1 15 2 0 11 4
F 1 10 3 16 14 7
F 1 12 6 13 8 1
F 1 8 18 13 9 2
F 1 7 12 19 9 2
F 1 25 9 14 8 3
F 1 15 7 14 12 7
F 1 15 21 0 12 7
F 1 20 13 10 8 4
F 1 16 4 10 9 5
F 1 15 2 0 11 7
F 1 14 3 14 5 1
F 1 37 19 14 5 2
F 1 15 13 10 8 5
F 1 12 9 14 8 5
F 1 11 6 10 14 11
F 1 15 7 14 12 10
F 1 15 13 10 8 6
F 1 15 21 0 12 10
F 1 11 16 22 3 1
F 1 15 2 0 11 10
F 1 12 3 14 5 4
F 1 12 4 10 9 8
F 1 12 18 0 8 7
go
P 11.613591 11.658737 0 59 0
P 1.290286 9.040786 2 152 5
P 21.936895 14.276689 1 10 5
P 5.648358 18.265992 1 8 4
P 17.578824 5.051482 1 8 4
P 0.000000 17.566463 1 11 2
P 23.227182 5.751012 1 8 2
P 15.996407 22.492537 1 15 5
P 7.230774 0.824938 0 60 5
P 12.096861 23.317475 1 20 5
P 11.130321 0.000000 0 60 5
P 5.905729 2.482273 0 85 1
P 17.321452 20.835201 1 8 1
P 18.286013 0.765778 1 21 3
P 4.941168 22.551697 0 37 3
P 20.106711 18.059385 1 46 5
P 3.120471 5.258090 1 15 5
P 4.594839 13.786000 0 69 2
P 18.632343 9.531475 1 4 2
P 8.801192 20.015703 1 1 1
P 14.425990 3.301771 1 11 1
P 19.466787 20.056168 1 15 5
P 3.760394 3.261307 0 24 5
F 1 2 18 9 16 2
F 2 91 1 15 21 9
F 1 10 20 16 12 1
F 1 14 15 19 12 3
F 1 15 21 19 11 2
F 1 15 2 0 11 3
F 1 10 3 16 14 6
F 1 8 18 13 9 1
F 1 7 12 19 9 1
F 1 25 9 14 8 2
F 1 15 7 14 12 6
F 1 15 21 0 12 6
F 1 20 13 10 8 3
F 1 16 4 10 9 4
F 1 15 2 0 11 6
F 1 37 19 14 5 1
F 1 15 13 10 8 4
F 1 12 9 14 8 4
F 1 11 6 10 14 10
F 1 15 7 14 12 9
F 1 15 13 10 8 5
F 1 15 21 0 12 9
F 1 15 2 0 11 9
F 1 12 3 14 5 3
F 1 12 4 10 9 7
F 1 12 18 0 8 6
F 1 41 19 14 5 4
go
P 11.613591 11.658737 0 59 0
P 1.290286 9.040786 2 157 5
P 21.936895 14.276689 1 15 5
P 5.648358 18.265992 1 12 4
P 17.578824 5.051482 1 12 4
P 0.000000 17.566463 1 13 2
P 23.227182 5.751012 1 10 2
P 15.996407 22.492537 1 5 5
P 7.230774 0.824938 0 60 5
P 12.096861 23.317475 1 5 5
P 11.130321 0.000000 0 60 5
P 5.905729 2.482273 0 85 1
P 17.321452 20.835201 1 9 1
P 18.286013 0.765778 1 11 3
P 4.941168 22.551697 0 0 3
P 20.106711 18.059385 1 51 5
P 3.120471 5.258090 1 15 5
P 4.594839 13.786000 0 69 2
P 18.632343 9.531475 1 6 2
P 8.801192 20.015703 1 9 1
P 14.425990 3.301771 1 12 1
P 19.466787 20.056168 1 20 5
P 3.760394 3.261307 0 24 5
F 1 2 18 9 16 1
F 2 91 1 15 21 8
F 1 14 15 19 12 2
F 1 15 21 19 11 1
F 1 15 2 0 11 2
F 1 10 3 16 14 5
F 1 25 9 14 8 1
F 1 15 7 14 12 5
F 1 15 21 0 12 5
F 1 20 13 10 8 2
F 1 16 4 10 9 3
F 1 15 2 0 11 5
F 1 15 13 10 8 3
F 1 12 9 14 8 3
F 1 11 6 10 14 9
F 1 15 7 14 12 8
F 1 15 13 10 8 4
F 1 15 21 0 12 8
F 1 15 2 0 11 8
F 1 12 3 14 5 2
F 1 12 4 10 9 6
F 1 12 18 0 8 5
F 1 41 19 14 5 3
F 1 21 13 10 8 7
F 1 20 9 14 8 7
F 1 15 7 14 12 11
F 1 15 16 22 3 2
go
P 11.613591 11.658737 0 59 0
P 1.290286 9.040786 2 162 5
P 21.936895 14.276689 1 5 5
P 5.648358 18.265992 1 16 4
P 17.578824 5.051482 1 16 4
P 0.000000 17.566463 1 2 2
P 23.227182 5.751012 1 12 2
P 15.996407 22.492537 1 10 5
P 7.230774 0.824938 0 60 5
P 12.096861 23.317475 1 12 5
P 11.130321 0.000000 0 60 5
P 5.905729 2.482273 0 85 1
P 17.321452 20.835201 1 10 1
P 18.286013 0.765778 1 14 3
P 4.941168 22.551697 1 25 3
P 20.106711 18.059385 1 56 5
P 3.120471 5.258090 1 5 5
P 4.594839 13.786000 0 69 2
P 18.632343 9.531475 1 8 2
P 8.801192 20.015703 1 25 1
P 14.425990 3.301771 1 13 1
P 19.466787 20.056168 1 5 5
P 3.760394 3.261307 0 24 5
F 2 91 1 15 21 7
F 1 14 15 19 12 1
F 1 15 2 0 11 1
F 1 10 3 16 14 4
F 1 15 7 14 12 4
F 1 15 21 0 12 4
F 1 20 13 10 8 1
F 1 16 4 10 9 2
F 1 15 2 0 11 4
F 1 15 13 10 8 2
F 1 12 9 14 8 2
F 1 11 6 10 14 8
F 1 15 7 14 12 7
F 1 15 13 10 8 3
F 1 15 21 0 12 7
F 1 15 2 0 11 7
F 1 12 3 14 5 1
F 1 12 4 10 9 5
F 1 12 18 0 8 4
F 1 41 19 14 5 2
F 1 21 13 10 8 6
F 1 20 9 14 8 6
F 1 15 7 14 12 10
F 1 15 16 22 3 1
F 1 20 21 0 12 11
F 1 15 2 0 11 10
F 1 15 16 22 3 2
F 1 13 5 17 6 5
go
P 11.613591 11.658737 0 44 0
P 1.290286 9.040786 2 167 5
P 21.936895 14.276689 1 10 5
P 5.648358 18.265992 1 20 4
P 17.578824 5.051482 1 20 4
P 0.000000 17.566463 1 4 2
P 23.227182 5.751012 1 14 2
P 15.996407 22.492537 1 15 5
P 7.230774 0.824938 0 60 5
P 12.096861 23.317475 1 17 5
P 11.130321 0.000000 0 40 5
P 5.905729 2.482273 0 85 1
P 17.321452 20.835201 1 11 1
P 18.286013 0.765778 1 17 3
P 4.941168 22.551697 1 15 3
P 20.106711 18.059385 1 61 5
P 3.120471 5.258090 1 10 5
P 4.594839 13.786000 0 69 2
P 18.632343 9.531475 1 10 2
P 8.801192 20.015703 1 40 1
P 14.425990 3.301771 1 14 1
P 19.466787 20.056168 1 10 5
P 3.760394 3.261307 0 9 5
F 2 91 1 15 21 6
F 1 10 3 16 14 3
F 1 15 7 14 12 3
F 1 15 21 0 12 3
F 1 16 4 10 9 1
F 1 15 2 0 11 3
F 1 15 13 10 8 1
F 1 12 9 14 8 1
F 1 11 6 10 14 7
F 1 15 7 14 12 6
F 1 15 13 10 8 2
F 1 15 21 0 12 6
F 1 15 2 0 11 6
F 1 12 4 10 9 4
F 1 12 18 0 8 3
F 1 41 19 14 5 1
F 1 21 13 10 8 5
F 1 20 9 14 8 5
F 1 15 7 14 12 9
F 1 20 21 0 12 10
F 1 15 2 0 11 9
F 1 15 16 22 3 1
F 1 13 5 17 6 4
F 1 25 14 17 9 8
go
P 11.613591 11.658737 0 44 0
P 1.290286 9.040786 2 172 5
P 21.936895 14.276689 1 15 5
P 5.648358 18.265992 1 4 4
P 17.578824 5.051482 1 4 4
P 0.000000 17.566463 1 6 2
P 23.227182 5.751012 1 16 2
P 15.996407 22.492537 1 20 5
P 7.230774 0.824938 0 60 5
P 12.096861 23.317475 1 5 5
P 11.130321 0.000000 0 9 5
P 5.905729 2.482273 0 85 1
P 17.321452 20.835201 1 12 1
P 18.286013 0.765778 1 20 3
P 4.941168 22.551697 1 71 3
P 20.106711 18.059385 1 66 5
P 3.120471 5.258090 1 15 5
P 4.594839 13.786000 0 69 2
P 18.632343 9.531475 1 12 2
P 8.801192 20.015703 1 1 1
P 14.425990 3.301771 1 15 1
P 19.466787 20.056168 1 15 5
P 3.760394 3.261307 1 6 5
F 2 91 1 15 21 5
F 1 10 3 16 14 2
F 1 15 7 14 12 2
F 1 15 21 0 12 2
F 1 15 2 0 11 2
F 1 11 6 10 14 6
F 1 15 7 14 12 5
F 1 15 13 10 8 1
F 1 15 21 0 12 5
F 1 15 2 0 11 5
F 1 12 4 10 9 3
F 1 12 18 0 8 2
F 1 21 13 10 8 4
F 1 20 9 14 8 4
F 1 15 7 14 12 8
F 1 20 21 0 12 9
F 1 15 2 0 11 8
F 1 13 5 17 6 3
F 1 25 14 17 9 7
F 1 40 19 17 8 7
F 1 20 3 17 5 4
F 1 10 4 22 14 13
F 1 10 4 10 9 8
F 1 17 9 0 12 11
go
P 11.613591 11.658737 0 44 0
P 1.290286 9.040786 2 177 5
P 21.936895 14.276689 1 20 5
P 5.648358 18.265992 1 8 4
P 17.578824 5.051482 1 8 4
P 0.000000 17.566463 1 8 2
P 23.227182 5.751012 1 2 2
P 15.996407 22.492537 1 5 5
P 7.230774 0.824938 0 60 5
P 12.096861 23.317475 1 10 5
P 11.130321 0.000000 1 6 5
P 5.905729 2.482273 0 85 1
P 17.321452 20.835201 1 13 1
P 18.286013 0.765778 1 3 3
P 4.941168 22.551697 1 4 3
P 20.106711 18.059385 1 71 5
P 3.120471 5.258090 1 20 5
P 4.594839 13.786000 0 69 2
P 18.632343 9.531475 1 14 2
P 8.801192 20.015703 1 2 1
P 14.425990 3.301771 1 16 1
P 19.466787 20.056168 1 20 5
P 3.760394 3.261307 1 11 5
F 2 91 1 15 21 4
F 1 10 3 16 14 1
F 1 15 7 14 12 1
F 1 15 21 0 12 1
F 1 15 2 0 11 1
F 1 11 6 10 14 5
F 1 15 7 14 12 4
F 1 15 21 0 12 4
F 1 15 2 0 11 4
F 1 12 4 10 9 2
F 1 12 18 0 8 1
F 1 21 13 10 8 3
F 1 20 9 14 8 3
F 1 15 7 14 12 7
F 1 20 21 0 12 8
F 1 15 2 0 11 7
F 1 13 5 17 6 2
F 1 25 14 17 9 6
F 1 40 19 17 8 6
F 1 20 3 17 5 3
F 1 10 4 22 14 12
F 1 10 4 10 9 7
F 1 17 9 0 12 10
F 1 70 14 17 9 8
F 1 20 7 0 12 11
F 1 10 13 10 8 7
F 1 10 13 8 12 11
F 1 10 6 10 14 13
F 1 6 6 0 14 13
go
P 11.613591 11.658737 0 2 0
P 1.290286 9.040786 2 182 5
P 21.936895 14.276689 1 5 5
P 5.648358 18.265992 1 12 4
P 17.578824 5.051482 1 12 4
P 0.000000 17.566463 1 10 2
P 23.227182 5.751012 1 4 2
P 15.996407 22.492537 1 10 5
P 7.230774 0.824938 0 60 5
P 12.096861 23.317475 1 15 5
P 11.130321 0.000000 1 11 5
P 5.905729 2.482273 0 85 1
P 17.321452 20.835201 1 14 1
P 18.286013 0.765778 1 6 3
P 4.941168 22.551697 1 22 3
P 20.106711 18.059385 1 76 5
P 3.120471 5.258090 1 15 5
P 4.594839 13.786000 0 69 2
P 18.632343 9.531475 1 16 2
P 8.801192 20.015703 1 3 1
P 14.425990 3.301771 1 1 1
P 19.466787 20.056168 1 5 5
P 3.760394 3.261307 1 16 5
F 2 91 1 15 21 3
F 1 11 6 10 14 4
F 1 15 7 14 12 3
F 1 15 21 0 12 3
F 1 15 2 0 11 3
F 1 12 4 10 9 1
F 1 21 13 10 8 2
F 1 20 9 14 8 2
F 1 15 7 14 12 6
F 1 20 21 0 12 7
F 1 15 2 0 11 6
F 1 13 5 17 6 1
F 1 25 14 17 9 5
F 1 40 19 17 8 5
F 1 20 3 17 5 2
F 1 10 4 22 14 11
F 1 10 4 10 9 6
F 1 17 9 0 12 9
F 1 70 14 17 9 7
F 1 20 7 0 12 10
F 1 10 13 10 8 6
F 1 10 13 8 12 10
F 1 10 6 10 14 12
F 1 6 6 0 14 12
F 1 20 2 0 11 10
F 1 20 16 1 5 4
F 1 20 21 0 12 11
F 1 16 20 8 8 7
go
P 11.613591 11.658737 0 2 0
P 1.290286 9.040786 2 187 5
P 21.936895 14.276689 1 10 5
P 5.648358 18.265992 1 16 4
P 17.578824 5.051482 1 16 4
P 0.000000 17.566463 1 12 2
P 23.227182 5.751012 1 6 2
P 15.996407 22.492537 1 15 5
P 7.230774 0.824938 0 60 5
P 12.096861 23.317475 1 5 5
P 11.130321 0.000000 1 28 5
P 5.905729 2.482273 0 85 1
P 17.321452 20.835201 1 15 1
P 18.286013 0.765778 1 9 3
P 4.941168 22.551697 1 3 3
P 20.106711 18.059385 1 81 5
P 3.120471 5.258090 1 20 5
P 4.594839 13.786000 0 56 2
P 18.632343 9.531475 1 2 2
P 8.801192 20.015703 1 4 1
P 14.425990 3.301771 1 2 1
P 19.466787 20.056168 1 10 5
P 3.760394 3.261307 1 5 5
F 2 91 1 15 21 2
F 1 11 6 10 14 3
F 1 15 7 14 12 2
F 1 15 21 0 12 2
F 1 15 2 0 11 2
F 1 21 13 10 8 1
F 1 20 9 14 8 1
F 1 15 7 14 12 5
F 1 20 21 0 12 6
F 1 15 2 0 11 5
F 1 25 14 17 9 4
F 1 40 19 17 8 4
F 1 20 3 17 5 1
F 1 10 4 22 14 10
F 1 10 4 10 9 5
F 1 17 9 0 12 8
F 1 70 14 17 9 6
F 1 20 7 0 12 9
F 1 10 13 10 8 5
F 1 10 13 8 12 9
F 1 10 6 10 14 11
F 1 6 6 0 14 11
F 1 20 2 0 11 9
F 1 20 16 1 5 3
F 1 20 21 0 12 10
F 1 16 20 8 8 6
F 1 3 14 0 13 12
F 1 19 14 17 9 8
F 1 3 18 0 8 7
F 1 13 18 8 15 14
F 1 3 22 0 12 11
F 1 13 22 11 3 2
F 1 3 9 0 12 11
F 1 12 9 17 13 12
go
P 11.613591 11.658737 0 2 0
P 1.290286 9.040786 2 192 5
P 21.936895 14.276689 1 15 5
P 5.648358 18.265992 1 20 4
P 17.578824 5.051482 1 20 4
P 0.000000 17.566463 1 14 2
P 23.227182 5.751012 1 8 2
P 15.996407 22.492537 1 20 5
P 7.230774 0.824938 0 60 5
P 12.096861 23.317475 1 10 5
P 11.130321 0.000000 1 54 5
P 5.905729 2.482273 0 85 1
P 17.321452 20.835201 1 16 1
P 18.286013 0.765778 1 12 3
P 4.941168 22.551697 1 26 3
P 20.106711 18.059385 1 86 5
P 3.120471 5.258090 1 25 5
P 4.594839 13.786000 0 36 2
P 18.632343 9.531475 1 4 2
P 8.801192 20.015703 1 5 1
P 14.425990 3.301771 1 3 1
P 19.466787 20.056168 1 15 5
P 3.760394 3.261307 1 10 5
F 2 91 1 15 21 1
F 1 11 6 10 14 2
F 1 15 7 14 12 1
F 1 15 21 0 12 1
F 1 15 2 0 11 1
F 1 15 7 14 12 4
F 1 20 21 0 12 5
F 1 15 2 0 11 4
F 1 25 14 17 9 3
F 1 40 19 17 8 3
F 1 10 4 22 14 9
F 1 10 4 10 9 4
F 1 17 9 0 12 7
F 1 70 14 17 9 5
F 1 20 7 0 12 8
F 1 10 13 10 8 4
F 1 10 13 8 12 8
F 1 10 6 10 14 10
F 1 6 6 0 14 10
F 1 20 2 0 11 8
F 1 20 16 1 5 2
F 1 20 21 0 12 9
F 1 16 20 8 8 5
F 1 3 14 0 13 11
F 1 19 14 17 9 7
F 1 3 18 0 8 6
F 1 13 18 8 15 13
F 1 3 22 0 12 10
F 1 13 22 11 3 1
F 1 3 9 0 12 10
F 1 12 9 17 13 11
go
P 11.613591 11.658737 1 28 0
P 1.290286 9.040786 2 197 5
P 21.936895 14.276689 1 20 5
P 5.648358 18.265992 1 24 4
P 17.578824 5.051482 1 24 4
P 0.000000 17.566463 1 16 2
P 23.227182 5.751012 1 10 2
P 15.996407 22.492537 1 25 5
P 7.230774 0.824938 0 60 5
P 12.096861 23.317475 1 15 5
P 11.130321 0.000000 1 5 5
P 5.905729 2.482273 0 72 1
P 17.321452 20.835201 1 17 1
P 18.286013 0.765778 1 15 3
P 4.941168 22.551697 1 18 3
P 20.106711 18.059385 1 0 5
P 3.120471 5.258090 1 30 5
P 4.594839 13.786000 0 36 2
P 18.632343 9.531475 1 6 2
P 8.801192 20.015703 1 6 1
P 14.425990 3.301771 1 4 1
P 19.466787 20.056168 1 20 5
P 3.760394 3.261307 1 15 5
F 1 11 6 10 14 1
F 1 15 7 14 12 3
F 1 20 21 0 12 4
F 1 15 2 0 11 3
F 1 25 14 17 9 2
F 1 40 19 17 8 2
F 1 10 4 22 14 8
F 1 10 4 10 9 3
F 1 17 9 0 12 6
F 1 70 14 17 9 4
F 1 20 7 0 12 7
F 1 10 13 10 8 3
F 1 10 13 8 12 7
F 1 10 6 10 14 9
F 1 6 6 0 14 9
F 1 20 2 0 11 7
F 1 20 16 1 5 1
F 1 20 21 0 12 8
F 1 16 20 8 8 4
F 1 3 14 0 13 10
F 1 19 14 17 9 6
F 1 3 18 0 8 5
F 1 13 18 8 15 12
F 1 3 22 0 12 9
F 1 3 9 0 12 9
F 1 12 9 17 13 10
F 1 3 10 0 12 11
F 1 51 10 8 4 3
F 1 3 14 0 13 12
F 1 23 14 17 9 8
go
P 11.613591 11.658737 1 28 0
P 1.290286 9.040786 2 84 5
P 21.936895 14.276689 1 25 5
P 5.648358 18.265992 1 28 4
P 17.578824 5.051482 1 28 4
P 0.000000 17.566463 1 18 2
P 23.227182 5.751012 1 12 2
P 15.996407 22.492537 1 30 5
P 7.230774 0.824938 0 60 5
P 12.096861 23.317475 1 20 5
P 11.130321 0.000000 1 21 5
P 5.905729 2.482273 0 72 1
P 17.321452 20.835201 1 18 1
P 18.286013 0.765778 1 18 3
P 4.941168 22.551697 1 21 3
P 20.106711 18.059385 1 5 5
P 3.120471 5.258090 1 35 5
P 4.594839 13.786000 0 36 2
P 18.632343 9.531475 1 8 2
P 8.801192 20.015703 1 7 1
P 14.425990 3.301771 1 5 1
P 19.466787 20.056168 1 25 5
P 3.760394 3.261307 1 20 5
F 1 15 7 14 12 2
F 1 20 21 0 12 3
F 1 15 2 0 11 2
F 1 25 14 17 9 1
F 1 40 19 17 8 1
F 1 10 4 22 14 7
F 1 10 4 10 9 2
F 1 17 9 0 12 5
F 1 70 14 17 9 3
F 1 20 7 0 12 6
F 1 10 13 10 8 2
F 1 10 13 8 12 6
F 1 10 6 10 14 8
F 1 6 6 0 14 8
F 1 20 2 0 11 6
F 1 20 21 0 12 7
F 1 16 20 8 8 3
F 1 3 14 0 13 9
F 1 19 14 17 9 5
F 1 3 18 0 8 4
F 1 13 18 8 15 11
F 1 3 22 0 12 8
F 1 3 9 0 12 8
F 1 12 9 17 13 9
F 1 3 10 0 12 10
F 1 51 10 8 4 2
F 1 3 14 0 13 11
F 1 23 14 17 9 7
F 2 98 1 15 21 20
go
P 11.613591 11.658737 1 28 0
P 1.290286 9.040786 2 89 5
P 21.936895 14.276689 1 30 5
P 5.648358 18.265992 1 32 4
P 17.578824 5.051482 1 32 4
P 0.000000 17.566463 1 20 2
P 23.227182 5.751012 1 14 2
P 15.996407 22.492537 1 35 5
P 7.230774 0.824938 0 60 5
P 12.096861 23.317475 1 25 5
P 11.130321 0.000000 1 26 5
P 5.905729 2.482273 0 72 1
P 17.321452 20.835201 1 19 1
P 18.286013 0.765778 1 21 3
P 4.941168 22.551697 1 24 3
P 20.106711 18.059385 1 10 5
P 3.120471 5.258090 1 40 5
P 4.594839 13.786000 1 29 2
P 18.632343 9.531475 1 10 2
P 8.801192 20.015703 1 8 1
P 14.425990 3.301771 1 6 1
P 19.466787 20.056168 1 30 5
P 3.760394 3.261307 1 25 5
F 1 15 7 14 12 1
F 1 20 21 0 12 2
F 1 15 2 0 11 1
F 1 10 4 22 14 6
F 1 10 4 10 9 1
F 1 17 9 0 12 4
F 1 70 14 17 9 2
F 1 20 7 0 12 5
F 1 10 13 10 8 1
F 1 10 13 8 12 5
F 1 10 6 10 14 7
F 1 6 6 0 14 7
F 1 20 2 0 11 5
F 1 20 21 0 12 6
F 1 16 20 8 8 2
F 1 3 14 0 13 8
F 1 19 14 17 9 4
F 1 3 18 0 8 3
F 1 13 18 8 15 10
F 1 3 22 0 12 7
F 1 3 9 0 12 7
F 1 12 9 17 13 8
F 1 3 10 0 12 9
F 1 51 10 8 4 1
F 1 3 14 0 13 10
F 1 23 14 17 9 6
F 2 98 1 15 21 19
go
P 11.613591 11.658737 1 43 0
P 1.290286 9.040786 2 94 5
P 21.936895 14.276689 1 35 5
P 5.648358 18.265992 1 36 4
P 17.578824 5.051482 1 36 4
P 0.000000 17.566463 1 22 2
P 23.227182 5.751012 1 16 2
P 15.996407 22.492537 1 40 5
P 7.230774 0.824938 0 9 5
P 12.096861 23.317475 1 30 5
P 11.130321 0.000000 1 51 5
P 5.905729 2.482273 0 72 1
P 17.321452 20.835201 1 20 1
P 18.286013 0.765778 1 24 3
P 4.941168 22.551697 1 42 3
P 20.106711 18.059385 1 15 5
P 3.120471 5.258090 1 45 5
P 4.594839 13.786000 1 31 2
P 18.632343 9.531475 1 12 2
P 8.801192 20.015703 1 9 1
P 14.425990 3.301771 1 7 1
P 19.466787 20.056168 1 35 5
P 3.760394 3.261307 1 30 5
F 1 20 21 0 12 1
F 1 10 4 22 14 5
F 1 17 9 0 12 3
F 1 70 14 17 9 1
F 1 20 7 0 12 4
F 1 10 13 8 12 4
F 1 10 6 10 14 6
F 1 6 6 0 14 6
F 1 20 2 0 11 4
F 1 20 21 0 12 5
F 1 16 20 8 8 1
F 1 3 14 0 13 7
F 1 19 14 17 9 3
F 1 3 18 0 8 2
F 1 13 18 8 15 9
F 1 3 22 0 12 6
F 1 3 9 0 12 6
F 1 12 9 17 13 7
F 1 3 10 0 12 8
F 1 3 14 0 13 9
F 1 23 14 17 9 5
F 2 98 1 15 21 18
go
P 11.613591 11.658737 1 20 0
P 1.290286 9.040786 2 99 5
P 21.936895 14.276689 1 40 5
P 5.648358 18.265992 1 40 4
P 17.578824 5.051482 1 40 4
P 0.000000 17.566463 1 24 2
P 23.227182 5.751012 1 18 2
P 15.996407 22.492537 1 5 5
P 7.230774 0.824938 1 7 5
P 12.096861 23.317475 1 35 5
P 11.130321 0.000000 1 5 5
P 5.905729 2.482273 0 72 1
P 17.321452 20.835201 1 21 1
P 18.286013 0.765778 1 27 3
P 4.941168 22.551697 1 3 3
P 20.106711 18.059385 1 20 5
P 3.120471 5.258090 1 5 5
P 4.594839 13.786000 1 103 2
P 18.632343 9.531475 1 14 2
P 8.801192 20.015703 1 10 1
P 14.425990 3.301771 1 8 1
P 19.466787 20.056168 1 40 5
P 3.760394 3.261307 1 35 5
F 1 10 4 22 14 4
F 1 17 9 0 12 2
F 1 20 7 0 12 3
F 1 10 13 8 12 3
F 1 10 6 10 14 5
F 1 6 6 0 14 5
F 1 20 2 0 11 3
F 1 20 21 0 12 4
F 1 3 14 0 13 6
F 1 19 14 17 9 2
F 1 3 18 0 8 1
F 1 13 18 8 15 8
F 1 3 22 0 12 5
F 1 3 9 0 12 5
F 1 12 9 17 13 6
F 1 3 10 0 12 7
F 1 3 14 0 13 8
F 1 23 14 17 9 4
F 2 98 1 15 21 17
F 1 10 10 8 4 3
F 1 41 10 11 6 5
F 1 10 16 8 7 6
F 1 35 16 11 4 3
F 1 10 0 8 12 11
F 1 33 0 1 11 10
F 1 42 14 1 14 13
F 1 40 7 1 20 19
go
P 11.613591 11.658737 1 23 0
P 1.290286 9.040786 2 104 5
P 21.936895 14.276689 1 45 5
P 5.648358 18.265992 1 44 4
P 17.578824 5.051482 1 44 4
P 0.000000 17.566463 1 26 2
P 23.227182 5.751012 1 20 2
P 15.996407 22.492537 1 10 5
P 7.230774 0.824938 1 12 5
P 12.096861 23.317475 1 40 5
P 11.130321 0.000000 1 10 5
P 5.905729 2.482273 0 72 1
P 17.321452 20.835201 1 22 1
P 18.286013 0.765778 1 30 3
P 4.941168 22.551697 1 6 3
P 20.106711 18.059385 1 25 5
P 3.120471 5.258090 1 10 5
P 4.594839 13.786000 1 105 2
P 18.632343 9.531475 1 16 2
P 8.801192 20.015703 1 11 1
P 14.425990 3.301771 1 9 1
P 19.466787 20.056168 1 45 5
P 3.760394 3.261307 1 40 5
F 1 10 4 22 14 3
F 1 17 9 0 12 1
F 1 20 7 0 12 2
F 1 10 13 8 12 2
F 1 10 6 10 14 4
F 1 6 6 0 14 4
F 1 20 2 0 11 2
F 1 20 21 0 12 3
F 1 3 14 0 13 5
F 1 19 14 17 9 1
F 1 13 18 8 15 7
F 1 3 22 0 12 4
F 1 3 9 0 12 4
F 1 12 9 17 13 5
F 1 3 10 0 12 6
F 1 3 14 0 13 7
F 1 23 14 17 9 3
F 2 98 1 15 21 16
F 1 10 10 8 4 2
F 1 41 10 11 6 4
F 1 10 16 8 7 5
F 1 35 16 11 4 2
F 1 10 0 8 12 10
F 1 33 0 1 11 9
F 1 42 14 1 14 12
F 1 40 7 1 20 18
go
P 11.613591 11.658737 1 40 0
P 1.290286 9.040786 2 109 5
P 21.936895 14.276689 1 50 5
P 5.648358 18.265992 1 48 4
P 17.578824 5.051482 1 48 4
P 0.000000 17.566463 1 28 2
P 23.227182 5.751012 1 22 2
P 15.996407 22.492537 1 15 5
P 7.230774 0.824938 1 17 5
P 12.096861 23.317475 1 45 5
P 11.130321 0.000000 1 15 5
P 5.905729 2.482273 0 72 1
P 17.321452 20.835201 1 23 1
P 18.286013 0.765778 1 33 3
P 4.941168 22.551697 1 9 3
P 20.106711 18.059385 1 30 5
P 3.120471 5.258090 1 15 5
P 4.594839 13.786000 1 126 2
P 18.632343 9.531475 1 18 2
P 8.801192 20.015703 1 12 1
P 14.425990 3.301771 1 10 1
P 19.466787 20.056168 1 50 5
P 3.760394 3.261307 1 45 5
F 1 10 4 22 14 2
F 1 20 7 0 12 1
F 1 10 13 8 12 1
F 1 10 6 10 14 3
F 1 6 6 0 14 3
F 1 20 2 0 11 1
F 1 20 21 0 12 2
F 1 3 14 0 13 4
F 1 13 18 8 15 6
F 1 3 22 0 12 3
F 1 3 9 0 12 3
F 1 12 9 17 13 4
F 1 3 10 0 12 5
F 1 3 14 0 13 6
F 1 23 14 17 9 2
F 2 98 1 15 21 15
F 1 10 10 8 4 1
F 1 41 10 11 6 3
F 1 10 16 8 7 4
F 1 35 16 11 4 1
F 1 10 0 8 12 9
F 1 33 0 1 11 8
F 1 42 14 1 14 11
F 1 40 7 1 20 17
go
P 11.613591 11.658737 1 80 0
P 1.290286 9.040786 2 114 5
P 21.936895 14.276689 1 5 5
P 5.648358 18.265992 1 4 4
P 17.578824 5.051482 1 4 4
P 0.000000 17.566463 1 30 2
P 23.227182 5.751012 1 24 2
P 15.996407 22.492537 1 20 5
P 7.230774 0.824938 1 42 5
P 12.096861 23.317475 1 50 5
P 11.130321 0.000000 1 20 5
P 5.905729 2.482273 0 37 1
P 17.321452 20.835201 1 24 1
P 18.286013 0.765778 1 36 3
P 4.941168 22.551697 1 12 3
P 20.106711 18.059385 1 35 5
P 3.120471 5.258090 1 20 5
P 4.594839 13.786000 1 2 2
P 18.632343 9.531475 1 20 2
P 8.801192 20.015703 1 13 1
P 14.425990 3.301771 1 11 1
P 19.466787 20.056168 1 55 5
P 3.760394 3.261307 1 50 5
F 1 10 4 22 14 1
F 1 10 6 10 14 2
F 1 6 6 0 14 2
F 1 20 21 0 12 1
F 1 3 14 0 13 3
F 1 13 18 8 15 5
F 1 3 22 0 12 2
F 1 3 9 0 12 2
F 1 12 9 17 13 3
F 1 3 10 0 12 4
F 1 3 14 0 13 5
F 1 23 14 17 9 1
F 2 98 1 15 21 14
F 1 41 10 11 6 2
F 1 10 16 8 7 3
F 1 10 0 8 12 8
F 1 33 0 1 11 7
F 1 42 14 1 14 10
F 1 40 7 1 20 16
F 1 110 17 1 6 5
F 1 16 17 11 12 11
F 1 50 2 11 20 19
F 1 48 3 1 11 10
F 1 48 4 11 12 11
go
P 11.613591 11.658737 1 20 0
P 1.290286 9.040786 2 119 5
P 21.936895 14.276689 1 10 5
P 5.648358 18.265992 1 8 4
P 17.578824 5.051482 1 8 4
P 0.000000 17.566463 1 32 2
P 23.227182 5.751012 1 26 2
P 15.996407 22.492537 1 25 5
P 7.230774 0.824938 1 9 5
P 12.096861 23.317475 1 5 5
P 11.130321 0.000000 1 25 5
P 5.905729 2.482273 0 37 1
P 17.321452 20.835201 1 25 1
P 18.286013 0.765778 1 39 3
P 4.941168 22.551697 1 15 3
P 20.106711 18.059385 1 40 5
P 3.120471 5.258090 1 25 5
P 4.594839 13.786000 1 27 2
P 18.632343 9.531475 1 22 2
P 8.801192 20.015703 1 14 1
P 14.425990 3.301771 1 12 1
P 19.466787 20.056168 1 60 5
P 3.760394 3.261307 1 15 5
F 1 10 6 10 14 1
F 1 6 6 0 14 1
F 1 3 14 0 13 2
F 1 13 18 8 15 4
F 1 3 22 0 12 1
F 1 3 9 0 12 1
F 1 12 9 17 13 2
F 1 3 10 0 12 3
F 1 3 14 0 13 4
F 2 98 1 15 21 13
F 1 41 10 11 6 1
F 1 10 16 8 7 2
F 1 10 0 8 12 7
F 1 33 0 1 11 6
F 1 42 14 1 14 9
F 1 40 7 1 20 15
F 1 110 17 1 6 4
F 1 16 17 11 12 10
F 1 50 2 11 20 18
F 1 48 3 1 11 9
F 1 48 4 11 12 10
F 1 38 0 11 11 10
F 1 42 0 1 11 10
F 1 50 9 1 18 17
F 1 38 22 11 3 2
F 1 12 22 1 7 6
F 1 38 8 11 3 2
go
P 11.613591 11.658737 1 32 0
P 1.290286 9.040786 2 124 5
P 21.936895 14.276689 1 15 5
P 5.648358 18.265992 1 12 4
P 17.578824 5.051482 1 12 4
P 0.000000 17.566463 1 2 2
P 23.227182 5.751012 1 28 2
P 15.996407 22.492537 1 30 5
P 7.230774 0.824938 1 14 5
P 12.096861 23.317475 1 10 5
P 11.130321 0.000000 1 40 5
P 5.905729 2.482273 1 4 1
P 17.321452 20.835201 1 26 1
P 18.286013 0.765778 1 4 3
P 4.941168 22.551697 1 18 3
P 20.106711 18.059385 1 45 5
P 3.120471 5.258090 1 30 5
P 4.594839 13.786000 1 2 2
P 18.632343 9.531475 1 24 2
P 8.801192 20.015703 1 15 1
P 14.425990 3.301771 1 13 1
P 19.466787 20.056168 1 65 5
P 3.760394 3.261307 1 20 5
F 1 3 14 0 13 1
F 1 13 18 8 15 3
F 1 12 9 17 13 1
F 1 3 10 0 12 2
F 1 3 14 0 13 3
F 2 98 1 15 21 12
F 1 10 16 8 7 1
F 1 10 0 8 12 6
F 1 33 0 1 11 5
F 1 42 14 1 14 8
F 1 40 7 1 20 14
F 1 110 17 1 6 3
F 1 16 17 11 12 9
F 1 50 2 11 20 17
F 1 48 3 1 11 8
F 1 48 4 11 12 9
F 1 38 0 11 11 9
F 1 42 0 1 11 9
F 1 50 9 1 18 16
F 1 38 22 11 3 1
F 1 12 22 1 7 5
F 1 38 8 11 3 1
F 1 38 13 11 13 12
F 1 32 5 1 9 8
F 1 27 17 1 6 5
go
P 11.613591 11.658737 1 3 0
P 1.290286 9.040786 2 129 5
P 21.936895 14.276689 1 20 5
P 5.648358 18.265992 1 16 4
P 17.578824 5.051482 1 16 4
P 0.000000 17.566463 1 4 2
P 23.227182 5.751012 1 30 2
P 15.996407 22.492537 1 5 5
P 7.230774 0.824938 1 29 5
P 12.096861 23.317475 1 15 5
P 11.130321 0.000000 1 5 5
P 5.905729 2.482273 1 81 1
P 17.321452 20.835201 1 27 1
P 18.286013 0.765778 1 7 3
P 4.941168 22.551697 1 21 3
P 20.106711 18.059385 1 50 5
P 3.120471 5.258090 1 35 5
P 4.594839 13.786000 1 16 2
P 18.632343 9.531475 1 26 2
P 8.801192 20.015703 1 16 1
P 14.425990 3.301771 1 14 1
P 19.466787 20.056168 1 70 5
P 3.760394 3.261307 1 25 5
F 1 13 18 8 15 2
F 1 3 10 0 12 1
F 1 3 14 0 13 2
F 2 98 1 15 21 11
F 1 10 0 8 12 5
F 1 33 0 1 11 4
F 1 42 14 1 14 7
F 1 40 7 1 20 13
F 1 110 17 1 6 2
F 1 16 17 11 12 8
F 1 50 2 11 20 16
F 1 48 3 1 11 7
F 1 48 4 11 12 8
F 1 38 0 11 11 8
F 1 42 0 1 11 8
F 1 50 9 1 18 15
F 1 12 22 1 7 4
F 1 38 13 11 13 11
F 1 32 5 1 9 7
F 1 27 17 1 6 4
F 1 40 10 1 14 13
F 1 32 0 1 11 10
F 1 30 7 1 20 19
go
P 11.613591 11.658737 1 6 0
P 1.290286 9.040786 2 134 5
P 21.936895 14.276689 1 25 5
P 5.648358 18.265992 1 20 4
P 17.578824 5.051482 1 20 4
P 0.000000 17.566463 1 6 2
P 23.227182 5.751012 1 32 2
P 15.996407 22.492537 1 10 5
P 7.230774 0.824938 1 34 5
P 12.096861 23.317475 1 20 5
P 11.130321 0.000000 1 10 5
P 5.905729 2.482273 1 82 1
P 17.321452 20.835201 1 28 1
P 18.286013 0.765778 1 10 3
P 4.941168 22.551697 1 24 3
P 20.106711 18.059385 1 55 5
P 3.120471 5.258090 1 40 5
P 4.594839 13.786000 1 18 2
P 18.632343 9.531475 1 28 2
P 8.801192 20.015703 1 17 1
P 14.425990 3.301771 1 15 1
P 19.466787 20.056168 1 75 5
P 3.760394 3.261307 1 30 5
F 1 13 18 8 15 1
F 1 3 14 0 13 1
F 2 98 1 15 21 10
F 1 10 0 8 12 4
F 1 33 0 1 11 3
F 1 42 14 1 14 6
F 1 40 7 1 20 12
F 1 110 17 1 6 1
F 1 16 17 11 12 7
F 1 50 2 11 20 15
F 1 48 3 1 11 6
F 1 48 4 11 12 7
F 1 38 0 11 11 7
F 1 42 0 1 11 7
F 1 50 9 1 18 14
F 1 12 22 1 7 3
F 1 38 13 11 13 10
F 1 32 5 1 9 6
F 1 27 17 1 6 3
F 1 40 10 1 14 12
F 1 32 0 1 11 9
F 1 30 7 1 20 18
go
P 11.613591 11.658737 1 9 0
P 1.290286 9.040786 2 29 5
P 21.936895 14.276689 1 30 5
P 5.648358 18.265992 1 24 4
P 17.578824 5.051482 1 24 4
P 0.000000 17.566463 1 8 2
P 23.227182 5.751012 1 34 2
P 15.996407 22.492537 1 15 5
P 7.230774 0.824938 1 18 5
P 12.096861 23.317475 1 25 5
P 11.130321 0.000000 1 15 5
P 5.905729 2.482273 1 1 1
P 17.321452 20.835201 1 29 1
P 18.286013 0.765778 1 13 3
P 4.941168 22.551697 1 27 3
P 20.106711 18.059385 1 60 5
P 3.120471 5.258090 1 5 5
P 4.594839 13.786000 1 20 2
P 18.632343 9.531475 1 30 2
P 8.801192 20.015703 1 18 1
P 14.425990 3.301771 1 16 1
P 19.466787 20.056168 1 80 5
P 3.760394 3.261307 1 35 5
F 2 98 1 15 21 9
F 1 10 0 8 12 3
F 1 33 0 1 11 2
F 1 42 14 1 14 5
F 1 40 7 1 20 11
F 1 16 17 11 12 6
F 1 50 2 11 20 14
F 1 48 3 1 11 5
F 1 48 4 11 12 6
F 1 38 0 11 11 6
F 1 42 0 1 11 6
F 1 50 9 1 18 13
F 1 12 22 1 7 2
F 1 38 13 11 13 9
F 1 32 5 1 9 5
F 1 27 17 1 6 2
F 1 40 10 1 14 11
F 1 32 0 1 11 8
F 1 30 7 1 20 17
F 1 82 11 1 9 8
F 1 40 16 1 5 4
F 1 34 8 1 11 10
go
P 11.613591 11.658737 1 9 0
P 1.290286 9.040786 2 34 5
P 21.936895 14.276689 1 35 5
P 5.648358 18.265992 1 28 4
P 17.578824 5.051482 1 28 4
P 0.000000 17.566463 1 10 2
P 23.227182 5.751012 1 36 2
P 15.996407 22.492537 1 20 5
P 7.230774 0.824938 1 23 5
P 12.096861 23.317475 1 30 5
P 11.130321 0.000000 1 20 5
P 5.905729 2.482273 1 2 1
P 17.321452 20.835201 1 30 1
P 18.286013 0.765778 1 16 3
P 4.941168 22.551697 1 30 3
P 20.106711 18.059385 1 65 5
P 3.120471 5.258090 1 10 5
P 4.594839 13.786000 1 22 2
P 18.632343 9.531475 1 32 2
P 8.801192 20.015703 1 19 1
P 14.425990 3.301771 1 17 1
P 19.466787 20.056168 1 85 5
P 3.760394 3.261307 1 10 5
F 2 98 1 15 21 8
F 1 10 0 8 12 2
F 1 33 0 1 11 1
F 1 42 14 1 14 4
F 1 40 7 1 20 10
F 1 16 17 11 12 5
F 1 50 2 11 20 13
F 1 48 3 1 11 4
F 1 48 4 11 12 5
F 1 38 0 11 11 5
F 1 42 0 1 11 5
F 1 50 9 1 18 12
F 1 12 22 1 7 1
F 1 38 13 11 13 8
F 1 32 5 1 9 4
F 1 27 17 1 6 1
F 1 40 10 1 14 10
F 1 32 0 1 11 7
F 1 30 7 1 20 16
F 1 82 11 1 9 7
F 1 40 16 1 5 3
F 1 34 8 1 11 9
F 1 30 22 1 7 6
go
P 11.613591 11.658737 1 9 0
P 1.290286 9.040786 1 33 5
P 21.936895 14.276689 1 40 5
P 5.648358 18.265992 1 32 4
P 17.578824 5.051482 1 32 4
P 0.000000 17.566463 1 12 2
P 23.227182 5.751012 1 38 2
P 15.996407 22.492537 1 25 5
P 7.230774 0.824938 1 28 5
P 12.096861 23.317475 1 35 5
P 11.130321 0.000000 1 25 5
P 5.905729 2.482273 1 3 1
P 17.321452 20.835201 1 31 1
P 18.286013 0.765778 1 19 3
P 4.941168 22.551697 1 33 3
P 20.106711 18.059385 1 70 5
P 3.120471 5.258090 1 15 5
P 4.594839 13.786000 1 24 2
P 18.632343 9.531475 1 2 2
P 8.801192 20.015703 1 20 1
P 14.425990 3.301771 1 18 1
P 19.466787 20.056168 1 90 5
P 3.760394 3.261307 1 15 5
F 2 98 1 15 21 7
F 1 10 0 8 12 1
F 1 42 14 1 14 3
F 1 40 7 1 20 9
F 1 16 17 11 12 4
F 1 50 2 11 20 12
F 1 48 3 1 11 3
F 1 48 4 11 12 4
F 1 38 0 11 11 4
F 1 42 0 1 11 4
F 1 50 9 1 18 11
F 1 38 13 11 13 7
F 1 32 5 1 9 3
F 1 40 10 1 14 9
F 1 32 0 1 11 6
F 1 30 7 1 20 15
F 1 82 11 1 9 6
F 1 40 16 1 5 2
F 1 34 8 1 11 8
F 1 30 22 1 7 5
F 1 32 18 1 18 17
go
P 11.613591 11.658737 1 9 0
P 1.290286 9.040786 1 38 5
P 21.936895 14.276689 1 45 5
P 5.648358 18.265992 1 36 4
P 17.578824 5.051482 1 36 4
P 0.000000 17.566463 1 14 2
P 23.227182 5.751012 1 40 2
P 15.996407 22.492537 1 30 5
P 7.230774 0.824938 1 43 5
P 12.096861 23.317475 1 40 5
P 11.130321 0.000000 1 30 5
P 5.905729 2.482273 1 4 1
P 17.321452 20.835201 1 32 1
P 18.286013 0.765778 1 22 3
P 4.941168 22.551697 1 36 3
P 20.106711 18.059385 1 75 5
P 3.120471 5.258090 1 20 5
P 4.594839 13.786000 1 26 2
P 18.632343 9.531475 1 4 2
P 8.801192 20.015703 1 21 1
P 14.425990 3.301771 1 19 1
P 19.466787 20.056168 1 95 5
P 3.760394 3.261307 1 20 5
F 2 98 1 15 21 6
F 1 42 14 1 14 2
F 1 40 7 1 20 8
F 1 16 17 11 12 3
F 1 50 2 11 20 11
F 1 48 3 1 11 2
F 1 48 4 11 12 3
F 1 38 0 11 11 3
F 1 42 0 1 11 3
F 1 50 9 1 18 10
F 1 38 13 11 13 6
F 1 32 5 1 9 2
F 1 40 10 1 14 8
F 1 32 0 1 11 5
F 1 30 7 1 20 14
F 1 82 11 1 9 5
F 1 40 16 1 5 1
F 1 34 8 1 11 7
F 1 30 22 1 7 4
F 1 32 18 1 18 16
go
P 11.613591 11.658737 1 9 0
P 1.290286 9.040786 1 83 5
P 21.936895 14.276689 1 50 5
P 5.648358 18.265992 1 40 4
P 17.578824 5.051482 1 40 4
P 0.000000 17.566463 1 16 2
P 23.227182 5.751012 1 42 2
P 15.996407 22.492537 1 35 5
P 7.230774 0.824938 1 48 5
P 12.096861 23.317475 1 45 5
P 11.130321 0.000000 1 35 5
P 5.905729 2.482273 1 5 1
P 17.321452 20.835201 1 33 1
P 18.286013 0.765778 1 25 3
P 4.941168 22.551697 1 39 3
P 20.106711 18.059385 1 80 5
P 3.120471 5.258090 1 25 5
P 4.594839 13.786000 1 28 2
P 18.632343 9.531475 1 6 2
P 8.801192 20.015703 1 22 1
P 14.425990 3.301771 1 20 1
P 19.466787 20.056168 1 100 5
P 3.760394 3.261307 1 25 5
F 2 98 1 15 21 5
F 1 42 14 1 14 1
F 1 40 7 1 20 7
F 1 16 17 11 12 2
F 1 50 2 11 20 10
F 1 48 3 1 11 1
F 1 48 4 11 12 2
F 1 38 0 11 11 2
F 1 42 0 1 11 2
F 1 50 9 1 18 9
F 1 38 13 11 13 5
F 1 32 5 1 9 1
F 1 40 10 1 14 7
F 1 32 0 1 11 4
F 1 30 7 1 20 13
F 1 82 11 1 9 4
F 1 34 8 1 11 6
F 1 30 22 1 7 3
F 1 32 18 1 18 15
go
P 11.613591 11.658737 1 9 0
P 1.290286 9.040786 1 210 5
P 21.936895 14.276689 1 55 5
P 5.648358 18.265992 1 44 4
P 17.578824 5.051482 1 44 4
P 0.000000 17.566463 1 18 2
P 23.227182 5.751012 1 44 2
P 15.996407 22.492537 1 40 5
P 7.230774 0.824938 1 53 5
P 12.096861 23.317475 1 50 5
P 11.130321 0.000000 1 40 5
P 5.905729 2.482273 1 6 1
P 17.321452 20.835201 1 34 1
P 18.286013 0.765778 1 28 3
P 4.941168 22.551697 1 42 3
P 20.106711 18.059385 1 85 5
P 3.120471 5.258090 1 30 5
P 4.594839 13.786000 1 30 2
P 18.632343 9.531475 1 8 2
P 8.801192 20.015703 1 23 1
P 14.425990 3.301771 1 21 1
P 19.466787 20.056168 1 105 5
P 3.760394 3.261307 1 30 5
F 2 98 1 15 21 4
F 1 40 7 1 20 6
F 1 16 17 11 12 1
F 1 50 2 11 20 9
F 1 48 4 11 12 1
F 1 38 0 11 11 1
F 1 42 0 1 11 1
F 1 50 9 1 18 8
F 1 38 13 11 13 4
F 1 40 10 1 14 6
F 1 32 0 1 11 3
F 1 30 7 1 20 12
F 1 82 11 1 9 3
F 1 34 8 1 11 5
F 1 30 22 1 7 2
F 1 32 18 1 18 14
go
P 11.613591 11.658737 1 9 0
P 1.290286 9.040786 1 257 5
P 21.936895 14.276689 1 60 5
P 5.648358 18.265992 1 48 4
P 17.578824 5.051482 1 48 4
P 0.000000 17.566463 1 20 2
P 23.227182 5.751012 1 46 2
P 15.996407 22.492537 1 45 5
P 7.230774 0.824938 1 58 5
P 12.096861 23.317475 1 55 5
P 11.130321 0.000000 1 45 5
P 5.905729 2.482273 1 109 1
P 17.321452 20.835201 1 35 1
P 18.286013 0.765778 1 31 3
P 4.941168 22.551697 1 45 3
P 20.106711 18.059385 1 90 5
P 3.120471 5.258090 1 35 5
P 4.594839 13.786000 1 32 2
P 18.632343 9.531475 1 10 2
P 8.801192 20.015703 1 24 1
P 14.425990 3.301771 1 22 1
P 19.466787 20.056168 1 110 5
P 3.760394 3.261307 1 35 5
F 2 98 1 15 21 3
F 1 40 7 1 20 5
F 1 50 2 11 20 8
F 1 50 9 1 18 7
F 1 38 13 11 13 3
F 1 40 10 1 14 5
F 1 32 0 1 11 2
F 1 30 7 1 20 11
F 1 82 11 1 9 2
F 1 34 8 1 11 4
F 1 30 22 1 7 1
F 1 32 18 1 18 13
go
P 11.613591 11.658737 1 9 0
P 1.290286 9.040786 1 292 5
P 21.936895 14.276689 1 65 5
P 5.648358 18.265992 1 52 4
P 17.578824 5.051482 1 52 4
P 0.000000 17.566463 1 22 2
P 23.227182 5.751012 1 48 2
P 15.996407 22.492537 1 50 5
P 7.230774 0.824938 1 63 5
P 12.096861 23.317475 1 60 5
P 11.130321 0.000000 1 50 5
P 5.905729 2.482273 1 110 1
P 17.321452 20.835201 1 36 1
P 18.286013 0.765778 1 34 3
P 4.941168 22.551697 1 48 3
P 20.106711 18.059385 1 95 5
P 3.120471 5.258090 1 40 5
P 4.594839 13.786000 1 34 2
P 18.632343 9.531475 1 12 2
P 8.801192 20.015703 1 25 1
P 14.425990 3.301771 1 23 1
P 19.466787 20.056168 1 115 5
P 3.760394 3.261307 1 40 5
F 2 98 1 15 21 2
F 1 40 7 1 20 4
F 1 50 2 11 20 7
F 1 50 9 1 18 6
F 1 38 13 11 13 2
F 1 40 10 1 14 4
F 1 32 0 1 11 1
F 1 30 7 1 20 10
F 1 82 11 1 9 1
F 1 34 8 1 11 3
F 1 32 18 1 18 12
go
P 11.613591 11.658737 1 9 0
P 1.290286 9.040786 1 411 5
P 21.936895 14.276689 1 70 5
P 5.648358 18.265992 1 56 4
P 17.578824 5.051482 1 56 4
P 0.000000 17.566463 1 24 2
P 23.227182 5.751012 1 50 2
P 15.996407 22.492537 1 55 5
P 7.230774 0.824938 1 68 5
P 12.096861 23.317475 1 65 5
P 11.130321 0.000000 1 55 5
P 5.905729 2.482273 1 111 1
P 17.321452 20.835201 1 37 1
P 18.286013 0.765778 1 37 3
P 4.941168 22.551697 1 51 3
P 20.106711 18.059385 1 100 5
P 3.120471 5.258090 1 45 5
P 4.594839 13.786000 1 36 2
P 18.632343 9.531475 1 14 2
P 8.801192 20.015703 1 26 1
P 14.425990 3.301771 1 24 1
P 19.466787 20.056168 1 120 5
P 3.760394 3.261307 1 45 5
F 2 98 1 15 21 1
F 1 40 7 1 20 3
F 1 50 2 11 20 6
F 1 50 9 1 18 5
F 1 38 13 11 13 1
F 1 40 10 1 14 3
F 1 30 7 1 20 9
F 1 34 8 1 11 2
F 1 32 18 1 18 11
go
