P 11.014548 9.362856 0 104 4
P 5.518446 18.725713 2 100 5
P 16.510650 0.000000 1 100 5
P 18.571299 14.374196 0 53 1
P 3.457797 4.351517 0 53 1
P 10.563623 5.157520 0 13 3
P 11.465473 13.568193 0 13 3
P 1.122518 14.327445 0 23 1
P 20.906578 4.398268 0 23 1
P 2.735221 10.897241 0 43 5
P 19.293876 7.828472 0 43 5
P 19.940382 3.913752 0 40 1
P 2.088715 14.811961 0 40 1
P 10.654937 7.393663 0 19 4
P 11.374159 11.332050 0 19 4
P 16.387644 16.285006 0 84 5
P 5.641453 2.440707 0 84 5
P 7.885087 13.891297 0 6 3
P 14.144009 4.834416 0 6 3
P 3.859973 0.272837 0 72 3
P 18.169124 18.452876 0 72 3
P 0.000000 11.421529 0 61 2
P 22.029096 7.304184 0 61 2
go
P 11.014548 9.362856 0 104 4
P 5.518446 18.725713 2 17 5
P 16.510650 0.000000 1 6 5
P 18.571299 14.374196 0 53 1
P 3.457797 4.351517 0 53 1
P 10.563623 5.157520 0 13 3
P 11.465473 13.568193 0 13 3
P 1.122518 14.327445 0 23 1
P 20.906578 4.398268 0 23 1
P 2.735221 10.897241 0 43 5
P 19.293876 7.828472 0 43 5
P 19.940382 3.913752 0 40 1
P 2.088715 14.811961 0 40 1
P 10.654937 7.393663 0 19 4
P 11.374159 11.332050 0 19 4
P 16.387644 16.285006 0 84 5
P 5.641453 2.440707 0 84 5
P 7.885087 13.891297 0 6 3
P 14.144009 4.834416 0 6 3
P 3.859973 0.272837 0 72 3
P 18.169124 18.452876 0 72 3
P 0.000000 11.421529 0 61 2
P 22.029096 7.304184 0 61 2
F 2 8 1 17 6 5
F 2 8 1 18 17 16
F 2 20 1 13 13 12
F 2 20 1 14 10 9
F 2 16 1 5 15 14
F 2 16 1 6 8 7
F 1 8 2 18 6 5
F 1 15 2 5 8 7
F 1 21 2 13 10 9
F 1 15 2 6 15 14
F 1 21 2 14 13 12
F 1 8 2 17 17 16
F 1 11 2 8 7 6
go
P 11.014548 9.362856 0 104 4
P 5.518446 18.725713 2 14 5
P 16.510650 0.000000 1 6 5
P 18.571299 14.374196 0 53 1
P 3.457797 4.351517 0 53 1
P 10.563623 5.157520 0 13 3
P 11.465473 13.568193 0 13 3
P 1.122518 14.327445 0 23 1
P 20.906578 4.398268 0 23 1
P 2.735221 10.897241 0 43 5
P 19.293876 7.828472 0 43 5
P 19.940382 3.913752 0 40 1
P 2.088715 14.811961 0 40 1
P 10.654937 7.393663 0 19 4
P 11.374159 11.332050 0 19 4
P 16.387644 16.285006 0 84 5
P 5.641453 2.440707 0 84 5
P 7.885087 13.891297 0 6 3
P 14.144009 4.834416 0 6 3
P 3.859973 0.272837 0 72 3
P 18.169124 18.452876 0 72 3
P 0.000000 11.421529 0 61 2
P 22.029096 7.304184 0 61 2
F 2 8 1 17 6 4
F 2 8 1 18 17 15
F 2 20 1 13 13 11
F 2 20 1 14 10 8
F 2 16 1 5 15 13
F 2 16 1 6 8 6
F 1 8 2 18 6 4
F 1 15 2 5 8 6
F 1 21 2 13 10 8
F 1 15 2 6 15 13
F 1 21 2 14 13 11
F 1 8 2 17 17 15
F 1 11 2 8 7 5
F 2 8 1 2 22 21
F 1 5 2 10 9 8
go
P 11.014548 9.362856 0 104 4
P 5.518446 18.725713 2 11 5
P 16.510650 0.000000 1 6 5
P 18.571299 14.374196 0 53 1
P 3.457797 4.351517 0 53 1
P 10.563623 5.157520 0 13 3
P 11.465473 13.568193 0 13 3
P 1.122518 14.327445 0 23 1
P 20.906578 4.398268 0 23 1
P 2.735221 10.897241 0 43 5
P 19.293876 7.828472 0 43 5
P 19.940382 3.913752 0 40 1
P 2.088715 14.811961 0 40 1
P 10.654937 7.393663 0 19 4
P 11.374159 11.332050 0 19 4
P 16.387644 16.285006 0 84 5
P 5.641453 2.440707 0 84 5
P 7.885087 13.891297 0 6 3
P 14.144009 4.834416 0 6 3
P 3.859973 0.272837 0 72 3
P 18.169124 18.452876 0 72 3
P 0.000000 11.421529 0 61 2
P 22.029096 7.304184 0 61 2
F 2 8 1 17 6 3
F 2 8 1 18 17 14
F 2 20 1 13 13 10
F 2 20 1 14 10 7
F 2 16 1 5 15 12
F 2 16 1 6 8 5
F 1 8 2 18 6 3
F 1 15 2 5 8 5
F 1 21 2 13 10 7
F 1 15 2 6 15 12
F 1 21 2 14 13 10
F 1 8 2 17 17 14
F 1 11 2 8 7 4
F 2 8 1 2 22 20
F 1 5 2 10 9 7
F 2 8 1 2 22 21
F 1 5 2 10 9 8
go
P 11.014548 9.362856 0 104 4
P 5.518446 18.725713 2 16 5
P 16.510650 0.000000 1 6 5
P 18.571299 14.374196 0 53 1
P 3.457797 4.351517 0 53 1
P 10.563623 5.157520 0 13 3
P 11.465473 13.568193 0 13 3
P 1.122518 14.327445 0 23 1
P 20.906578 4.398268 0 23 1
P 2.735221 10.897241 0 43 5
P 19.293876 7.828472 0 43 5
P 19.940382 3.913752 0 40 1
P 2.088715 14.811961 0 40 1
P 10.654937 7.393663 0 19 4
P 11.374159 11.332050 0 19 4
P 16.387644 16.285006 0 84 5
P 5.641453 2.440707 0 84 5
P 7.885087 13.891297 0 6 3
P 14.144009 4.834416 0 6 3
P 3.859973 0.272837 0 72 3
P 18.169124 18.452876 0 72 3
P 0.000000 11.421529 0 61 2
P 22.029096 7.304184 0 61 2
F 2 8 1 17 6 2
F 2 8 1 18 17 13
F 2 20 1 13 13 9
F 2 20 1 14 10 6
F 2 16 1 5 15 11
F 2 16 1 6 8 4
F 1 8 2 18 6 2
F 1 15 2 5 8 4
F 1 21 2 13 10 6
F 1 15 2 6 15 11
F 1 21 2 14 13 9
F 1 8 2 17 17 13
F 1 11 2 8 7 3
F 2 8 1 2 22 19
F 1 5 2 10 9 6
F 2 8 1 2 22 20
F 1 5 2 10 9 7
F 1 5 2 10 9 8
go
P 11.014548 9.362856 0 104 4
P 5.518446 18.725713 2 13 5
P 16.510650 0.000000 1 6 5
P 18.571299 14.374196 0 53 1
P 3.457797 4.351517 0 53 1
P 10.563623 5.157520 0 13 3
P 11.465473 13.568193 0 13 3
P 1.122518 14.327445 0 23 1
P 20.906578 4.398268 0 23 1
P 2.735221 10.897241 0 43 5
P 19.293876 7.828472 0 43 5
P 19.940382 3.913752 0 40 1
P 2.088715 14.811961 0 40 1
P 10.654937 7.393663 0 19 4
P 11.374159 11.332050 0 19 4
P 16.387644 16.285006 0 84 5
P 5.641453 2.440707 0 84 5
P 7.885087 13.891297 0 6 3
P 14.144009 4.834416 0 6 3
P 3.859973 0.272837 0 72 3
P 18.169124 18.452876 0 72 3
P 0.000000 11.421529 0 61 2
P 22.029096 7.304184 0 61 2
F 2 8 1 17 6 1
F 2 8 1 18 17 12
F 2 20 1 13 13 8
F 2 20 1 14 10 5
F 2 16 1 5 15 10
F 2 16 1 6 8 3
F 1 8 2 18 6 1
F 1 15 2 5 8 3
F 1 21 2 13 10 5
F 1 15 2 6 15 10
F 1 21 2 14 13 8
F 1 8 2 17 17 12
F 1 11 2 8 7 2
F 2 8 1 2 22 18
F 1 5 2 10 9 5
F 2 8 1 2 22 19
F 1 5 2 10 9 6
F 1 5 2 10 9 7
F 2 8 1 2 22 21
F 1 5 2 10 9 8
go
P 11.014548 9.362856 0 104 4
P 5.518446 18.725713 2 10 5
P 16.510650 0.000000 1 6 5
P 18.571299 14.374196 0 53 1
P 3.457797 4.351517 0 53 1
P 10.563623 5.157520 0 13 3
P 11.465473 13.568193 0 13 3
P 1.122518 14.327445 0 23 1
P 20.906578 4.398268 0 23 1
P 2.735221 10.897241 0 43 5
P 19.293876 7.828472 0 43 5
P 19.940382 3.913752 0 40 1
P 2.088715 14.811961 0 40 1
P 10.654937 7.393663 0 19 4
P 11.374159 11.332050 0 19 4
P 16.387644 16.285006 0 84 5
P 5.641453 2.440707 0 84 5
P 7.885087 13.891297 2 2 3
P 14.144009 4.834416 1 2 3
P 3.859973 0.272837 0 72 3
P 18.169124 18.452876 0 72 3
P 0.000000 11.421529 0 61 2
P 22.029096 7.304184 0 61 2
F 2 8 1 18 17 11
F 2 20 1 13 13 7
F 2 20 1 14 10 4
F 2 16 1 5 15 9
F 2 16 1 6 8 2
F 1 15 2 5 8 2
F 1 21 2 13 10 4
F 1 15 2 6 15 9
F 1 21 2 14 13 7
F 1 8 2 17 17 11
F 1 11 2 8 7 1
F 2 8 1 2 22 17
F 1 5 2 10 9 4
F 2 8 1 2 22 18
F 1 5 2 10 9 5
F 1 5 2 10 9 6
F 2 8 1 2 22 20
F 1 5 2 10 9 7
F 2 8 1 2 22 21
F 1 5 2 10 9 8
go
P 11.014548 9.362856 0 104 4
P 5.518446 18.725713 2 11 5
P 16.510650 0.000000 1 6 5
P 18.571299 14.374196 0 53 1
P 3.457797 4.351517 0 53 1
P 10.563623 5.157520 0 13 3
P 11.465473 13.568193 0 13 3
P 1.122518 14.327445 0 23 1
P 20.906578 4.398268 0 12 1
P 2.735221 10.897241 0 43 5
P 19.293876 7.828472 0 43 5
P 19.940382 3.913752 0 40 1
P 2.088715 14.811961 0 40 1
P 10.654937 7.393663 0 19 4
P 11.374159 11.332050 0 19 4
P 16.387644 16.285006 0 84 5
P 5.641453 2.440707 0 84 5
P 7.885087 13.891297 2 5 3
P 14.144009 4.834416 1 4 3
P 3.859973 0.272837 0 72 3
P 18.169124 18.452876 0 72 3
P 0.000000 11.421529 0 61 2
P 22.029096 7.304184 0 61 2
F 2 8 1 18 17 10
F 2 20 1 13 13 6
F 2 20 1 14 10 3
F 2 16 1 5 15 8
F 2 16 1 6 8 1
F 1 15 2 5 8 1
F 1 21 2 13 10 3
F 1 15 2 6 15 8
F 1 21 2 14 13 6
F 1 8 2 17 17 10
F 2 8 1 2 22 16
F 1 5 2 10 9 3
F 2 8 1 2 22 17
F 1 5 2 10 9 4
F 1 5 2 10 9 5
F 2 8 1 2 22 19
F 1 5 2 10 9 6
F 2 8 1 2 22 20
F 1 5 2 10 9 7
F 2 4 1 18 17 16
F 1 5 2 10 9 8
F 1 1 18 10 6 5
go
P 11.014548 9.362856 0 104 4
P 5.518446 18.725713 2 12 5
P 16.510650 0.000000 1 6 5
P 18.571299 14.374196 0 53 1
P 3.457797 4.351517 0 53 1
P 10.563623 5.157520 1 2 3
P 11.465473 13.568193 2 3 3
P 1.122518 14.327445 0 23 1
P 20.906578 4.398268 0 12 1
P 2.735221 10.897241 0 43 5
P 19.293876 7.828472 0 43 5
P 19.940382 3.913752 0 40 1
P 2.088715 14.811961 0 40 1
P 10.654937 7.393663 0 19 4
P 11.374159 11.332050 0 19 4
P 16.387644 16.285006 0 84 5
P 5.641453 2.440707 0 84 5
P 7.885087 13.891297 2 8 3
P 14.144009 4.834416 1 4 3
P 3.859973 0.272837 0 72 3
P 18.169124 18.452876 0 72 3
P 0.000000 11.421529 0 61 2
P 22.029096 7.304184 0 61 2
F 2 8 1 18 17 9
F 2 20 1 13 13 5
F 2 20 1 14 10 2
F 2 16 1 5 15 7
F 1 21 2 13 10 2
F 1 15 2 6 15 7
F 1 21 2 14 13 5
F 1 8 2 17 17 9
F 2 8 1 2 22 15
F 1 5 2 10 9 2
F 2 8 1 2 22 16
F 1 5 2 10 9 3
F 1 5 2 10 9 4
F 2 8 1 2 22 18
F 1 5 2 10 9 5
F 2 8 1 2 22 19
F 1 5 2 10 9 6
F 2 4 1 18 17 15
F 1 5 2 10 9 7
F 1 1 18 10 6 4
F 2 4 1 18 17 16
F 1 5 2 8 7 6
F 1 3 18 8 7 6
go
P 11.014548 9.362856 0 104 4
P 5.518446 18.725713 2 13 5
P 16.510650 0.000000 1 6 5
P 18.571299 14.374196 0 53 1
P 3.457797 4.351517 0 53 1
P 10.563623 5.157520 1 4 3
P 11.465473 13.568193 2 6 3
P 1.122518 14.327445 0 23 1
P 20.906578 4.398268 0 12 1
P 2.735221 10.897241 0 43 5
P 19.293876 7.828472 0 43 5
P 19.940382 3.913752 0 40 1
P 2.088715 14.811961 0 40 1
P 10.654937 7.393663 0 19 4
P 11.374159 11.332050 0 19 4
P 16.387644 16.285006 0 84 5
P 5.641453 2.440707 0 84 5
P 7.885087 13.891297 2 11 3
P 14.144009 4.834416 1 5 3
P 3.859973 0.272837 0 72 3
P 18.169124 18.452876 0 72 3
P 0.000000 11.421529 0 61 2
P 22.029096 7.304184 0 61 2
F 2 8 1 18 17 8
F 2 20 1 13 13 4
F 2 20 1 14 10 1
F 2 16 1 5 15 6
F 1 21 2 13 10 1
F 1 15 2 6 15 6
F 1 21 2 14 13 4
F 1 8 2 17 17 8
F 2 8 1 2 22 14
F 1 5 2 10 9 1
F 2 8 1 2 22 15
F 1 5 2 10 9 2
F 1 5 2 10 9 3
F 2 8 1 2 22 17
F 1 5 2 10 9 4
F 2 8 1 2 22 18
F 1 5 2 10 9 5
F 2 4 1 18 17 14
F 1 5 2 10 9 6
F 1 1 18 10 6 3
F 2 4 1 18 17 15
F 1 5 2 8 7 5
F 1 3 18 8 7 5
F 2 4 1 18 17 16
F 1 5 2 8 7 6
F 1 1 5 8 11 10
F 1 2 18 17 12 11
go
P 11.014548 9.362856 0 104 4
P 5.518446 18.725713 2 10 5
P 16.510650 0.000000 1 8 5
P 18.571299 14.374196 0 53 1
P 3.457797 4.351517 0 53 1
P 10.563623 5.157520 1 4 3
P 11.465473 13.568193 2 9 3
P 1.122518 14.327445 0 23 1
P 20.906578 4.398268 0 12 1
P 2.735221 10.897241 0 43 5
P 19.293876 7.828472 0 38 5
P 19.940382 3.913752 0 40 1
P 2.088715 14.811961 0 40 1
P 10.654937 7.393663 1 2 4
P 11.374159 11.332050 2 1 4
P 16.387644 16.285006 0 84 5
P 5.641453 2.440707 0 84 5
P 7.885087 13.891297 2 14 3
P 14.144009 4.834416 1 5 3
P 3.859973 0.272837 0 72 3
P 18.169124 18.452876 0 72 3
P 0.000000 11.421529 0 61 2
P 22.029096 7.304184 0 61 2
F 2 8 1 18 17 7
F 2 20 1 13 13 3
F 2 16 1 5 15 5
F 1 15 2 6 15 5
F 1 21 2 14 13 3
F 1 8 2 17 17 7
F 2 8 1 2 22 13
F 2 8 1 2 22 14
F 1 5 2 10 9 1
F 1 5 2 10 9 2
F 2 8 1 2 22 16
F 1 5 2 10 9 3
F 2 8 1 2 22 17
F 1 5 2 10 9 4
F 2 4 1 18 17 13
F 1 5 2 10 9 5
F 1 1 18 10 6 2
F 2 4 1 18 17 14
F 1 5 2 8 7 4
F 1 3 18 8 7 4
F 2 4 1 18 17 15
F 1 5 2 8 7 5
F 1 1 5 8 11 9
F 1 2 18 17 12 10
F 2 8 1 5 15 14
F 1 3 2 17 17 16
F 1 3 5 10 10 9
F 1 3 18 17 12 11
go
P 11.014548 9.362856 0 104 4
P 5.518446 18.725713 2 11 5
P 16.510650 0.000000 1 6 5
P 18.571299 14.374196 0 53 1
P 3.457797 4.351517 0 53 1
P 10.563623 5.157520 1 4 3
P 11.465473 13.568193 2 12 3
P 1.122518 14.327445 0 23 1
P 20.906578 4.398268 0 12 1
P 2.735221 10.897241 0 43 5
P 19.293876 7.828472 0 33 5
P 19.940382 3.913752 0 40 1
P 2.088715 14.811961 0 40 1
P 10.654937 7.393663 1 6 4
P 11.374159 11.332050 2 5 4
P 16.387644 16.285006 0 84 5
P 5.641453 2.440707 0 84 5
P 7.885087 13.891297 2 9 3
P 14.144009 4.834416 1 5 3
P 3.859973 0.272837 0 72 3
P 18.169124 18.452876 0 72 3
P 0.000000 11.421529 0 61 2
P 22.029096 7.304184 0 61 2
F 2 8 1 18 17 6
F 2 20 1 13 13 2
F 2 16 1 5 15 4
F 1 15 2 6 15 4
F 1 21 2 14 13 2
F 1 8 2 17 17 6
F 2 8 1 2 22 12
F 2 8 1 2 22 13
F 1 5 2 10 9 1
F 2 8 1 2 22 15
F 1 5 2 10 9 2
F 2 8 1 2 22 16
F 1 5 2 10 9 3
F 2 4 1 18 17 12
F 1 5 2 10 9 4
F 1 1 18 10 6 1
F 2 4 1 18 17 13
F 1 5 2 8 7 3
F 1 3 18 8 7 3
F 2 4 1 18 17 14
F 1 5 2 8 7 4
F 1 1 5 8 11 8
F 1 2 18 17 12 9
F 2 8 1 5 15 13
F 1 3 2 17 17 15
F 1 3 5 10 10 8
F 1 3 18 17 12 10
F 2 4 1 5 15 14
F 2 8 17 18 12 11
F 1 7 2 10 9 8
F 1 3 5 10 10 9
F 1 3 18 17 12 11
go
P 11.014548 9.362856 0 104 4
P 5.518446 18.725713 2 16 5
P 16.510650 0.000000 1 7 5
P 18.571299 14.374196 0 53 1
P 3.457797 4.351517 0 53 1
P 10.563623 5.157520 1 5 3
P 11.465473 13.568193 2 15 3
P 1.122518 14.327445 0 23 1
P 20.906578 4.398268 0 12 1
P 2.735221 10.897241 0 43 5
P 19.293876 7.828472 0 27 5
P 19.940382 3.913752 0 40 1
P 2.088715 14.811961 0 40 1
P 10.654937 7.393663 1 10 4
P 11.374159 11.332050 2 9 4
P 16.387644 16.285006 0 84 5
P 5.641453 2.440707 0 84 5
P 7.885087 13.891297 2 12 3
P 14.144009 4.834416 1 4 3
P 3.859973 0.272837 0 72 3
P 18.169124 18.452876 0 72 3
P 0.000000 11.421529 0 61 2
P 22.029096 7.304184 0 61 2
F 2 8 1 18 17 5
F 2 20 1 13 13 1
F 2 16 1 5 15 3
F 1 15 2 6 15 3
F 1 21 2 14 13 1
F 1 8 2 17 17 5
F 2 8 1 2 22 11
F 2 8 1 2 22 12
F 2 8 1 2 22 14
F 1 5 2 10 9 1
F 2 8 1 2 22 15
F 1 5 2 10 9 2
F 2 4 1 18 17 11
F 1 5 2 10 9 3
F 2 4 1 18 17 12
F 1 5 2 8 7 2
F 1 3 18 8 7 2
F 2 4 1 18 17 13
F 1 5 2 8 7 3
F 1 1 5 8 11 7
F 1 2 18 17 12 8
F 2 8 1 5 15 12
F 1 3 2 17 17 14
F 1 3 5 10 10 7
F 1 3 18 17 12 9
F 2 4 1 5 15 13
F 2 8 17 18 12 10
F 1 7 2 10 9 7
F 1 3 5 10 10 8
F 1 3 18 17 12 10
F 1 4 2 10 9 8
F 1 2 5 9 10 9
F 1 4 18 10 6 5
go
P 11.014548 9.362856 0 104 4
P 5.518446 18.725713 2 17 5
P 16.510650 0.000000 1 10 5
P 18.571299 14.374196 0 53 1
P 3.457797 4.351517 0 53 1
P 10.563623 5.157520 1 8 3
P 11.465473 13.568193 2 18 3
P 1.122518 14.327445 0 23 1
P 20.906578 4.398268 0 12 1
P 2.735221 10.897241 0 43 5
P 19.293876 7.828472 0 22 5
P 19.940382 3.913752 0 40 1
P 2.088715 14.811961 0 40 1
P 10.654937 7.393663 2 6 4
P 11.374159 11.332050 1 8 4
P 16.387644 16.285006 0 84 5
P 5.641453 2.440707 0 84 5
P 7.885087 13.891297 2 15 3
P 14.144009 4.834416 1 4 3
P 3.859973 0.272837 0 72 3
P 18.169124 18.452876 0 72 3
P 0.000000 11.421529 0 61 2
P 22.029096 7.304184 0 61 2
F 2 8 1 18 17 4
F 2 16 1 5 15 2
F 1 15 2 6 15 2
F 1 8 2 17 17 4
F 2 8 1 2 22 10
F 2 8 1 2 22 11
F 2 8 1 2 22 13
F 2 8 1 2 22 14
F 1 5 2 10 9 1
F 2 4 1 18 17 10
F 1 5 2 10 9 2
F 2 4 1 18 17 11
F 1 5 2 8 7 1
F 1 3 18 8 7 1
F 2 4 1 18 17 12
F 1 5 2 8 7 2
F 1 1 5 8 11 6
F 1 2 18 17 12 7
F 2 8 1 5 15 11
F 1 3 2 17 17 13
F 1 3 5 10 10 6
F 1 3 18 17 12 8
F 2 4 1 5 15 12
F 2 8 17 18 12 9
F 1 7 2 10 9 6
F 1 3 5 10 10 7
F 1 3 18 17 12 9
F 1 4 2 10 9 7
F 1 2 5 9 10 8
F 1 4 18 10 6 4
F 2 4 1 18 17 16
F 1 2 2 6 15 14
F 1 3 18 10 6 5
go
P 11.014548 9.362856 0 104 4
P 5.518446 18.725713 2 18 5
P 16.510650 0.000000 1 7 5
P 18.571299 14.374196 0 53 1
P 3.457797 4.351517 0 53 1
P 10.563623 5.157520 1 11 3
P 11.465473 13.568193 2 21 3
P 1.122518 14.327445 0 23 1
P 20.906578 4.398268 0 4 1
P 2.735221 10.897241 0 43 5
P 19.293876 7.828472 0 17 5
P 19.940382 3.913752 0 40 1
P 2.088715 14.811961 0 40 1
P 10.654937 7.393663 2 10 4
P 11.374159 11.332050 1 7 4
P 16.387644 16.285006 0 84 5
P 5.641453 2.440707 0 84 5
P 7.885087 13.891297 2 9 3
P 14.144009 4.834416 1 4 3
P 3.859973 0.272837 0 72 3
P 18.169124 18.452876 0 72 3
P 0.000000 11.421529 0 61 2
P 22.029096 7.304184 0 61 2
F 2 8 1 18 17 3
F 2 16 1 5 15 1
F 1 15 2 6 15 1
F 1 8 2 17 17 3
F 2 8 1 2 22 9
F 2 8 1 2 22 10
F 2 8 1 2 22 12
F 2 8 1 2 22 13
F 2 4 1 18 17 9
F 1 5 2 10 9 1
F 2 4 1 18 17 10
F 2 4 1 18 17 11
F 1 5 2 8 7 1
F 1 1 5 8 11 5
F 1 2 18 17 12 6
F 2 8 1 5 15 10
F 1 3 2 17 17 12
F 1 3 5 10 10 5
F 1 3 18 17 12 7
F 2 4 1 5 15 11
F 2 8 17 18 12 8
F 1 7 2 10 9 5
F 1 3 5 10 10 6
F 1 3 18 17 12 8
F 1 4 2 10 9 6
F 1 2 5 9 10 7
F 1 4 18 10 6 3
F 2 4 1 18 17 15
F 1 2 2 6 15 13
F 1 3 18 10 6 4
F 2 4 1 18 17 16
F 2 9 17 14 5 4
F 1 8 2 13 10 9
F 1 5 14 6 3 2
F 1 3 18 10 6 5
go
P 11.014548 9.362856 0 104 4
P 5.518446 18.725713 2 19 5
P 16.510650 0.000000 1 8 5
P 18.571299 14.374196 0 53 1
P 3.457797 4.351517 0 53 1
P 10.563623 5.157520 2 2 3
P 11.465473 13.568193 2 9 3
P 1.122518 14.327445 0 23 1
P 20.906578 4.398268 1 1 1
P 2.735221 10.897241 0 43 5
P 19.293876 7.828472 0 12 5
P 19.940382 3.913752 0 40 1
P 2.088715 14.811961 0 40 1
P 10.654937 7.393663 2 14 4
P 11.374159 11.332050 1 8 4
P 16.387644 16.285006 0 84 5
P 5.641453 2.440707 0 84 5
P 7.885087 13.891297 2 12 3
P 14.144009 4.834416 1 4 3
P 3.859973 0.272837 0 72 3
P 18.169124 18.452876 0 72 3
P 0.000000 11.421529 0 61 2
P 22.029096 7.304184 0 61 2
F 2 8 1 18 17 2
F 1 8 2 17 17 2
F 2 8 1 2 22 8
F 2 8 1 2 22 9
F 2 8 1 2 22 11
F 2 8 1 2 22 12
F 2 4 1 18 17 8
F 2 4 1 18 17 9
F 2 4 1 18 17 10
F 1 1 5 8 11 4
F 1 2 18 17 12 5
F 2 8 1 5 15 9
F 1 3 2 17 17 11
F 1 3 5 10 10 4
F 1 3 18 17 12 6
F 2 4 1 5 15 10
F 2 8 17 18 12 7
F 1 7 2 10 9 4
F 1 3 5 10 10 5
F 1 3 18 17 12 7
F 1 4 2 10 9 5
F 1 2 5 9 10 6
F 1 4 18 10 6 2
F 2 4 1 18 17 14
F 1 2 2 6 15 12
F 1 3 18 10 6 3
F 2 4 1 18 17 15
F 2 9 17 14 5 3
F 1 8 2 13 10 8
F 1 5 14 6 3 1
F 1 3 18 10 6 4
F 2 4 1 18 17 16
F 1 4 2 13 10 9
F 1 3 14 17 5 4
F 1 3 18 9 13 12
go
P 11.014548 9.362856 0 104 4
P 5.518446 18.725713 2 20 5
P 16.510650 0.000000 1 9 5
P 18.571299 14.374196 0 53 1
P 3.457797 4.351517 0 53 1
P 10.563623 5.157520 2 5 3
P 11.465473 13.568193 2 7 3
P 1.122518 14.327445 0 23 1
P 20.906578 4.398268 1 2 1
P 2.735221 10.897241 0 43 5
P 19.293876 7.828472 0 12 5
P 19.940382 3.913752 0 40 1
P 2.088715 14.811961 0 40 1
P 10.654937 7.393663 2 10 4
P 11.374159 11.332050 1 6 4
P 16.387644 16.285006 0 84 5
P 5.641453 2.440707 0 84 5
P 7.885087 13.891297 2 11 3
P 14.144009 4.834416 1 4 3
P 3.859973 0.272837 0 72 3
P 18.169124 18.452876 0 72 3
P 0.000000 11.421529 0 61 2
P 22.029096 7.304184 0 61 2
F 2 8 1 18 17 1
F 1 8 2 17 17 1
F 2 8 1 2 22 7
F 2 8 1 2 22 8
F 2 8 1 2 22 10
F 2 8 1 2 22 11
F 2 4 1 18 17 7
F 2 4 1 18 17 8
F 2 4 1 18 17 9
F 1 1 5 8 11 3
F 1 2 18 17 12 4
F 2 8 1 5 15 8
F 1 3 2 17 17 10
F 1 3 5 10 10 3
F 1 3 18 17 12 5
F 2 4 1 5 15 9
F 2 8 17 18 12 6
F 1 7 2 10 9 3
F 1 3 5 10 10 4
F 1 3 18 17 12 6
F 1 4 2 10 9 4
F 1 2 5 9 10 5
F 1 4 18 10 6 1
F 2 4 1 18 17 13
F 1 2 2 6 15 11
F 1 3 18 10 6 2
F 2 4 1 18 17 14
F 2 9 17 14 5 2
F 1 8 2 13 10 7
F 1 3 18 10 6 3
F 2 4 1 18 17 15
F 1 4 2 13 10 8
F 1 3 14 17 5 3
F 1 3 18 9 13 11
F 2 4 1 18 17 16
F 2 8 13 14 5 4
F 2 4 17 8 17 16
F 1 4 2 13 10 9
F 1 6 14 6 3 2
F 1 3 18 5 4 3
go
P 11.014548 9.362856 0 104 4
P 5.518446 18.725713 2 13 5
P 16.510650 0.000000 1 10 5
P 18.571299 14.374196 0 53 1
P 3.457797 4.351517 0 53 1
P 10.563623 5.157520 2 8 3
P 11.465473 13.568193 2 10 3
P 1.122518 14.327445 0 23 1
P 20.906578 4.398268 1 2 1
P 2.735221 10.897241 0 43 5
P 19.293876 7.828472 0 8 5
P 19.940382 3.913752 0 40 1
P 2.088715 14.811961 0 40 1
P 10.654937 7.393663 2 14 4
P 11.374159 11.332050 1 7 4
P 16.387644 16.285006 0 84 5
P 5.641453 2.440707 0 84 5
P 7.885087 13.891297 2 6 3
P 14.144009 4.834416 2 2 3
P 3.859973 0.272837 0 72 3
P 18.169124 18.452876 0 72 3
P 0.000000 11.421529 0 61 2
P 22.029096 7.304184 0 61 2
F 2 8 1 2 22 6
F 2 8 1 2 22 7
F 2 8 1 2 22 9
F 2 8 1 2 22 10
F 2 4 1 18 17 6
F 2 4 1 18 17 7
F 2 4 1 18 17 8
F 1 1 5 8 11 2
F 1 2 18 17 12 3
F 2 8 1 5 15 7
F 1 3 2 17 17 9
F 1 3 5 10 10 2
F 1 3 18 17 12 4
F 2 4 1 5 15 8
F 2 8 17 18 12 5
F 1 7 2 10 9 2
F 1 3 5 10 10 3
F 1 3 18 17 12 5
F 1 4 2 10 9 3
F 1 2 5 9 10 4
F 2 4 1 18 17 12
F 1 2 2 6 15 10
F 1 3 18 10 6 1
F 2 4 1 18 17 13
F 2 9 17 14 5 1
F 1 8 2 13 10 6
F 1 3 18 10 6 2
F 2 4 1 18 17 14
F 1 4 2 13 10 7
F 1 3 14 17 5 2
F 1 3 18 9 13 10
F 2 4 1 18 17 15
F 2 8 13 14 5 3
F 2 4 17 8 17 15
F 1 4 2 13 10 8
F 1 6 14 6 3 1
F 1 3 18 5 4 2
F 2 12 1 8 22 21
F 1 4 2 5 8 7
F 1 1 8 9 20 19
F 1 3 14 6 3 2
F 1 1 18 9 13 12
go
P 11.014548 9.362856 0 104 4
P 5.518446 18.725713 2 14 5
P 16.510650 0.000000 1 6 5
P 18.571299 14.374196 0 53 1
P 3.457797 4.351517 0 53 1
P 10.563623 5.157520 2 11 3
P 11.465473 13.568193 2 7 3
P 1.122518 14.327445 0 23 1
P 20.906578 4.398268 1 2 1
P 2.735221 10.897241 0 43 5
P 19.293876 7.828472 0 5 5
P 19.940382 3.913752 0 40 1
P 2.088715 14.811961 0 40 1
P 10.654937 7.393663 2 14 4
P 11.374159 11.332050 2 1 4
P 16.387644 16.285006 0 84 5
P 5.641453 2.440707 0 84 5
P 7.885087 13.891297 2 9 3
P 14.144009 4.834416 2 5 3
P 3.859973 0.272837 0 72 3
P 18.169124 18.452876 0 72 3
P 0.000000 11.421529 0 61 2
P 22.029096 7.304184 0 61 2
F 2 8 1 2 22 5
F 2 8 1 2 22 6
F 2 8 1 2 22 8
F 2 8 1 2 22 9
F 2 4 1 18 17 5
F 2 4 1 18 17 6
F 2 4 1 18 17 7
F 1 1 5 8 11 1
F 1 2 18 17 12 2
F 2 8 1 5 15 6
F 1 3 2 17 17 8
F 1 3 5 10 10 1
F 1 3 18 17 12 3
F 2 4 1 5 15 7
F 2 8 17 18 12 4
F 1 7 2 10 9 1
F 1 3 5 10 10 2
F 1 3 18 17 12 4
F 1 4 2 10 9 2
F 1 2 5 9 10 3
F 2 4 1 18 17 11
F 1 2 2 6 15 9
F 2 4 1 18 17 12
F 1 8 2 13 10 5
F 1 3 18 10 6 1
F 2 4 1 18 17 13
F 1 4 2 13 10 6
F 1 3 14 17 5 1
F 1 3 18 9 13 9
F 2 4 1 18 17 14
F 2 8 13 14 5 2
F 2 4 17 8 17 14
F 1 4 2 13 10 7
F 1 3 18 5 4 1
F 2 12 1 8 22 20
F 1 4 2 5 8 6
F 1 1 8 9 20 18
F 1 3 14 6 3 1
F 1 1 18 9 13 11
F 2 4 1 14 10 9
F 2 4 13 8 11 10
F 1 9 2 9 18 17
F 1 1 8 9 20 19
F 1 3 14 6 3 2
go
P 11.014548 9.362856 0 104 4
P 5.518446 18.725713 2 15 5
P 16.510650 0.000000 1 6 5
P 18.571299 14.374196 0 53 1
P 3.457797 4.351517 0 53 1
P 10.563623 5.157520 2 11 3
P 11.465473 13.568193 2 7 3
P 1.122518 14.327445 0 23 1
P 20.906578 4.398268 1 3 1
P 2.735221 10.897241 0 43 5
P 19.293876 7.828472 1 8 5
P 19.940382 3.913752 0 40 1
P 2.088715 14.811961 0 40 1
P 10.654937 7.393663 2 10 4
P 11.374159 11.332050 2 5 4
P 16.387644 16.285006 0 84 5
P 5.641453 2.440707 0 84 5
P 7.885087 13.891297 2 9 3
P 14.144009 4.834416 2 8 3
P 3.859973 0.272837 0 72 3
P 18.169124 18.452876 0 72 3
P 0.000000 11.421529 0 61 2
P 22.029096 7.304184 0 61 2
F 2 8 1 2 22 4
F 2 8 1 2 22 5
F 2 8 1 2 22 7
F 2 8 1 2 22 8
F 2 4 1 18 17 4
F 2 4 1 18 17 5
F 2 4 1 18 17 6
F 1 2 18 17 12 1
F 2 8 1 5 15 5
F 1 3 2 17 17 7
F 1 3 18 17 12 2
F 2 4 1 5 15 6
F 2 8 17 18 12 3
F 1 3 5 10 10 1
F 1 3 18 17 12 3
F 1 4 2 10 9 1
F 1 2 5 9 10 2
F 2 4 1 18 17 10
F 1 2 2 6 15 8
F 2 4 1 18 17 11
F 1 8 2 13 10 4
F 2 4 1 18 17 12
F 1 4 2 13 10 5
F 1 3 18 9 13 8
F 2 4 1 18 17 13
F 2 8 13 14 5 1
F 2 4 17 8 17 13
F 1 4 2 13 10 6
F 2 12 1 8 22 19
F 1 4 2 5 8 5
F 1 1 8 9 20 17
F 1 1 18 9 13 10
F 2 4 1 14 10 8
F 2 4 13 8 11 9
F 1 9 2 9 18 16
F 1 1 8 9 20 18
F 1 3 14 6 3 1
F 2 4 1 8 22 21
F 2 8 13 2 10 9
F 1 5 2 9 18 17
F 1 1 8 9 20 19
go
P 11.014548 9.362856 0 104 4
P 5.518446 18.725713 2 19 5
P 16.510650 0.000000 1 7 5
P 18.571299 14.374196 0 53 1
P 3.457797 4.351517 0 53 1
P 10.563623 5.157520 2 14 3
P 11.465473 13.568193 2 7 3
P 1.122518 14.327445 0 23 1
P 20.906578 4.398268 1 4 1
P 2.735221 10.897241 0 43 5
P 19.293876 7.828472 1 16 5
P 19.940382 3.913752 0 40 1
P 2.088715 14.811961 0 40 1
P 10.654937 7.393663 2 14 4
P 11.374159 11.332050 2 17 4
P 16.387644 16.285006 0 84 5
P 5.641453 2.440707 0 84 5
P 7.885087 13.891297 2 10 3
P 14.144009 4.834416 2 11 3
P 3.859973 0.272837 0 72 3
P 18.169124 18.452876 0 72 3
P 0.000000 11.421529 0 61 2
P 22.029096 7.304184 0 61 2
F 2 8 1 2 22 3
F 2 8 1 2 22 4
F 2 8 1 2 22 6
F 2 8 1 2 22 7
F 2 4 1 18 17 3
F 2 4 1 18 17 4
F 2 4 1 18 17 5
F 2 8 1 5 15 4
F 1 3 2 17 17 6
F 1 3 18 17 12 1
F 2 4 1 5 15 5
F 2 8 17 18 12 2
F 1 3 18 17 12 2
F 1 2 5 9 10 1
F 2 4 1 18 17 9
F 1 2 2 6 15 7
F 2 4 1 18 17 10
F 1 8 2 13 10 3
F 2 4 1 18 17 11
F 1 4 2 13 10 4
F 1 3 18 9 13 7
F 2 4 1 18 17 12
F 2 4 17 8 17 12
F 1 4 2 13 10 5
F 2 12 1 8 22 18
F 1 4 2 5 8 4
F 1 1 8 9 20 16
F 1 1 18 9 13 9
F 2 4 1 14 10 7
F 2 4 13 8 11 8
F 1 9 2 9 18 15
F 1 1 8 9 20 17
F 2 4 1 8 22 20
F 2 8 13 2 10 8
F 1 5 2 9 18 16
F 1 1 8 9 20 18
F 2 1 1 8 22 21
F 1 4 2 6 15 14
F 1 4 10 6 10 9
go
P 11.014548 9.362856 0 104 4
P 5.518446 18.725713 2 11 5
P 16.510650 0.000000 1 9 5
P 18.571299 14.374196 0 53 1
P 3.457797 4.351517 0 53 1
P 10.563623 5.157520 2 17 3
P 11.465473 13.568193 2 10 3
P 1.122518 14.327445 0 23 1
P 20.906578 4.398268 1 5 1
P 2.735221 10.897241 0 41 5
P 19.293876 7.828472 1 6 5
P 19.940382 3.913752 0 40 1
P 2.088715 14.811961 0 40 1
P 10.654937 7.393663 2 18 4
P 11.374159 11.332050 2 21 4
P 16.387644 16.285006 0 84 5
P 5.641453 2.440707 0 84 5
P 7.885087 13.891297 2 10 3
P 14.144009 4.834416 2 14 3
P 3.859973 0.272837 0 72 3
P 18.169124 18.452876 0 72 3
P 0.000000 11.421529 0 61 2
P 22.029096 7.304184 0 61 2
F 2 8 1 2 22 2
F 2 8 1 2 22 3
F 2 8 1 2 22 5
F 2 8 1 2 22 6
F 2 4 1 18 17 2
F 2 4 1 18 17 3
F 2 4 1 18 17 4
F 2 8 1 5 15 3
F 1 3 2 17 17 5
F 2 4 1 5 15 4
F 2 8 17 18 12 1
F 1 3 18 17 12 1
F 2 4 1 18 17 8
F 1 2 2 6 15 6
F 2 4 1 18 17 9
F 1 8 2 13 10 2
F 2 4 1 18 17 10
F 1 4 2 13 10 3
F 1 3 18 9 13 6
F 2 4 1 18 17 11
F 2 4 17 8 17 11
F 1 4 2 13 10 4
F 2 12 1 8 22 17
F 1 4 2 5 8 3
F 1 1 8 9 20 15
F 1 1 18 9 13 8
F 2 4 1 14 10 6
F 2 4 13 8 11 7
F 1 9 2 9 18 14
F 1 1 8 9 20 16
F 2 4 1 8 22 19
F 2 8 13 2 10 7
F 1 5 2 9 18 15
F 1 1 8 9 20 17
F 2 1 1 8 22 20
F 1 4 2 6 15 13
F 1 4 10 6 10 8
F 2 13 1 2 22 21
F 1 3 2 17 17 16
F 1 3 10 6 10 9
F 1 3 10 17 13 12
F 1 9 10 9 17 16
go
P 11.014548 9.362856 0 104 4
P 5.518446 18.725713 2 16 5
P 16.510650 0.000000 1 10 5
P 18.571299 14.374196 0 53 1
P 3.457797 4.351517 0 53 1
P 10.563623 5.157520 2 12 3
P 11.465473 13.568193 2 9 3
P 1.122518 14.327445 0 23 1
P 20.906578 4.398268 1 6 1
P 2.735221 10.897241 0 41 5
P 19.293876 7.828472 1 7 5
P 19.940382 3.913752 0 40 1
P 2.088715 14.811961 0 40 1
P 10.654937 7.393663 2 22 4
P 11.374159 11.332050 2 25 4
P 16.387644 16.285006 0 84 5
P 5.641453 2.440707 0 84 5
P 7.885087 13.891297 2 10 3
P 14.144009 4.834416 2 25 3
P 3.859973 0.272837 0 72 3
P 18.169124 18.452876 0 72 3
P 0.000000 11.421529 0 61 2
P 22.029096 7.304184 0 61 2
F 2 8 1 2 22 1
F 2 8 1 2 22 2
F 2 8 1 2 22 4
F 2 8 1 2 22 5
F 2 4 1 18 17 1
F 2 4 1 18 17 2
F 2 4 1 18 17 3
F 2 8 1 5 15 2
F 1 3 2 17 17 4
F 2 4 1 5 15 3
F 2 4 1 18 17 7
F 1 2 2 6 15 5
F 2 4 1 18 17 8
F 1 8 2 13 10 1
F 2 4 1 18 17 9
F 1 4 2 13 10 2
F 1 3 18 9 13 5
F 2 4 1 18 17 10
F 2 4 17 8 17 10
F 1 4 2 13 10 3
F 2 12 1 8 22 16
F 1 4 2 5 8 2
F 1 1 8 9 20 14
F 1 1 18 9 13 7
F 2 4 1 14 10 5
F 2 4 13 8 11 6
F 1 9 2 9 18 13
F 1 1 8 9 20 15
F 2 4 1 8 22 18
F 2 8 13 2 10 6
F 1 5 2 9 18 14
F 1 1 8 9 20 16
F 2 1 1 8 22 19
F 1 4 2 6 15 12
F 1 4 10 6 10 7
F 2 13 1 2 22 20
F 1 3 2 17 17 15
F 1 3 10 6 10 8
F 1 3 10 17 13 11
F 1 9 10 9 17 15
F 2 8 5 10 10 9
F 2 4 6 2 15 14
F 1 4 2 13 10 9
F 1 4 10 13 9 8
go
P 11.014548 9.362856 0 104 4
P 5.518446 18.725713 2 13 5
P 16.510650 0.000000 1 4 5
P 18.571299 14.374196 0 53 1
P 3.457797 4.351517 0 53 1
P 10.563623 5.157520 2 15 3
P 11.465473 13.568193 2 12 3
P 1.122518 14.327445 0 23 1
P 20.906578 4.398268 1 7 1
P 2.735221 10.897241 0 41 5
P 19.293876 7.828472 1 10 5
P 19.940382 3.913752 0 40 1
P 2.088715 14.811961 0 40 1
P 10.654937 7.393663 2 18 4
P 11.374159 11.332050 2 29 4
P 16.387644 16.285006 0 84 5
P 5.641453 2.440707 0 84 5
P 7.885087 13.891297 2 13 3
P 14.144009 4.834416 2 32 3
P 3.859973 0.272837 0 72 3
P 18.169124 18.452876 0 72 3
P 0.000000 11.421529 0 61 2
P 22.029096 7.304184 0 61 2
F 2 8 1 2 22 1
F 2 8 1 2 22 3
F 2 8 1 2 22 4
F 2 4 1 18 17 1
F 2 4 1 18 17 2
F 2 8 1 5 15 1
F 1 3 2 17 17 3
F 2 4 1 5 15 2
F 2 4 1 18 17 6
F 1 2 2 6 15 4
F 2 4 1 18 17 7
F 2 4 1 18 17 8
F 1 4 2 13 10 1
F 1 3 18 9 13 4
F 2 4 1 18 17 9
F 2 4 17 8 17 9
F 1 4 2 13 10 2
F 2 12 1 8 22 15
F 1 4 2 5 8 1
F 1 1 8 9 20 13
F 1 1 18 9 13 6
F 2 4 1 14 10 4
F 2 4 13 8 11 5
F 1 9 2 9 18 12
F 1 1 8 9 20 14
F 2 4 1 8 22 17
F 2 8 13 2 10 5
F 1 5 2 9 18 13
F 1 1 8 9 20 15
F 2 1 1 8 22 18
F 1 4 2 6 15 11
F 1 4 10 6 10 6
F 2 13 1 2 22 19
F 1 3 2 17 17 14
F 1 3 10 6 10 7
F 1 3 10 17 13 10
F 1 9 10 9 17 14
F 2 8 5 10 10 8
F 2 4 6 2 15 13
F 1 4 2 13 10 8
F 1 4 10 13 9 7
F 2 8 1 10 18 17
F 1 3 2 17 17 16
F 1 2 10 6 10 9
go
P 11.014548 9.362856 0 104 4
P 5.518446 18.725713 2 18 5
P 16.510650 0.000000 1 0 5
P 18.571299 14.374196 0 53 1
P 3.457797 4.351517 0 53 1
P 10.563623 5.157520 2 22 3
P 11.465473 13.568193 2 15 3
P 1.122518 14.327445 0 23 1
P 20.906578 4.398268 1 8 1
P 2.735221 10.897241 0 41 5
P 19.293876 7.828472 1 8 5
P 19.940382 3.913752 0 40 1
P 2.088715 14.811961 0 40 1
P 10.654937 7.393663 2 6 4
P 11.374159 11.332050 2 33 4
P 16.387644 16.285006 0 84 5
P 5.641453 2.440707 0 84 5
P 7.885087 13.891297 2 16 3
P 14.144009 4.834416 2 39 3
P 3.859973 0.272837 0 72 3
P 18.169124 18.452876 0 72 3
P 0.000000 11.421529 0 61 2
P 22.029096 7.304184 0 61 2
F 2 8 1 2 22 2
F 2 8 1 2 22 3
F 2 4 1 18 17 1
F 1 3 2 17 17 2
F 2 4 1 5 15 1
F 2 4 1 18 17 5
F 1 2 2 6 15 3
F 2 4 1 18 17 6
F 2 4 1 18 17 7
F 1 3 18 9 13 3
F 2 4 1 18 17 8
F 2 4 17 8 17 8
F 1 4 2 13 10 1
F 2 12 1 8 22 14
F 1 1 8 9 20 12
F 1 1 18 9 13 5
F 2 4 1 14 10 3
F 2 4 13 8 11 4
F 1 9 2 9 18 11
F 1 1 8 9 20 13
F 2 4 1 8 22 16
F 2 8 13 2 10 4
F 1 5 2 9 18 12
F 1 1 8 9 20 14
F 2 1 1 8 22 17
F 1 4 2 6 15 10
F 1 4 10 6 10 5
F 2 13 1 2 22 18
F 1 3 2 17 17 13
F 1 3 10 6 10 6
F 1 3 10 17 13 9
F 1 9 10 9 17 13
F 2 8 5 10 10 7
F 2 4 6 2 15 12
F 1 4 2 13 10 7
F 1 4 10 13 9 6
F 2 8 1 10 18 16
F 1 3 2 17 17 15
F 1 2 10 6 10 8
F 2 12 13 10 9 8
F 1 1 2 9 18 17
F 1 4 10 13 9 8
F 1 3 10 6 10 9
go
P 11.014548 9.362856 0 104 4
P 5.518446 18.725713 2 15 5
P 16.510650 0.000000 1 5 5
P 18.571299 14.374196 0 53 1
P 3.457797 4.351517 0 53 1
P 10.563623 5.157520 2 29 3
P 11.465473 13.568193 2 18 3
P 1.122518 14.327445 0 23 1
P 20.906578 4.398268 1 9 1
P 2.735221 10.897241 0 41 5
P 19.293876 7.828472 1 10 5
P 19.940382 3.913752 0 40 1
P 2.088715 14.811961 0 40 1
P 10.654937 7.393663 2 6 4
P 11.374159 11.332050 2 37 4
P 16.387644 16.285006 0 84 5
P 5.641453 2.440707 0 84 5
P 7.885087 13.891297 2 19 3
P 14.144009 4.834416 2 46 3
P 3.859973 0.272837 0 72 3
P 18.169124 18.452876 0 72 3
P 0.000000 11.421529 0 61 2
P 22.029096 7.304184 0 61 2
F 2 8 1 2 22 1
F 2 8 1 2 22 2
F 1 3 2 17 17 1
F 2 4 1 18 17 4
F 1 2 2 6 15 2
F 2 4 1 18 17 5
F 2 4 1 18 17 6
F 1 3 18 9 13 2
F 2 4 1 18 17 7
F 2 4 17 8 17 7
F 2 12 1 8 22 13
F 1 1 8 9 20 11
F 1 1 18 9 13 4
F 2 4 1 14 10 2
F 2 4 13 8 11 3
F 1 9 2 9 18 10
F 1 1 8 9 20 12
F 2 4 1 8 22 15
F 2 8 13 2 10 3
F 1 5 2 9 18 11
F 1 1 8 9 20 13
F 2 1 1 8 22 16
F 1 4 2 6 15 9
F 1 4 10 6 10 4
F 2 13 1 2 22 17
F 1 3 2 17 17 12
F 1 3 10 6 10 5
F 1 3 10 17 13 8
F 1 9 10 9 17 12
F 2 8 5 10 10 6
F 2 4 6 2 15 11
F 1 4 2 13 10 6
F 1 4 10 13 9 5
F 2 8 1 10 18 15
F 1 3 2 17 17 14
F 1 2 10 6 10 7
F 2 12 13 10 9 7
F 1 1 2 9 18 16
F 1 4 10 13 9 7
F 1 3 10 6 10 8
F 2 8 1 10 18 17
F 1 3 10 6 10 9
go
P 11.014548 9.362856 0 104 4
P 5.518446 18.725713 2 20 5
P 16.510650 0.000000 1 2 5
P 18.571299 14.374196 0 53 1
P 3.457797 4.351517 0 53 1
P 10.563623 5.157520 2 20 3
P 11.465473 13.568193 2 21 3
P 1.122518 14.327445 0 23 1
P 20.906578 4.398268 1 10 1
P 2.735221 10.897241 0 41 5
P 19.293876 7.828472 1 6 5
P 19.940382 3.913752 0 40 1
P 2.088715 14.811961 0 40 1
P 10.654937 7.393663 2 10 4
P 11.374159 11.332050 2 41 4
P 16.387644 16.285006 0 84 5
P 5.641453 2.440707 0 84 5
P 7.885087 13.891297 2 19 3
P 14.144009 4.834416 2 49 3
P 3.859973 0.272837 0 72 3
P 18.169124 18.452876 0 72 3
P 0.000000 11.421529 0 61 2
P 22.029096 7.304184 0 61 2
F 2 8 1 2 22 1
F 2 4 1 18 17 3
F 1 2 2 6 15 1
F 2 4 1 18 17 4
F 2 4 1 18 17 5
F 1 3 18 9 13 1
F 2 4 1 18 17 6
F 2 4 17 8 17 6
F 2 12 1 8 22 12
F 1 1 8 9 20 10
F 1 1 18 9 13 3
F 2 4 1 14 10 1
F 2 4 13 8 11 2
F 1 9 2 9 18 9
F 1 1 8 9 20 11
F 2 4 1 8 22 14
F 2 8 13 2 10 2
F 1 5 2 9 18 10
F 1 1 8 9 20 12
F 2 1 1 8 22 15
F 1 4 2 6 15 8
F 1 4 10 6 10 3
F 2 13 1 2 22 16
F 1 3 2 17 17 11
F 1 3 10 6 10 4
F 1 3 10 17 13 7
F 1 9 10 9 17 11
F 2 8 5 10 10 5
F 2 4 6 2 15 10
F 1 4 2 13 10 5
F 1 4 10 13 9 4
F 2 8 1 10 18 14
F 1 3 2 17 17 13
F 1 2 10 6 10 6
F 2 12 13 10 9 6
F 1 1 2 9 18 15
F 1 4 10 13 9 6
F 1 3 10 6 10 7
F 2 8 1 10 18 16
F 1 3 10 6 10 8
F 2 12 5 10 10 9
F 1 9 10 9 17 16
go
P 11.014548 9.362856 0 104 4
P 5.518446 18.725713 2 17 5
P 16.510650 0.000000 2 1 5
P 18.571299 14.374196 0 53 1
P 3.457797 4.351517 0 53 1
P 10.563623 5.157520 2 23 3
P 11.465473 13.568193 2 22 3
P 1.122518 14.327445 0 23 1
P 20.906578 4.398268 1 11 1
P 2.735221 10.897241 0 38 5
P 19.293876 7.828472 1 8 5
P 19.940382 3.913752 0 40 1
P 2.088715 14.811961 0 40 1
P 10.654937 7.393663 2 14 4
P 11.374159 11.332050 2 49 4
P 16.387644 16.285006 0 84 5
P 5.641453 2.440707 0 84 5
P 7.885087 13.891297 2 22 3
P 14.144009 4.834416 2 52 3
P 3.859973 0.272837 0 72 3
P 18.169124 18.452876 0 72 3
P 0.000000 11.421529 0 61 2
P 22.029096 7.304184 0 61 2
F 2 4 1 18 17 2
F 2 4 1 18 17 3
F 2 4 1 18 17 4
F 2 4 1 18 17 5
F 2 4 17 8 17 5
F 2 12 1 8 22 11
F 1 1 8 9 20 9
F 1 1 18 9 13 2
F 2 4 13 8 11 1
F 1 9 2 9 18 8
F 1 1 8 9 20 10
F 2 4 1 8 22 13
F 2 8 13 2 10 1
F 1 5 2 9 18 9
F 1 1 8 9 20 11
F 2 1 1 8 22 14
F 1 4 2 6 15 7
F 1 4 10 6 10 2
F 2 13 1 2 22 15
F 1 3 2 17 17 10
F 1 3 10 6 10 3
F 1 3 10 17 13 6
F 1 9 10 9 17 10
F 2 8 5 10 10 4
F 2 4 6 2 15 9
F 1 4 2 13 10 4
F 1 4 10 13 9 3
F 2 8 1 10 18 13
F 1 3 2 17 17 12
F 1 2 10 6 10 5
F 2 12 13 10 9 5
F 1 1 2 9 18 14
F 1 4 10 13 9 5
F 1 3 10 6 10 6
F 2 8 1 10 18 15
F 1 3 10 6 10 7
F 2 12 5 10 10 8
F 1 9 10 9 17 15
F 2 8 1 10 18 17
F 1 3 10 9 17 16
go
P 11.014548 9.362856 0 104 4
P 5.518446 18.725713 2 14 5
P 16.510650 0.000000 2 14 5
P 18.571299 14.374196 0 53 1
P 3.457797 4.351517 0 53 1
P 10.563623 5.157520 2 26 3
P 11.465473 13.568193 2 25 3
P 1.122518 14.327445 0 23 1
P 20.906578 4.398268 1 8 1
P 2.735221 10.897241 0 38 5
P 19.293876 7.828472 1 9 5
P 19.940382 3.913752 0 40 1
P 2.088715 14.811961 0 40 1
P 10.654937 7.393663 2 18 4
P 11.374159 11.332050 2 53 4
P 16.387644 16.285006 0 84 5
P 5.641453 2.440707 0 84 5
P 7.885087 13.891297 2 25 3
P 14.144009 4.834416 2 55 3
P 3.859973 0.272837 0 72 3
P 18.169124 18.452876 0 72 3
P 0.000000 11.421529 0 61 2
P 22.029096 7.304184 0 61 2
F 2 4 1 18 17 1
F 2 4 1 18 17 2
F 2 4 1 18 17 3
F 2 4 1 18 17 4
F 2 4 17 8 17 4
F 2 12 1 8 22 10
F 1 1 8 9 20 8
F 1 1 18 9 13 1
F 1 9 2 9 18 7
F 1 1 8 9 20 9
F 2 4 1 8 22 12
F 1 5 2 9 18 8
F 1 1 8 9 20 10
F 2 1 1 8 22 13
F 1 4 2 6 15 6
F 1 4 10 6 10 1
F 2 13 1 2 22 14
F 1 3 2 17 17 9
F 1 3 10 6 10 2
F 1 3 10 17 13 5
F 1 9 10 9 17 9
F 2 8 5 10 10 3
F 2 4 6 2 15 8
F 1 4 2 13 10 3
F 1 4 10 13 9 2
F 2 8 1 10 18 12
F 1 3 2 17 17 11
F 1 2 10 6 10 4
F 2 12 13 10 9 4
F 1 1 2 9 18 13
F 1 4 10 13 9 4
F 1 3 10 6 10 5
F 2 8 1 10 18 14
F 1 3 10 6 10 6
F 2 12 5 10 10 7
F 1 9 10 9 17 14
F 2 8 1 10 18 16
F 1 3 10 9 17 15
F 2 8 1 10 18 17
F 1 4 10 13 9 8
go
P 11.014548 9.362856 0 104 4
P 5.518446 18.725713 2 19 5
P 16.510650 0.000000 2 19 5
P 18.571299 14.374196 0 53 1
P 3.457797 4.351517 0 53 1
P 10.563623 5.157520 2 17 3
P 11.465473 13.568193 2 24 3
P 1.122518 14.327445 0 23 1
P 20.906578 4.398268 1 9 1
P 2.735221 10.897241 0 37 5
P 19.293876 7.828472 1 10 5
P 19.940382 3.913752 0 40 1
P 2.088715 14.811961 0 40 1
P 10.654937 7.393663 2 22 4
P 11.374159 11.332050 2 57 4
P 16.387644 16.285006 0 84 5
P 5.641453 2.440707 0 84 5
P 7.885087 13.891297 2 28 3
P 14.144009 4.834416 2 62 3
P 3.859973 0.272837 0 72 3
P 18.169124 18.452876 0 72 3
P 0.000000 11.421529 0 61 2
P 22.029096 7.304184 0 61 2
F 2 4 1 18 17 1
F 2 4 1 18 17 2
F 2 4 1 18 17 3
F 2 4 17 8 17 3
F 2 12 1 8 22 9
F 1 1 8 9 20 7
F 1 9 2 9 18 6
F 1 1 8 9 20 8
F 2 4 1 8 22 11
F 1 5 2 9 18 7
F 1 1 8 9 20 9
F 2 1 1 8 22 12
F 1 4 2 6 15 5
F 2 13 1 2 22 13
F 1 3 2 17 17 8
F 1 3 10 6 10 1
F 1 3 10 17 13 4
F 1 9 10 9 17 8
F 2 8 5 10 10 2
F 2 4 6 2 15 7
F 1 4 2 13 10 2
F 1 4 10 13 9 1
F 2 8 1 10 18 11
F 1 3 2 17 17 10
F 1 2 10 6 10 3
F 2 12 13 10 9 3
F 1 1 2 9 18 12
F 1 4 10 13 9 3
F 1 3 10 6 10 4
F 2 8 1 10 18 13
F 1 3 10 6 10 5
F 2 12 5 10 10 6
F 1 9 10 9 17 13
F 2 8 1 10 18 15
F 1 3 10 9 17 14
F 2 8 1 10 18 16
F 1 4 10 13 9 7
F 2 12 5 10 10 9
F 1 4 10 13 9 8
go
P 11.014548 9.362856 0 104 4
P 5.518446 18.725713 2 16 5
P 16.510650 0.000000 2 24 5
P 18.571299 14.374196 0 53 1
P 3.457797 4.351517 0 53 1
P 10.563623 5.157520 2 20 3
P 11.465473 13.568193 2 24 3
P 1.122518 14.327445 0 23 1
P 20.906578 4.398268 1 10 1
P 2.735221 10.897241 0 37 5
P 19.293876 7.828472 1 6 5
P 19.940382 3.913752 0 40 1
P 2.088715 14.811961 0 40 1
P 10.654937 7.393663 2 22 4
P 11.374159 11.332050 2 61 4
P 16.387644 16.285006 0 84 5
P 5.641453 2.440707 0 84 5
P 7.885087 13.891297 2 31 3
P 14.144009 4.834416 2 69 3
P 3.859973 0.272837 0 72 3
P 18.169124 18.452876 0 72 3
P 0.000000 11.421529 0 61 2
P 22.029096 7.304184 0 61 2
F 2 4 1 18 17 1
F 2 4 1 18 17 2
F 2 4 17 8 17 2
F 2 12 1 8 22 8
F 1 1 8 9 20 6
F 1 9 2 9 18 5
F 1 1 8 9 20 7
F 2 4 1 8 22 10
F 1 5 2 9 18 6
F 1 1 8 9 20 8
F 2 1 1 8 22 11
F 1 4 2 6 15 4
F 2 13 1 2 22 12
F 1 3 2 17 17 7
F 1 3 10 17 13 3
F 1 9 10 9 17 7
F 2 8 5 10 10 1
F 2 4 6 2 15 6
F 1 4 2 13 10 1
F 2 8 1 10 18 10
F 1 3 2 17 17 9
F 1 2 10 6 10 2
F 2 12 13 10 9 2
F 1 1 2 9 18 11
F 1 4 10 13 9 2
F 1 3 10 6 10 3
F 2 8 1 10 18 12
F 1 3 10 6 10 4
F 2 12 5 10 10 5
F 1 9 10 9 17 12
F 2 8 1 10 18 14
F 1 3 10 9 17 13
F 2 8 1 10 18 15
F 1 4 10 13 9 6
F 2 12 5 10 10 8
F 1 4 10 13 9 7
F 2 8 1 10 18 17
F 1 4 10 13 9 8
F 1 5 10 2 9 8
go
P 11.014548 9.362856 0 104 4
P 5.518446 18.725713 2 21 5
P 16.510650 0.000000 2 29 5
P 18.571299 14.374196 0 53 1
P 3.457797 4.351517 0 53 1
P 10.563623 5.157520 2 23 3
P 11.465473 13.568193 2 27 3
P 1.122518 14.327445 0 23 1
P 20.906578 4.398268 1 11 1
P 2.735221 10.897241 0 37 5
P 19.293876 7.828472 1 3 5
P 19.940382 3.913752 0 40 1
P 2.088715 14.811961 0 40 1
P 10.654937 7.393663 2 22 4
P 11.374159 11.332050 2 65 4
P 16.387644 16.285006 0 84 5
P 5.641453 2.440707 0 84 5
P 7.885087 13.891297 2 34 3
P 14.144009 4.834416 2 76 3
P 3.859973 0.272837 0 72 3
P 18.169124 18.452876 0 72 3
P 0.000000 11.421529 0 61 2
P 22.029096 7.304184 0 61 2
F 2 4 1 18 17 1
F 2 4 17 8 17 1
F 2 12 1 8 22 7
F 1 1 8 9 20 5
F 1 9 2 9 18 4
F 1 1 8 9 20 6
F 2 4 1 8 22 9
F 1 5 2 9 18 5
F 1 1 8 9 20 7
F 2 1 1 8 22 10
F 1 4 2 6 15 3
F 2 13 1 2 22 11
F 1 3 2 17 17 6
F 1 3 10 17 13 2
F 1 9 10 9 17 6
F 2 4 6 2 15 5
F 2 8 1 10 18 9
F 1 3 2 17 17 8
F 1 2 10 6 10 1
F 2 12 13 10 9 1
F 1 1 2 9 18 10
F 1 4 10 13 9 1
F 1 3 10 6 10 2
F 2 8 1 10 18 11
F 1 3 10 6 10 3
F 2 12 5 10 10 4
F 1 9 10 9 17 11
F 2 8 1 10 18 13
F 1 3 10 9 17 12
F 2 8 1 10 18 14
F 1 4 10 13 9 5
F 2 12 5 10 10 7
F 1 4 10 13 9 6
F 2 8 1 10 18 16
F 1 4 10 13 9 7
F 1 5 10 2 9 7
go
P 11.014548 9.362856 0 104 4
P 5.518446 18.725713 2 26 5
P 16.510650 0.000000 2 34 5
P 18.571299 14.374196 0 53 1
P 3.457797 4.351517 0 53 1
P 10.563623 5.157520 2 26 3
P 11.465473 13.568193 2 28 3
P 1.122518 14.327445 0 23 1
P 20.906578 4.398268 1 8 1
P 2.735221 10.897241 0 37 5
P 19.293876 7.828472 2 4 5
P 19.940382 3.913752 0 40 1
P 2.088715 14.811961 0 40 1
P 10.654937 7.393663 2 22 4
P 11.374159 11.332050 2 69 4
P 16.387644 16.285006 0 84 5
P 5.641453 2.440707 0 84 5
P 7.885087 13.891297 2 37 3
P 14.144009 4.834416 2 83 3
P 3.859973 0.272837 0 72 3
P 18.169124 18.452876 0 72 3
P 0.000000 11.421529 0 61 2
P 22.029096 7.304184 0 61 2
F 2 12 1 8 22 6
F 1 1 8 9 20 4
F 1 9 2 9 18 3
F 1 1 8 9 20 5
F 2 4 1 8 22 8
F 1 5 2 9 18 4
F 1 1 8 9 20 6
F 2 1 1 8 22 9
F 1 4 2 6 15 2
F 2 13 1 2 22 10
F 1 3 2 17 17 5
F 1 3 10 17 13 1
F 1 9 10 9 17 5
F 2 4 6 2 15 4
F 2 8 1 10 18 8
F 1 3 2 17 17 7
F 1 1 2 9 18 9
F 1 3 10 6 10 1
F 2 8 1 10 18 10
F 1 3 10 6 10 2
F 2 12 5 10 10 3
F 1 9 10 9 17 10
F 2 8 1 10 18 12
F 1 3 10 9 17 11
F 2 8 1 10 18 13
F 1 4 10 13 9 4
F 2 12 5 10 10 6
F 1 4 10 13 9 5
F 2 8 1 10 18 15
F 1 4 10 13 9 6
F 1 5 10 2 9 6
go
P 11.014548 9.362856 0 104 4
P 5.518446 18.725713 2 31 5
P 16.510650 0.000000 2 39 5
P 18.571299 14.374196 0 53 1
P 3.457797 4.351517 0 53 1
P 10.563623 5.157520 2 29 3
P 11.465473 13.568193 2 28 3
P 1.122518 14.327445 0 23 1
P 20.906578 4.398268 1 9 1
P 2.735221 10.897241 0 37 5
P 19.293876 7.828472 2 9 5
P 19.940382 3.913752 0 40 1
P 2.088715 14.811961 0 40 1
P 10.654937 7.393663 2 26 4
P 11.374159 11.332050 2 73 4
P 16.387644 16.285006 0 84 5
P 5.641453 2.440707 0 84 5
P 7.885087 13.891297 2 37 3
P 14.144009 4.834416 2 86 3
P 3.859973 0.272837 0 72 3
P 18.169124 18.452876 0 72 3
P 0.000000 11.421529 0 61 2
P 22.029096 7.304184 0 61 2
F 2 12 1 8 22 5
F 1 1 8 9 20 3
F 1 9 2 9 18 2
F 1 1 8 9 20 4
F 2 4 1 8 22 7
F 1 5 2 9 18 3
F 1 1 8 9 20 5
F 2 1 1 8 22 8
F 1 4 2 6 15 1
F 2 13 1 2 22 9
F 1 3 2 17 17 4
F 1 9 10 9 17 4
F 2 4 6 2 15 3
F 2 8 1 10 18 7
F 1 3 2 17 17 6
F 1 1 2 9 18 8
F 2 8 1 10 18 9
F 1 3 10 6 10 1
F 2 12 5 10 10 2
F 1 9 10 9 17 9
F 2 8 1 10 18 11
F 1 3 10 9 17 10
F 2 8 1 10 18 12
F 1 4 10 13 9 3
F 2 12 5 10 10 5
F 1 4 10 13 9 4
F 2 8 1 10 18 14
F 1 4 10 13 9 5
F 1 5 10 2 9 5
go
P 11.014548 9.362856 0 104 4
P 5.518446 18.725713 2 36 5
P 16.510650 0.000000 2 44 5
P 18.571299 14.374196 0 53 1
P 3.457797 4.351517 0 53 1
P 10.563623 5.157520 2 32 3
P 11.465473 13.568193 2 24 3
P 1.122518 14.327445 0 23 1
P 20.906578 4.398268 1 10 1
P 2.735221 10.897241 0 37 5
P 19.293876 7.828472 2 14 5
P 19.940382 3.913752 0 40 1
P 2.088715 14.811961 0 40 1
P 10.654937 7.393663 2 30 4
P 11.374159 11.332050 2 77 4
P 16.387644 16.285006 0 84 5
P 5.641453 2.440707 0 84 5
P 7.885087 13.891297 2 40 3
P 14.144009 4.834416 2 89 3
P 3.859973 0.272837 0 72 3
P 18.169124 18.452876 0 72 3
P 0.000000 11.421529 0 61 2
P 22.029096 7.304184 0 61 2
F 2 12 1 8 22 4
F 1 1 8 9 20 2
F 1 9 2 9 18 1
F 1 1 8 9 20 3
F 2 4 1 8 22 6
F 1 5 2 9 18 2
F 1 1 8 9 20 4
F 2 1 1 8 22 7
F 2 13 1 2 22 8
F 1 3 2 17 17 3
F 1 9 10 9 17 3
F 2 4 6 2 15 2
F 2 8 1 10 18 6
F 1 3 2 17 17 5
F 1 1 2 9 18 7
F 2 8 1 10 18 8
F 2 12 5 10 10 1
F 1 9 10 9 17 8
F 2 8 1 10 18 10
F 1 3 10 9 17 9
F 2 8 1 10 18 11
F 1 4 10 13 9 2
F 2 12 5 10 10 4
F 1 4 10 13 9 3
F 2 8 1 10 18 13
F 1 4 10 13 9 4
F 1 5 10 2 9 4
go
P 11.014548 9.362856 0 104 4
P 5.518446 18.725713 2 41 5
P 16.510650 0.000000 2 49 5
P 18.571299 14.374196 0 53 1
P 3.457797 4.351517 0 53 1
P 10.563623 5.157520 2 35 3
P 11.465473 13.568193 2 27 3
P 1.122518 14.327445 0 23 1
P 20.906578 4.398268 1 11 1
P 2.735221 10.897241 0 28 5
P 19.293876 7.828472 2 31 5
P 19.940382 3.913752 0 40 1
P 2.088715 14.811961 0 40 1
P 10.654937 7.393663 2 34 4
P 11.374159 11.332050 2 81 4
P 16.387644 16.285006 0 84 5
P 5.641453 2.440707 0 84 5
P 7.885087 13.891297 2 43 3
P 14.144009 4.834416 2 92 3
P 3.859973 0.272837 0 72 3
P 18.169124 18.452876 0 72 3
P 0.000000 11.421529 0 61 2
P 22.029096 7.304184 0 61 2
F 2 12 1 8 22 3
F 1 1 8 9 20 1
F 1 1 8 9 20 2
F 2 4 1 8 22 5
F 1 5 2 9 18 1
F 1 1 8 9 20 3
F 2 1 1 8 22 6
F 2 13 1 2 22 7
F 1 3 2 17 17 2
F 1 9 10 9 17 2
F 2 4 6 2 15 1
F 2 8 1 10 18 5
F 1 3 2 17 17 4
F 1 1 2 9 18 6
F 2 8 1 10 18 7
F 1 9 10 9 17 7
F 2 8 1 10 18 9
F 1 3 10 9 17 8
F 2 8 1 10 18 10
F 1 4 10 13 9 1
F 2 12 5 10 10 3
F 1 4 10 13 9 2
F 2 8 1 10 18 12
F 1 4 10 13 9 3
F 1 5 10 2 9 3
go
P 11.014548 9.362856 0 104 4
P 5.518446 18.725713 2 46 5
P 16.510650 0.000000 2 58 5
P 18.571299 14.374196 0 53 1
P 3.457797 4.351517 0 53 1
P 10.563623 5.157520 2 38 3
P 11.465473 13.568193 2 30 3
P 1.122518 14.327445 0 23 1
P 20.906578 4.398268 1 12 1
P 2.735221 10.897241 0 22 5
P 19.293876 7.828472 2 36 5
P 19.940382 3.913752 0 40 1
P 2.088715 14.811961 0 40 1
P 10.654937 7.393663 2 34 4
P 11.374159 11.332050 2 85 4
P 16.387644 16.285006 0 84 5
P 5.641453 2.440707 0 84 5
P 7.885087 13.891297 2 46 3
P 14.144009 4.834416 2 95 3
P 3.859973 0.272837 0 72 3
P 18.169124 18.452876 0 72 3
P 0.000000 11.421529 0 61 2
P 22.029096 7.304184 0 61 2
F 2 12 1 8 22 2
F 1 1 8 9 20 1
F 2 4 1 8 22 4
F 1 1 8 9 20 2
F 2 1 1 8 22 5
F 2 13 1 2 22 6
F 1 3 2 17 17 1
F 1 9 10 9 17 1
F 2 8 1 10 18 4
F 1 3 2 17 17 3
F 1 1 2 9 18 5
F 2 8 1 10 18 6
F 1 9 10 9 17 6
F 2 8 1 10 18 8
F 1 3 10 9 17 7
F 2 8 1 10 18 9
F 2 12 5 10 10 2
F 1 4 10 13 9 1
F 2 8 1 10 18 11
F 1 4 10 13 9 2
F 1 5 10 2 9 2
go
P 11.014548 9.362856 0 104 4
P 5.518446 18.725713 2 51 5
P 16.510650 0.000000 2 63 5
P 18.571299 14.374196 0 53 1
P 3.457797 4.351517 0 53 1
P 10.563623 5.157520 2 41 3
P 11.465473 13.568193 2 33 3
P 1.122518 14.327445 0 23 1
P 20.906578 4.398268 1 13 1
P 2.735221 10.897241 0 12 5
P 19.293876 7.828472 2 41 5
P 19.940382 3.913752 0 40 1
P 2.088715 14.811961 0 40 1
P 10.654937 7.393663 2 34 4
P 11.374159 11.332050 2 89 4
P 16.387644 16.285006 0 84 5
P 5.641453 2.440707 0 84 5
P 7.885087 13.891297 2 46 3
P 14.144009 4.834416 2 98 3
P 3.859973 0.272837 0 72 3
P 18.169124 18.452876 0 72 3
P 0.000000 11.421529 0 61 2
P 22.029096 7.304184 0 61 2
F 2 12 1 8 22 1
F 2 4 1 8 22 3
F 1 1 8 9 20 1
F 2 1 1 8 22 4
F 2 13 1 2 22 5
F 2 8 1 10 18 3
F 1 3 2 17 17 2
F 1 1 2 9 18 4
F 2 8 1 10 18 5
F 1 9 10 9 17 5
F 2 8 1 10 18 7
F 1 3 10 9 17 6
F 2 8 1 10 18 8
F 2 12 5 10 10 1
F 2 8 1 10 18 10
F 1 4 10 13 9 1
F 1 5 10 2 9 1
go
P 11.014548 9.362856 0 104 4
P 5.518446 18.725713 2 56 5
P 16.510650 0.000000 2 63 5
P 18.571299 14.374196 0 53 1
P 3.457797 4.351517 0 53 1
P 10.563623 5.157520 2 44 3
P 11.465473 13.568193 2 36 3
P 1.122518 14.327445 0 23 1
P 20.906578 4.398268 1 2 1
P 2.735221 10.897241 0 11 5
P 19.293876 7.828472 2 58 5
P 19.940382 3.913752 0 40 1
P 2.088715 14.811961 0 40 1
P 10.654937 7.393663 2 34 4
P 11.374159 11.332050 2 93 4
P 16.387644 16.285006 0 84 5
P 5.641453 2.440707 0 84 5
P 7.885087 13.891297 2 49 3
P 14.144009 4.834416 2 101 3
P 3.859973 0.272837 0 72 3
P 18.169124 18.452876 0 72 3
P 0.000000 11.421529 0 61 2
P 22.029096 7.304184 0 61 2
F 2 4 1 8 22 2
F 2 1 1 8 22 3
F 2 13 1 2 22 4
F 2 8 1 10 18 2
F 1 3 2 17 17 1
F 1 1 2 9 18 3
F 2 8 1 10 18 4
F 1 9 10 9 17 4
F 2 8 1 10 18 6
F 1 3 10 9 17 5
F 2 8 1 10 18 7
F 2 8 1 10 18 9
go
P 11.014548 9.362856 0 104 4
P 5.518446 18.725713 2 61 5
P 16.510650 0.000000 2 68 5
P 18.571299 14.374196 0 53 1
P 3.457797 4.351517 0 53 1
P 10.563623 5.157520 2 47 3
P 11.465473 13.568193 2 39 3
P 1.122518 14.327445 0 23 1
P 20.906578 4.398268 1 3 1
P 2.735221 10.897241 0 11 5
P 19.293876 7.828472 2 63 5
P 19.940382 3.913752 0 40 1
P 2.088715 14.811961 0 40 1
P 10.654937 7.393663 2 38 4
P 11.374159 11.332050 2 97 4
P 16.387644 16.285006 0 84 5
P 5.641453 2.440707 0 84 5
P 7.885087 13.891297 2 49 3
P 14.144009 4.834416 2 104 3
P 3.859973 0.272837 0 72 3
P 18.169124 18.452876 0 72 3
P 0.000000 11.421529 0 61 2
P 22.029096 7.304184 0 61 2
F 2 4 1 8 22 1
F 2 1 1 8 22 2
F 2 13 1 2 22 3
F 2 8 1 10 18 1
F 1 1 2 9 18 2
F 2 8 1 10 18 3
F 1 9 10 9 17 3
F 2 8 1 10 18 5
F 1 3 10 9 17 4
F 2 8 1 10 18 6
F 2 8 1 10 18 8
go
P 11.014548 9.362856 0 104 4
P 5.518446 18.725713 2 66 5
P 16.510650 0.000000 2 73 5
P 18.571299 14.374196 0 53 1
P 3.457797 4.351517 0 53 1
P 10.563623 5.157520 2 50 3
P 11.465473 13.568193 2 42 3
P 1.122518 14.327445 0 23 1
P 20.906578 4.398268 1 0 1
P 2.735221 10.897241 0 11 5
P 19.293876 7.828472 2 76 5
P 19.940382 3.913752 0 40 1
P 2.088715 14.811961 0 40 1
P 10.654937 7.393663 2 42 4
P 11.374159 11.332050 2 101 4
P 16.387644 16.285006 0 84 5
P 5.641453 2.440707 0 84 5
P 7.885087 13.891297 2 52 3
P 14.144009 4.834416 2 107 3
P 3.859973 0.272837 0 72 3
P 18.169124 18.452876 0 72 3
P 0.000000 11.421529 0 61 2
P 22.029096 7.304184 0 61 2
F 2 1 1 8 22 1
F 2 13 1 2 22 2
F 1 1 2 9 18 1
F 2 8 1 10 18 2
F 1 9 10 9 17 2
F 2 8 1 10 18 4
F 1 3 10 9 17 3
F 2 8 1 10 18 5
F 2 8 1 10 18 7
go
P 11.014548 9.362856 0 104 4
P 5.518446 18.725713 2 47 5
P 16.510650 0.000000 2 14 5
P 18.571299 14.374196 0 53 1
P 3.457797 4.351517 0 53 1
P 10.563623 5.157520 2 12 3
P 11.465473 13.568193 2 45 3
P 1.122518 14.327445 0 23 1
P 20.906578 4.398268 1 0 1
P 2.735221 10.897241 0 10 5
P 19.293876 7.828472 2 17 5
P 19.940382 3.913752 0 40 1
P 2.088715 14.811961 0 40 1
P 10.654937 7.393663 2 46 4
P 11.374159 11.332050 2 25 4
P 16.387644 16.285006 0 84 5
P 5.641453 2.440707 0 84 5
P 7.885087 13.891297 2 14 3
P 14.144009 4.834416 2 25 3
P 3.859973 0.272837 0 72 3
P 18.169124 18.452876 0 72 3
P 0.000000 11.421529 0 61 2
P 22.029096 7.304184 0 61 2
F 2 13 1 2 22 1
F 2 8 1 10 18 1
F 1 9 10 9 17 1
F 2 8 1 10 18 3
F 1 3 10 9 17 2
F 2 8 1 10 18 4
F 2 8 1 10 18 6
F 2 24 1 7 7 6
F 2 64 2 21 21 20
F 2 41 5 11 10 9
F 2 64 10 22 3 2
F 2 80 14 9 9 8
F 2 41 17 12 6 5
F 2 85 18 15 12 11
go
P 11.014548 9.362856 0 104 4
P 5.518446 18.725713 2 51 5
P 16.510650 0.000000 2 32 5
P 18.571299 14.374196 0 53 1
P 3.457797 4.351517 0 53 1
P 10.563623 5.157520 2 15 3
P 11.465473 13.568193 2 48 3
P 1.122518 14.327445 0 23 1
P 20.906578 4.398268 1 1 1
P 2.735221 10.897241 0 1 5
P 19.293876 7.828472 2 30 5
P 19.940382 3.913752 0 40 1
P 2.088715 14.811961 0 40 1
P 10.654937 7.393663 2 50 4
P 11.374159 11.332050 2 29 4
P 16.387644 16.285006 0 84 5
P 5.641453 2.440707 0 84 5
P 7.885087 13.891297 2 17 3
P 14.144009 4.834416 2 28 3
P 3.859973 0.272837 0 72 3
P 18.169124 18.452876 0 72 3
P 0.000000 11.421529 0 61 2
P 22.029096 7.304184 0 61 2
F 2 8 1 10 18 2
F 1 3 10 9 17 1
F 2 8 1 10 18 3
F 2 8 1 10 18 5
F 2 24 1 7 7 5
F 2 64 2 21 21 19
F 2 41 5 11 10 8
F 2 64 10 22 3 1
F 2 80 14 9 9 7
F 2 41 17 12 6 4
F 2 85 18 15 12 10
F 2 1 1 8 22 21
go
P 11.014548 9.362856 0 104 4
P 5.518446 18.725713 2 52 5
P 16.510650 0.000000 2 37 5
P 18.571299 14.374196 0 53 1
P 3.457797 4.351517 0 53 1
P 10.563623 5.157520 2 18 3
P 11.465473 13.568193 2 51 3
P 1.122518 14.327445 0 23 1
P 20.906578 4.398268 1 2 1
P 2.735221 10.897241 1 2 5
P 19.293876 7.828472 2 35 5
P 19.940382 3.913752 0 40 1
P 2.088715 14.811961 0 40 1
P 10.654937 7.393663 2 54 4
P 11.374159 11.332050 2 33 4
P 16.387644 16.285006 0 84 5
P 5.641453 2.440707 0 84 5
P 7.885087 13.891297 2 20 3
P 14.144009 4.834416 2 31 3
P 3.859973 0.272837 0 72 3
P 18.169124 18.452876 0 72 3
P 0.000000 11.421529 0 61 2
P 22.029096 7.304184 2 3 2
F 2 8 1 10 18 1
F 2 8 1 10 18 2
F 2 8 1 10 18 4
F 2 24 1 7 7 4
F 2 64 2 21 21 18
F 2 41 5 11 10 7
F 2 80 14 9 9 6
F 2 41 17 12 6 3
F 2 85 18 15 12 9
F 2 1 1 8 22 20
F 2 4 1 8 22 21
go
P 11.014548 9.362856 0 104 4
P 5.518446 18.725713 2 37 5
P 16.510650 0.000000 2 42 5
P 18.571299 14.374196 0 53 1
P 3.457797 4.351517 0 53 1
P 10.563623 5.157520 2 21 3
P 11.465473 13.568193 2 54 3
P 1.122518 14.327445 0 23 1
P 20.906578 4.398268 1 2 1
P 2.735221 10.897241 1 7 5
P 19.293876 7.828472 2 48 5
P 19.940382 3.913752 0 40 1
P 2.088715 14.811961 0 40 1
P 10.654937 7.393663 2 58 4
P 11.374159 11.332050 2 37 4
P 16.387644 16.285006 0 84 5
P 5.641453 2.440707 0 84 5
P 7.885087 13.891297 2 23 3
P 14.144009 4.834416 2 34 3
P 3.859973 0.272837 0 72 3
P 18.169124 18.452876 0 72 3
P 0.000000 11.421529 0 61 2
P 22.029096 7.304184 2 5 2
F 2 8 1 10 18 1
F 2 8 1 10 18 3
F 2 24 1 7 7 3
F 2 64 2 21 21 17
F 2 41 5 11 10 6
F 2 80 14 9 9 5
F 2 41 17 12 6 2
F 2 85 18 15 12 8
F 2 1 1 8 22 19
F 2 4 1 8 22 20
F 2 20 1 8 22 21
F 1 1 8 22 4 3
go
P 11.014548 9.362856 0 104 4
P 5.518446 18.725713 2 42 5
P 16.510650 0.000000 2 47 5
P 18.571299 14.374196 0 53 1
P 3.457797 4.351517 0 53 1
P 10.563623 5.157520 2 24 3
P 11.465473 13.568193 2 57 3
P 1.122518 14.327445 0 23 1
P 20.906578 4.398268 1 3 1
P 2.735221 10.897241 1 12 5
P 19.293876 7.828472 2 61 5
P 19.940382 3.913752 0 40 1
P 2.088715 14.811961 0 40 1
P 10.654937 7.393663 2 62 4
P 11.374159 11.332050 2 41 4
P 16.387644 16.285006 0 84 5
P 5.641453 2.440707 0 84 5
P 7.885087 13.891297 2 26 3
P 14.144009 4.834416 2 37 3
P 3.859973 0.272837 0 72 3
P 18.169124 18.452876 0 72 3
P 0.000000 11.421529 0 61 2
P 22.029096 7.304184 2 7 2
F 2 8 1 10 18 2
F 2 24 1 7 7 2
F 2 64 2 21 21 16
F 2 41 5 11 10 5
F 2 80 14 9 9 4
F 2 41 17 12 6 1
F 2 85 18 15 12 7
F 2 1 1 8 22 18
F 2 4 1 8 22 19
F 2 20 1 8 22 20
F 1 1 8 22 4 2
go
P 11.014548 9.362856 0 104 4
P 5.518446 18.725713 2 47 5
P 16.510650 0.000000 2 52 5
P 18.571299 14.374196 0 53 1
P 3.457797 4.351517 0 53 1
P 10.563623 5.157520 2 27 3
P 11.465473 13.568193 2 60 3
P 1.122518 14.327445 0 23 1
P 20.906578 4.398268 1 4 1
P 2.735221 10.897241 1 17 5
P 19.293876 7.828472 2 66 5
P 19.940382 3.913752 0 40 1
P 2.088715 14.811961 2 1 1
P 10.654937 7.393663 2 66 4
P 11.374159 11.332050 2 45 4
P 16.387644 16.285006 0 84 5
P 5.641453 2.440707 0 84 5
P 7.885087 13.891297 2 29 3
P 14.144009 4.834416 2 40 3
P 3.859973 0.272837 0 72 3
P 18.169124 18.452876 0 72 3
P 0.000000 11.421529 0 61 2
P 22.029096 7.304184 2 9 2
F 2 8 1 10 18 1
F 2 24 1 7 7 1
F 2 64 2 21 21 15
F 2 41 5 11 10 4
F 2 80 14 9 9 3
F 2 85 18 15 12 6
F 2 1 1 8 22 17
F 2 4 1 8 22 18
F 2 20 1 8 22 19
F 1 1 8 22 4 1
go
P 11.014548 9.362856 0 104 4
P 5.518446 18.725713 2 52 5
P 16.510650 0.000000 2 57 5
P 18.571299 14.374196 0 53 1
P 3.457797 4.351517 0 53 1
P 10.563623 5.157520 2 30 3
P 11.465473 13.568193 2 63 3
P 1.122518 14.327445 2 1 1
P 20.906578 4.398268 1 5 1
P 2.735221 10.897241 1 22 5
P 19.293876 7.828472 2 79 5
P 19.940382 3.913752 0 40 1
P 2.088715 14.811961 2 2 1
P 10.654937 7.393663 2 70 4
P 11.374159 11.332050 2 49 4
P 16.387644 16.285006 0 84 5
P 5.641453 2.440707 0 84 5
P 7.885087 13.891297 2 32 3
P 14.144009 4.834416 2 43 3
P 3.859973 0.272837 0 72 3
P 18.169124 18.452876 0 72 3
P 0.000000 11.421529 0 61 2
P 22.029096 7.304184 2 10 2
F 2 64 2 21 21 14
F 2 41 5 11 10 3
F 2 80 14 9 9 2
F 2 85 18 15 12 5
F 2 1 1 8 22 16
F 2 4 1 8 22 17
F 2 20 1 8 22 18
go
P 11.014548 9.362856 0 104 4
P 5.518446 18.725713 2 57 5
P 16.510650 0.000000 2 62 5
P 18.571299 14.374196 0 53 1
P 3.457797 4.351517 0 53 1
P 10.563623 5.157520 2 33 3
P 11.465473 13.568193 2 66 3
P 1.122518 14.327445 2 2 1
P 20.906578 4.398268 1 6 1
P 2.735221 10.897241 1 27 5
P 19.293876 7.828472 2 84 5
P 19.940382 3.913752 0 40 1
P 2.088715 14.811961 2 3 1
P 10.654937 7.393663 2 74 4
P 11.374159 11.332050 2 53 4
P 16.387644 16.285006 0 84 5
P 5.641453 2.440707 0 84 5
P 7.885087 13.891297 2 35 3
P 14.144009 4.834416 2 46 3
P 3.859973 0.272837 0 72 3
P 18.169124 18.452876 0 72 3
P 0.000000 11.421529 0 61 2
P 22.029096 7.304184 2 12 2
F 2 64 2 21 21 13
F 2 41 5 11 10 2
F 2 80 14 9 9 1
F 2 85 18 15 12 4
F 2 1 1 8 22 15
F 2 4 1 8 22 16
F 2 20 1 8 22 17
go
P 11.014548 9.362856 0 104 4
P 5.518446 18.725713 2 62 5
P 16.510650 0.000000 2 67 5
P 18.571299 14.374196 0 53 1
P 3.457797 4.351517 0 53 1
P 10.563623 5.157520 2 36 3
P 11.465473 13.568193 2 69 3
P 1.122518 14.327445 2 3 1
P 20.906578 4.398268 1 7 1
P 2.735221 10.897241 2 48 5
P 19.293876 7.828472 2 89 5
P 19.940382 3.913752 0 40 1
P 2.088715 14.811961 2 4 1
P 10.654937 7.393663 2 78 4
P 11.374159 11.332050 2 57 4
P 16.387644 16.285006 0 84 5
P 5.641453 2.440707 0 84 5
P 7.885087 13.891297 2 38 3
P 14.144009 4.834416 2 49 3
P 3.859973 0.272837 0 72 3
P 18.169124 18.452876 0 72 3
P 0.000000 11.421529 0 61 2
P 22.029096 7.304184 2 14 2
F 2 64 2 21 21 12
F 2 41 5 11 10 1
F 2 85 18 15 12 3
F 2 1 1 8 22 14
F 2 4 1 8 22 15
F 2 20 1 8 22 16
go
P 11.014548 9.362856 0 104 4
P 5.518446 18.725713 2 67 5
P 16.510650 0.000000 2 72 5
P 18.571299 14.374196 0 53 1
P 3.457797 4.351517 0 53 1
P 10.563623 5.157520 2 39 3
P 11.465473 13.568193 2 72 3
P 1.122518 14.327445 2 4 1
P 20.906578 4.398268 1 8 1
P 2.735221 10.897241 2 53 5
P 19.293876 7.828472 2 94 5
P 19.940382 3.913752 2 1 1
P 2.088715 14.811961 2 5 1
P 10.654937 7.393663 2 82 4
P 11.374159 11.332050 2 61 4
P 16.387644 16.285006 0 84 5
P 5.641453 2.440707 0 84 5
P 7.885087 13.891297 2 41 3
P 14.144009 4.834416 2 52 3
P 3.859973 0.272837 0 72 3
P 18.169124 18.452876 0 72 3
P 0.000000 11.421529 0 61 2
P 22.029096 7.304184 2 16 2
F 2 64 2 21 21 11
F 2 85 18 15 12 2
F 2 1 1 8 22 13
F 2 4 1 8 22 14
F 2 20 1 8 22 15
go
P 11.014548 9.362856 0 104 4
P 5.518446 18.725713 2 72 5
P 16.510650 0.000000 2 77 5
P 18.571299 14.374196 0 53 1
P 3.457797 4.351517 0 53 1
P 10.563623 5.157520 2 42 3
P 11.465473 13.568193 2 75 3
P 1.122518 14.327445 2 5 1
P 20.906578 4.398268 1 9 1
P 2.735221 10.897241 2 58 5
P 19.293876 7.828472 2 99 5
P 19.940382 3.913752 2 2 1
P 2.088715 14.811961 2 6 1
P 10.654937 7.393663 2 86 4
P 11.374159 11.332050 2 65 4
P 16.387644 16.285006 0 84 5
P 5.641453 2.440707 0 84 5
P 7.885087 13.891297 2 44 3
P 14.144009 4.834416 2 55 3
P 3.859973 0.272837 0 72 3
P 18.169124 18.452876 0 72 3
P 0.000000 11.421529 0 61 2
P 22.029096 7.304184 2 18 2
F 2 64 2 21 21 10
F 2 85 18 15 12 1
F 2 1 1 8 22 12
F 2 4 1 8 22 13
F 2 20 1 8 22 14
go
P 11.014548 9.362856 0 104 4
P 5.518446 18.725713 2 77 5
P 16.510650 0.000000 2 82 5
P 18.571299 14.374196 0 53 1
P 3.457797 4.351517 0 53 1
P 10.563623 5.157520 2 45 3
P 11.465473 13.568193 2 78 3
P 1.122518 14.327445 2 6 1
P 20.906578 4.398268 1 10 1
P 2.735221 10.897241 2 63 5
P 19.293876 7.828472 2 104 5
P 19.940382 3.913752 2 3 1
P 2.088715 14.811961 2 7 1
P 10.654937 7.393663 2 90 4
P 11.374159 11.332050 2 69 4
P 16.387644 16.285006 2 1 5
P 5.641453 2.440707 0 84 5
P 7.885087 13.891297 2 47 3
P 14.144009 4.834416 2 58 3
P 3.859973 0.272837 0 72 3
P 18.169124 18.452876 0 72 3
P 0.000000 11.421529 0 61 2
P 22.029096 7.304184 2 20 2
F 2 64 2 21 21 9
F 2 1 1 8 22 11
F 2 4 1 8 22 12
F 2 20 1 8 22 13
go
P 11.014548 9.362856 0 104 4
P 5.518446 18.725713 2 82 5
P 16.510650 0.000000 2 87 5
P 18.571299 14.374196 0 53 1
P 3.457797 4.351517 0 53 1
P 10.563623 5.157520 2 48 3
P 11.465473 13.568193 2 81 3
P 1.122518 14.327445 2 7 1
P 20.906578 4.398268 1 11 1
P 2.735221 10.897241 2 68 5
P 19.293876 7.828472 2 109 5
P 19.940382 3.913752 2 4 1
P 2.088715 14.811961 2 8 1
P 10.654937 7.393663 2 94 4
P 11.374159 11.332050 2 73 4
P 16.387644 16.285006 2 6 5
P 5.641453 2.440707 0 84 5
P 7.885087 13.891297 2 50 3
P 14.144009 4.834416 2 61 3
P 3.859973 0.272837 0 72 3
P 18.169124 18.452876 0 72 3
P 0.000000 11.421529 0 61 2
P 22.029096 7.304184 2 22 2
F 2 64 2 21 21 8
F 2 1 1 8 22 10
F 2 4 1 8 22 11
F 2 20 1 8 22 12
go
P 11.014548 9.362856 0 104 4
P 5.518446 18.725713 2 87 5
P 16.510650 0.000000 2 92 5
P 18.571299 14.374196 0 53 1
P 3.457797 4.351517 0 53 1
P 10.563623 5.157520 2 51 3
P 11.465473 13.568193 2 84 3
P 1.122518 14.327445 2 8 1
P 20.906578 4.398268 1 12 1
P 2.735221 10.897241 2 73 5
P 19.293876 7.828472 2 114 5
P 19.940382 3.913752 2 5 1
P 2.088715 14.811961 2 9 1
P 10.654937 7.393663 2 98 4
P 11.374159 11.332050 2 77 4
P 16.387644 16.285006 2 11 5
P 5.641453 2.440707 0 84 5
P 7.885087 13.891297 2 53 3
P 14.144009 4.834416 2 64 3
P 3.859973 0.272837 0 72 3
P 18.169124 18.452876 0 72 3
P 0.000000 11.421529 0 61 2
P 22.029096 7.304184 2 24 2
F 2 64 2 21 21 7
F 2 1 1 8 22 9
F 2 4 1 8 22 10
F 2 20 1 8 22 11
go
P 11.014548 9.362856 0 104 4
P 5.518446 18.725713 2 92 5
P 16.510650 0.000000 2 97 5
P 18.571299 14.374196 0 53 1
P 3.457797 4.351517 0 53 1
P 10.563623 5.157520 2 54 3
P 11.465473 13.568193 2 87 3
P 1.122518 14.327445 2 9 1
P 20.906578 4.398268 1 13 1
P 2.735221 10.897241 2 78 5
P 19.293876 7.828472 2 119 5
P 19.940382 3.913752 2 6 1
P 2.088715 14.811961 2 10 1
P 10.654937 7.393663 2 102 4
P 11.374159 11.332050 2 81 4
P 16.387644 16.285006 2 16 5
P 5.641453 2.440707 0 84 5
P 7.885087 13.891297 2 56 3
P 14.144009 4.834416 2 67 3
P 3.859973 0.272837 0 72 3
P 18.169124 18.452876 0 72 3
P 0.000000 11.421529 0 61 2
P 22.029096 7.304184 2 26 2
F 2 64 2 21 21 6
F 2 1 1 8 22 8
F 2 4 1 8 22 9
F 2 20 1 8 22 10
go
P 11.014548 9.362856 0 104 4
P 5.518446 18.725713 2 97 5
P 16.510650 0.000000 2 102 5
P 18.571299 14.374196 0 53 1
P 3.457797 4.351517 0 53 1
P 10.563623 5.157520 2 57 3
P 11.465473 13.568193 2 90 3
P 1.122518 14.327445 2 10 1
P 20.906578 4.398268 1 14 1
P 2.735221 10.897241 2 83 5
P 19.293876 7.828472 2 124 5
P 19.940382 3.913752 2 7 1
P 2.088715 14.811961 2 11 1
P 10.654937 7.393663 2 106 4
P 11.374159 11.332050 2 85 4
P 16.387644 16.285006 2 21 5
P 5.641453 2.440707 0 84 5
P 7.885087 13.891297 2 59 3
P 14.144009 4.834416 2 70 3
P 3.859973 0.272837 0 72 3
P 18.169124 18.452876 0 72 3
P 0.000000 11.421529 0 61 2
P 22.029096 7.304184 2 28 2
F 2 64 2 21 21 5
F 2 1 1 8 22 7
F 2 4 1 8 22 8
F 2 20 1 8 22 9
go
P 11.014548 9.362856 0 104 4
P 5.518446 18.725713 2 102 5
P 16.510650 0.000000 2 107 5
P 18.571299 14.374196 0 53 1
P 3.457797 4.351517 0 53 1
P 10.563623 5.157520 2 60 3
P 11.465473 13.568193 2 93 3
P 1.122518 14.327445 2 11 1
P 20.906578 4.398268 1 15 1
P 2.735221 10.897241 2 88 5
P 19.293876 7.828472 2 129 5
P 19.940382 3.913752 2 8 1
P 2.088715 14.811961 2 12 1
P 10.654937 7.393663 2 110 4
P 11.374159 11.332050 2 89 4
P 16.387644 16.285006 2 26 5
P 5.641453 2.440707 0 84 5
P 7.885087 13.891297 2 62 3
P 14.144009 4.834416 2 73 3
P 3.859973 0.272837 0 72 3
P 18.169124 18.452876 0 72 3
P 0.000000 11.421529 0 61 2
P 22.029096 7.304184 2 30 2
F 2 64 2 21 21 4
F 2 1 1 8 22 6
F 2 4 1 8 22 7
F 2 20 1 8 22 8
go
P 11.014548 9.362856 0 104 4
P 5.518446 18.725713 2 107 5
P 16.510650 0.000000 2 112 5
P 18.571299 14.374196 0 53 1
P 3.457797 4.351517 0 53 1
P 10.563623 5.157520 2 63 3
P 11.465473 13.568193 2 96 3
P 1.122518 14.327445 2 12 1
P 20.906578 4.398268 1 16 1
P 2.735221 10.897241 2 93 5
P 19.293876 7.828472 2 134 5
P 19.940382 3.913752 2 9 1
P 2.088715 14.811961 2 13 1
P 10.654937 7.393663 2 114 4
P 11.374159 11.332050 2 93 4
P 16.387644 16.285006 2 31 5
P 5.641453 2.440707 0 84 5
P 7.885087 13.891297 2 65 3
P 14.144009 4.834416 2 76 3
P 3.859973 0.272837 0 72 3
P 18.169124 18.452876 0 72 3
P 0.000000 11.421529 0 61 2
P 22.029096 7.304184 2 32 2
F 2 64 2 21 21 3
F 2 1 1 8 22 5
F 2 4 1 8 22 6
F 2 20 1 8 22 7
go
P 11.014548 9.362856 0 104 4
P 5.518446 18.725713 2 112 5
P 16.510650 0.000000 2 117 5
P 18.571299 14.374196 0 53 1
P 3.457797 4.351517 0 53 1
P 10.563623 5.157520 2 66 3
P 11.465473 13.568193 2 99 3
P 1.122518 14.327445 2 13 1
P 20.906578 4.398268 1 17 1
P 2.735221 10.897241 2 98 5
P 19.293876 7.828472 2 139 5
P 19.940382 3.913752 2 10 1
P 2.088715 14.811961 2 14 1
P 10.654937 7.393663 2 118 4
P 11.374159 11.332050 2 97 4
P 16.387644 16.285006 2 36 5
P 5.641453 2.440707 0 84 5
P 7.885087 13.891297 2 68 3
P 14.144009 4.834416 2 79 3
P 3.859973 0.272837 0 72 3
P 18.169124 18.452876 0 72 3
P 0.000000 11.421529 0 61 2
P 22.029096 7.304184 2 34 2
F 2 64 2 21 21 2
F 2 1 1 8 22 4
F 2 4 1 8 22 5
F 2 20 1 8 22 6
go
P 11.014548 9.362856 0 104 4
P 5.518446 18.725713 2 117 5
P 16.510650 0.000000 2 122 5
P 18.571299 14.374196 0 53 1
P 3.457797 4.351517 0 53 1
P 10.563623 5.157520 2 69 3
P 11.465473 13.568193 2 102 3
P 1.122518 14.327445 2 14 1
P 20.906578 4.398268 1 18 1
P 2.735221 10.897241 2 103 5
P 19.293876 7.828472 2 144 5
P 19.940382 3.913752 2 11 1
P 2.088715 14.811961 2 15 1
P 10.654937 7.393663 2 122 4
P 11.374159 11.332050 2 101 4
P 16.387644 16.285006 2 41 5
P 5.641453 2.440707 0 84 5
P 7.885087 13.891297 2 71 3
P 14.144009 4.834416 2 82 3
P 3.859973 0.272837 0 72 3
P 18.169124 18.452876 0 72 3
P 0.000000 11.421529 0 61 2
P 22.029096 7.304184 2 36 2
F 2 64 2 21 21 1
F 2 1 1 8 22 3
F 2 4 1 8 22 4
F 2 20 1 8 22 5
go
P 11.014548 9.362856 0 104 4
P 5.518446 18.725713 2 122 5
P 16.510650 0.000000 2 127 5
P 18.571299 14.374196 0 53 1
P 3.457797 4.351517 0 53 1
P 10.563623 5.157520 2 72 3
P 11.465473 13.568193 2 105 3
P 1.122518 14.327445 2 15 1
P 20.906578 4.398268 1 19 1
P 2.735221 10.897241 2 108 5
P 19.293876 7.828472 2 149 5
P 19.940382 3.913752 2 12 1
P 2.088715 14.811961 2 16 1
P 10.654937 7.393663 2 126 4
P 11.374159 11.332050 2 105 4
P 16.387644 16.285006 2 46 5
P 5.641453 2.440707 0 84 5
P 7.885087 13.891297 2 74 3
P 14.144009 4.834416 2 85 3
P 3.859973 0.272837 0 72 3
P 18.169124 18.452876 0 72 3
P 0.000000 11.421529 2 3 2
P 22.029096 7.304184 2 38 2
F 2 1 1 8 22 2
F 2 4 1 8 22 3
F 2 20 1 8 22 4
go
P 11.014548 9.362856 0 104 4
P 5.518446 18.725713 2 127 5
P 16.510650 0.000000 2 132 5
P 18.571299 14.374196 0 53 1
P 3.457797 4.351517 0 53 1
P 10.563623 5.157520 2 75 3
P 11.465473 13.568193 2 108 3
P 1.122518 14.327445 2 16 1
P 20.906578 4.398268 1 20 1
P 2.735221 10.897241 2 113 5
P 19.293876 7.828472 2 154 5
P 19.940382 3.913752 2 13 1
P 2.088715 14.811961 2 17 1
P 10.654937 7.393663 2 130 4
P 11.374159 11.332050 2 109 4
P 16.387644 16.285006 2 51 5
P 5.641453 2.440707 0 84 5
P 7.885087 13.891297 2 77 3
P 14.144009 4.834416 2 88 3
P 3.859973 0.272837 0 72 3
P 18.169124 18.452876 0 72 3
P 0.000000 11.421529 2 5 2
P 22.029096 7.304184 2 40 2
F 2 1 1 8 22 1
F 2 4 1 8 22 2
F 2 20 1 8 22 3
go
P 11.014548 9.362856 0 104 4
P 5.518446 18.725713 2 132 5
P 16.510650 0.000000 2 137 5
P 18.571299 14.374196 0 53 1
P 3.457797 4.351517 0 53 1
P 10.563623 5.157520 2 78 3
P 11.465473 13.568193 2 111 3
P 1.122518 14.327445 2 17 1
P 20.906578 4.398268 1 20 1
P 2.735221 10.897241 2 118 5
P 19.293876 7.828472 2 159 5
P 19.940382 3.913752 2 14 1
P 2.088715 14.811961 2 18 1
P 10.654937 7.393663 2 134 4
P 11.374159 11.332050 2 113 4
P 16.387644 16.285006 2 56 5
P 5.641453 2.440707 0 84 5
P 7.885087 13.891297 2 80 3
P 14.144009 4.834416 2 91 3
P 3.859973 0.272837 0 72 3
P 18.169124 18.452876 0 72 3
P 0.000000 11.421529 2 7 2
P 22.029096 7.304184 2 42 2
F 2 4 1 8 22 1
F 2 20 1 8 22 2
go
P 11.014548 9.362856 0 104 4
P 5.518446 18.725713 2 137 5
P 16.510650 0.000000 2 142 5
P 18.571299 14.374196 0 53 1
P 3.457797 4.351517 0 53 1
P 10.563623 5.157520 2 81 3
P 11.465473 13.568193 2 114 3
P 1.122518 14.327445 2 18 1
P 20.906578 4.398268 1 17 1
P 2.735221 10.897241 2 123 5
P 19.293876 7.828472 2 164 5
P 19.940382 3.913752 2 15 1
P 2.088715 14.811961 2 19 1
P 10.654937 7.393663 2 138 4
P 11.374159 11.332050 2 117 4
P 16.387644 16.285006 2 61 5
P 5.641453 2.440707 0 84 5
P 7.885087 13.891297 2 83 3
P 14.144009 4.834416 2 94 3
P 3.859973 0.272837 0 72 3
P 18.169124 18.452876 0 72 3
P 0.000000 11.421529 2 9 2
P 22.029096 7.304184 2 44 2
F 2 20 1 8 22 1
go
