2019-01-30 01:16:54,314 starting
2019-01-30 01:16:54,316 NEW TURN
2019-01-30 01:16:54,321 dict 2 0
2019-01-30 01:16:54,321 dict 2 1
2019-01-30 01:16:54,321 dict 2 3
2019-01-30 01:16:54,321 dict 2 4
2019-01-30 01:16:54,322 dict 2 5
2019-01-30 01:16:54,322 dict 2 6
2019-01-30 01:16:54,322 dict 2 7
2019-01-30 01:16:54,322 dict 2 8
2019-01-30 01:16:54,322 dict 2 9
2019-01-30 01:16:54,322 dict 2 10
2019-01-30 01:16:54,322 dict 2 11
2019-01-30 01:16:54,323 dict 2 12
2019-01-30 01:16:54,323 dict 2 13
2019-01-30 01:16:54,323 dict 2 14
2019-01-30 01:16:54,323 dict 2 15
2019-01-30 01:16:54,323 dict 2 16
2019-01-30 01:16:54,323 dict 2 17
2019-01-30 01:16:54,323 dict 2 18
2019-01-30 01:16:54,323 dict 2 19
2019-01-30 01:16:54,324 dict 2 20
2019-01-30 01:16:54,324 dict 2 21
2019-01-30 01:16:54,324 dict 2 22
2019-01-30 01:16:54,324 Dict targets size: 22
2019-01-30 01:16:54,324 Main target id: 21
2019-01-30 01:16:54,324 Issue order: 2 -> [21] -> 35
2019-01-30 01:16:54,324 TURN FINISHED
2019-01-30 01:16:54,364 NEW TURN
2019-01-30 01:16:54,364 dict 2 0
2019-01-30 01:16:54,365 dict 2 1
2019-01-30 01:16:54,365 dict 2 3
2019-01-30 01:16:54,365 dict 2 4
2019-01-30 01:16:54,365 dict 2 5
2019-01-30 01:16:54,366 dict 2 6
2019-01-30 01:16:54,367 dict 2 7
2019-01-30 01:16:54,367 dict 2 8
2019-01-30 01:16:54,367 dict 2 9
2019-01-30 01:16:54,367 dict 2 10
2019-01-30 01:16:54,367 dict 2 11
2019-01-30 01:16:54,368 dict 2 12
2019-01-30 01:16:54,368 dict 2 13
2019-01-30 01:16:54,368 dict 2 14
2019-01-30 01:16:54,368 dict 2 15
2019-01-30 01:16:54,368 dict 2 16
2019-01-30 01:16:54,368 dict 2 17
2019-01-30 01:16:54,368 dict 2 18
2019-01-30 01:16:54,368 dict 2 19
2019-01-30 01:16:54,369 dict 2 20
2019-01-30 01:16:54,369 dict 2 21
2019-01-30 01:16:54,369 dict 2 22
2019-01-30 01:16:54,369 Dict targets size: 22
2019-01-30 01:16:54,369 Main target id: 21
2019-01-30 01:16:54,369 Issue order: 2 -> [21] -> 30
2019-01-30 01:16:54,369 TURN FINISHED
2019-01-30 01:16:54,410 NEW TURN
2019-01-30 01:16:54,410 dict 2 0
2019-01-30 01:16:54,411 dict 2 1
2019-01-30 01:16:54,411 dict 2 3
2019-01-30 01:16:54,411 dict 2 4
2019-01-30 01:16:54,415 dict 2 5
2019-01-30 01:16:54,418 dict 2 6
2019-01-30 01:16:54,418 dict 2 7
2019-01-30 01:16:54,418 dict 2 8
2019-01-30 01:16:54,418 dict 2 9
2019-01-30 01:16:54,418 dict 2 10
2019-01-30 01:16:54,418 dict 2 11
2019-01-30 01:16:54,419 dict 2 12
2019-01-30 01:16:54,419 dict 2 13
2019-01-30 01:16:54,419 dict 2 14
2019-01-30 01:16:54,419 dict 2 15
2019-01-30 01:16:54,419 dict 2 16
2019-01-30 01:16:54,419 dict 2 17
2019-01-30 01:16:54,419 dict 2 18
2019-01-30 01:16:54,419 dict 2 19
2019-01-30 01:16:54,420 dict 2 20
2019-01-30 01:16:54,420 dict 2 21
2019-01-30 01:16:54,420 dict 2 22
2019-01-30 01:16:54,420 Dict targets size: 22
2019-01-30 01:16:54,420 Main target id: 21
2019-01-30 01:16:54,420 Issue order: 2 -> [21] -> 12
2019-01-30 01:16:54,421 TURN FINISHED
2019-01-30 01:16:54,487 NEW TURN
2019-01-30 01:16:54,487 dict 2 0
2019-01-30 01:16:54,488 dict 2 1
2019-01-30 01:16:54,489 dict 2 3
2019-01-30 01:16:54,489 dict 2 4
2019-01-30 01:16:54,489 dict 2 5
2019-01-30 01:16:54,489 dict 2 6
2019-01-30 01:16:54,490 dict 2 7
2019-01-30 01:16:54,490 dict 2 8
2019-01-30 01:16:54,490 dict 2 9
2019-01-30 01:16:54,490 dict 2 10
2019-01-30 01:16:54,490 dict 2 11
2019-01-30 01:16:54,490 dict 2 12
2019-01-30 01:16:54,490 dict 2 13
2019-01-30 01:16:54,490 dict 2 14
2019-01-30 01:16:54,490 dict 2 15
2019-01-30 01:16:54,490 dict 2 16
2019-01-30 01:16:54,490 dict 2 17
2019-01-30 01:16:54,491 dict 2 18
2019-01-30 01:16:54,491 dict 2 19
2019-01-30 01:16:54,491 dict 2 20
2019-01-30 01:16:54,491 dict 2 21
2019-01-30 01:16:54,491 dict 2 22
2019-01-30 01:16:54,491 Dict targets size: 22
2019-01-30 01:16:54,491 Main target id: 21
2019-01-30 01:16:54,491 Issue order: 2 -> [21] -> 15
2019-01-30 01:16:54,491 TURN FINISHED
2019-01-30 01:16:54,518 NEW TURN
2019-01-30 01:16:54,518 dict 2 0
2019-01-30 01:16:54,518 dict 2 1
2019-01-30 01:16:54,518 dict 2 3
2019-01-30 01:16:54,518 dict 2 4
2019-01-30 01:16:54,518 dict 2 5
2019-01-30 01:16:54,518 dict 2 6
2019-01-30 01:16:54,518 dict 2 7
2019-01-30 01:16:54,519 dict 2 8
2019-01-30 01:16:54,519 dict 2 9
2019-01-30 01:16:54,519 dict 2 10
2019-01-30 01:16:54,519 dict 2 11
2019-01-30 01:16:54,519 dict 2 12
2019-01-30 01:16:54,519 dict 2 13
2019-01-30 01:16:54,519 dict 2 14
2019-01-30 01:16:54,519 dict 2 15
2019-01-30 01:16:54,519 dict 2 16
2019-01-30 01:16:54,519 dict 2 17
2019-01-30 01:16:54,520 dict 2 18
2019-01-30 01:16:54,520 dict 2 19
2019-01-30 01:16:54,520 dict 2 20
2019-01-30 01:16:54,520 dict 2 21
2019-01-30 01:16:54,520 dict 2 22
2019-01-30 01:16:54,520 Dict targets size: 22
2019-01-30 01:16:54,520 Main target id: 21
2019-01-30 01:16:54,521 Issue order: 2 -> [21] -> 13
2019-01-30 01:16:54,521 TURN FINISHED
2019-01-30 01:16:54,531 NEW TURN
2019-01-30 01:16:54,531 dict 2 0
2019-01-30 01:16:54,531 dict 2 1
2019-01-30 01:16:54,531 dict 2 3
2019-01-30 01:16:54,531 dict 2 4
2019-01-30 01:16:54,531 dict 2 5
2019-01-30 01:16:54,531 dict 2 6
2019-01-30 01:16:54,532 dict 2 7
2019-01-30 01:16:54,532 dict 2 8
2019-01-30 01:16:54,532 dict 2 9
2019-01-30 01:16:54,532 dict 2 10
2019-01-30 01:16:54,532 dict 2 11
2019-01-30 01:16:54,532 dict 2 12
2019-01-30 01:16:54,532 dict 2 13
2019-01-30 01:16:54,532 dict 2 14
2019-01-30 01:16:54,533 dict 2 15
2019-01-30 01:16:54,533 dict 2 16
2019-01-30 01:16:54,533 dict 2 17
2019-01-30 01:16:54,533 dict 2 18
2019-01-30 01:16:54,533 dict 2 19
2019-01-30 01:16:54,533 dict 2 20
2019-01-30 01:16:54,533 dict 2 21
2019-01-30 01:16:54,533 dict 2 22
2019-01-30 01:16:54,533 Dict targets size: 22
2019-01-30 01:16:54,534 Main target id: 16
2019-01-30 01:16:54,534 Issue order: 2 -> [16] -> 3
2019-01-30 01:16:54,534 TURN FINISHED
2019-01-30 01:16:54,548 NEW TURN
2019-01-30 01:16:54,549 dict 2 0
2019-01-30 01:16:54,549 dict 2 1
2019-01-30 01:16:54,549 dict 2 3
2019-01-30 01:16:54,549 dict 2 4
2019-01-30 01:16:54,549 dict 2 5
2019-01-30 01:16:54,549 dict 2 6
2019-01-30 01:16:54,549 dict 2 7
2019-01-30 01:16:54,549 dict 2 8
2019-01-30 01:16:54,549 dict 2 9
2019-01-30 01:16:54,550 dict 2 10
2019-01-30 01:16:54,550 dict 2 11
2019-01-30 01:16:54,550 dict 2 12
2019-01-30 01:16:54,550 dict 2 13
2019-01-30 01:16:54,550 dict 2 14
2019-01-30 01:16:54,550 dict 2 15
2019-01-30 01:16:54,550 dict 2 16
2019-01-30 01:16:54,550 dict 2 17
2019-01-30 01:16:54,551 dict 2 18
2019-01-30 01:16:54,551 dict 2 19
2019-01-30 01:16:54,551 dict 2 20
2019-01-30 01:16:54,551 dict 2 21
2019-01-30 01:16:54,551 dict 2 22
2019-01-30 01:16:54,551 Dict targets size: 22
2019-01-30 01:16:54,551 Main target id: 21
2019-01-30 01:16:54,551 Issue order: 2 -> [21] -> 9
2019-01-30 01:16:54,551 TURN FINISHED
2019-01-30 01:16:54,571 NEW TURN
2019-01-30 01:16:54,571 dict 2 0
2019-01-30 01:16:54,571 dict 2 1
2019-01-30 01:16:54,571 dict 2 3
2019-01-30 01:16:54,571 dict 2 4
2019-01-30 01:16:54,571 dict 2 5
2019-01-30 01:16:54,572 dict 2 6
2019-01-30 01:16:54,573 dict 2 7
2019-01-30 01:16:54,573 dict 2 8
2019-01-30 01:16:54,573 dict 2 9
2019-01-30 01:16:54,573 dict 2 10
2019-01-30 01:16:54,574 dict 2 11
2019-01-30 01:16:54,574 dict 2 12
2019-01-30 01:16:54,574 dict 2 13
2019-01-30 01:16:54,574 dict 2 14
2019-01-30 01:16:54,574 dict 2 15
2019-01-30 01:16:54,574 dict 2 16
2019-01-30 01:16:54,574 dict 2 17
2019-01-30 01:16:54,574 dict 2 18
2019-01-30 01:16:54,575 dict 2 19
2019-01-30 01:16:54,575 dict 2 20
2019-01-30 01:16:54,576 dict 2 22
2019-01-30 01:16:54,577 Dict targets size: 22
2019-01-30 01:16:54,577 Main target id: 15
2019-01-30 01:16:54,577 Issue order: 2 -> [15] -> 4
2019-01-30 01:16:54,577 TURN FINISHED
2019-01-30 01:16:54,581 NEW TURN
2019-01-30 01:16:54,581 dict 2 0
2019-01-30 01:16:54,581 dict 2 1
2019-01-30 01:16:54,581 dict 21 3
2019-01-30 01:16:54,581 dict 2 4
2019-01-30 01:16:54,581 dict 21 5
2019-01-30 01:16:54,582 dict 2 6
2019-01-30 01:16:54,582 dict 21 7
2019-01-30 01:16:54,582 dict 2 8
2019-01-30 01:16:54,582 dict 21 9
2019-01-30 01:16:54,582 dict 2 10
2019-01-30 01:16:54,582 dict 2 11
2019-01-30 01:16:54,582 dict 21 12
2019-01-30 01:16:54,582 dict 2 13
2019-01-30 01:16:54,582 dict 21 14
2019-01-30 01:16:54,583 dict 21 15
2019-01-30 01:16:54,583 dict 2 16
2019-01-30 01:16:54,583 dict 21 17
2019-01-30 01:16:54,583 dict 2 18
2019-01-30 01:16:54,583 dict 21 19
2019-01-30 01:16:54,583 dict 2 20
2019-01-30 01:16:54,583 dict 2 22
2019-01-30 01:16:54,583 Dict targets size: 21
2019-01-30 01:16:54,583 Main target id: 12
2019-01-30 01:16:54,584 Issue order: 21 -> [12] -> 13
2019-01-30 01:16:54,584 Issue order: 2 -> [12] -> 7
2019-01-30 01:16:54,584 TURN FINISHED
2019-01-30 01:16:54,595 NEW TURN
2019-01-30 01:16:54,595 dict 2 0
2019-01-30 01:16:54,596 dict 2 1
2019-01-30 01:16:54,596 dict 21 3
2019-01-30 01:16:54,596 dict 2 4
2019-01-30 01:16:54,596 dict 21 5
2019-01-30 01:16:54,596 dict 2 6
2019-01-30 01:16:54,596 dict 21 7
2019-01-30 01:16:54,596 dict 2 8
2019-01-30 01:16:54,597 dict 21 9
2019-01-30 01:16:54,597 dict 2 10
2019-01-30 01:16:54,597 dict 2 11
2019-01-30 01:16:54,597 dict 21 12
2019-01-30 01:16:54,597 dict 2 13
2019-01-30 01:16:54,597 dict 21 14
2019-01-30 01:16:54,597 dict 21 15
2019-01-30 01:16:54,597 dict 2 16
2019-01-30 01:16:54,597 dict 21 17
2019-01-30 01:16:54,598 dict 2 18
2019-01-30 01:16:54,598 dict 21 19
2019-01-30 01:16:54,598 dict 2 20
2019-01-30 01:16:54,598 dict 2 22
2019-01-30 01:16:54,598 Dict targets size: 21
2019-01-30 01:16:54,598 Main target id: 12
2019-01-30 01:16:54,598 Issue order: 21 -> [12] -> 10
2019-01-30 01:16:54,598 Issue order: 2 -> [12] -> 5
2019-01-30 01:16:54,598 TURN FINISHED
2019-01-30 01:16:54,606 NEW TURN
2019-01-30 01:16:54,606 dict 2 0
2019-01-30 01:16:54,606 dict 2 1
2019-01-30 01:16:54,606 dict 21 3
2019-01-30 01:16:54,606 dict 2 4
2019-01-30 01:16:54,606 dict 21 5
2019-01-30 01:16:54,607 dict 2 6
2019-01-30 01:16:54,607 dict 21 7
2019-01-30 01:16:54,607 dict 2 8
2019-01-30 01:16:54,607 dict 21 9
2019-01-30 01:16:54,607 dict 2 10
2019-01-30 01:16:54,607 dict 2 11
2019-01-30 01:16:54,607 dict 21 12
2019-01-30 01:16:54,608 dict 2 13
2019-01-30 01:16:54,608 dict 21 14
2019-01-30 01:16:54,608 dict 21 15
2019-01-30 01:16:54,608 dict 2 16
2019-01-30 01:16:54,608 dict 21 17
2019-01-30 01:16:54,608 dict 2 18
2019-01-30 01:16:54,608 dict 21 19
2019-01-30 01:16:54,609 dict 2 20
2019-01-30 01:16:54,609 dict 2 22
2019-01-30 01:16:54,609 Dict targets size: 21
2019-01-30 01:16:54,609 Main target id: 12
2019-01-30 01:16:54,609 Issue order: 21 -> [12] -> 17
2019-01-30 01:16:54,609 Issue order: 2 -> [12] -> 6
2019-01-30 01:16:54,609 TURN FINISHED
2019-01-30 01:16:54,623 NEW TURN
2019-01-30 01:16:54,623 dict 2 0
2019-01-30 01:16:54,623 dict 2 1
2019-01-30 01:16:54,624 dict 21 3
2019-01-30 01:16:54,624 dict 2 4
2019-01-30 01:16:54,624 dict 21 5
2019-01-30 01:16:54,624 dict 2 6
2019-01-30 01:16:54,624 dict 21 7
2019-01-30 01:16:54,624 dict 2 8
2019-01-30 01:16:54,625 dict 21 9
2019-01-30 01:16:54,625 dict 2 10
2019-01-30 01:16:54,625 dict 2 11
2019-01-30 01:16:54,625 dict 21 12
2019-01-30 01:16:54,625 dict 2 13
2019-01-30 01:16:54,626 dict 21 14
2019-01-30 01:16:54,627 dict 21 15
2019-01-30 01:16:54,628 dict 2 16
2019-01-30 01:16:54,628 dict 21 17
2019-01-30 01:16:54,629 dict 2 18
2019-01-30 01:16:54,629 dict 21 19
2019-01-30 01:16:54,629 dict 2 20
2019-01-30 01:16:54,629 dict 2 22
2019-01-30 01:16:54,629 Dict targets size: 21
2019-01-30 01:16:54,629 Main target id: 5
2019-01-30 01:16:54,629 Issue order: 21 -> [5] -> 1
2019-01-30 01:16:54,629 Issue order: 2 -> [5] -> 1
2019-01-30 01:16:54,630 TURN FINISHED
2019-01-30 01:16:54,644 NEW TURN
2019-01-30 01:16:54,644 dict 2 0
2019-01-30 01:16:54,644 dict 2 1
2019-01-30 01:16:54,645 dict 21 3
2019-01-30 01:16:54,645 dict 2 4
2019-01-30 01:16:54,645 dict 21 5
2019-01-30 01:16:54,645 dict 2 6
2019-01-30 01:16:54,645 dict 21 7
2019-01-30 01:16:54,645 dict 2 8
2019-01-30 01:16:54,645 dict 21 9
2019-01-30 01:16:54,645 dict 2 10
2019-01-30 01:16:54,646 dict 2 11
2019-01-30 01:16:54,646 dict 21 12
2019-01-30 01:16:54,646 dict 2 13
2019-01-30 01:16:54,646 dict 21 14
2019-01-30 01:16:54,646 dict 21 15
2019-01-30 01:16:54,646 dict 2 16
2019-01-30 01:16:54,646 dict 21 17
2019-01-30 01:16:54,647 dict 2 18
2019-01-30 01:16:54,647 dict 21 19
2019-01-30 01:16:54,647 dict 2 20
2019-01-30 01:16:54,647 dict 2 22
2019-01-30 01:16:54,647 Dict targets size: 21
2019-01-30 01:16:54,647 Main target id: 12
2019-01-30 01:16:54,648 Issue order: 21 -> [12] -> 15
2019-01-30 01:16:54,648 Issue order: 2 -> [12] -> 6
2019-01-30 01:16:54,648 TURN FINISHED
2019-01-30 01:16:54,674 NEW TURN
2019-01-30 01:16:54,674 dict 2 0
2019-01-30 01:16:54,675 dict 2 1
2019-01-30 01:16:54,675 dict 21 3
2019-01-30 01:16:54,675 dict 2 4
2019-01-30 01:16:54,675 dict 21 5
2019-01-30 01:16:54,675 dict 2 6
2019-01-30 01:16:54,675 dict 21 7
2019-01-30 01:16:54,675 dict 2 8
2019-01-30 01:16:54,675 dict 21 9
2019-01-30 01:16:54,675 dict 2 10
2019-01-30 01:16:54,676 dict 2 11
2019-01-30 01:16:54,676 dict 21 12
2019-01-30 01:16:54,676 dict 2 13
2019-01-30 01:16:54,676 dict 21 14
2019-01-30 01:16:54,676 dict 21 15
2019-01-30 01:16:54,676 dict 2 16
2019-01-30 01:16:54,676 dict 21 17
2019-01-30 01:16:54,676 dict 2 18
2019-01-30 01:16:54,676 dict 21 19
2019-01-30 01:16:54,677 dict 2 20
2019-01-30 01:16:54,677 dict 2 22
2019-01-30 01:16:54,677 Dict targets size: 21
2019-01-30 01:16:54,677 Main target id: 12
2019-01-30 01:16:54,677 Issue order: 21 -> [12] -> 15
2019-01-30 01:16:54,677 Issue order: 2 -> [12] -> 8
2019-01-30 01:16:54,677 TURN FINISHED
2019-01-30 01:16:54,724 NEW TURN
2019-01-30 01:16:54,725 dict 2 0
2019-01-30 01:16:54,725 dict 2 1
2019-01-30 01:16:54,725 dict 21 3
2019-01-30 01:16:54,725 dict 2 4
2019-01-30 01:16:54,725 dict 21 5
2019-01-30 01:16:54,726 dict 2 6
2019-01-30 01:16:54,726 dict 21 7
2019-01-30 01:16:54,726 dict 2 8
2019-01-30 01:16:54,726 dict 21 9
2019-01-30 01:16:54,726 dict 2 10
2019-01-30 01:16:54,726 dict 2 11
2019-01-30 01:16:54,726 dict 21 12
2019-01-30 01:16:54,727 dict 2 13
2019-01-30 01:16:54,727 dict 21 14
2019-01-30 01:16:54,727 dict 21 15
2019-01-30 01:16:54,727 dict 2 16
2019-01-30 01:16:54,727 dict 21 17
2019-01-30 01:16:54,727 dict 2 18
2019-01-30 01:16:54,727 dict 21 19
2019-01-30 01:16:54,727 dict 2 20
2019-01-30 01:16:54,727 dict 2 22
2019-01-30 01:16:54,728 Dict targets size: 21
2019-01-30 01:16:54,728 Main target id: 12
2019-01-30 01:16:54,728 Issue order: 21 -> [12] -> 15
2019-01-30 01:16:54,728 Issue order: 2 -> [12] -> 4
2019-01-30 01:16:54,728 TURN FINISHED
2019-01-30 01:16:54,751 NEW TURN
2019-01-30 01:16:54,751 dict 2 0
2019-01-30 01:16:54,751 dict 2 1
2019-01-30 01:16:54,751 dict 21 3
2019-01-30 01:16:54,751 dict 2 4
2019-01-30 01:16:54,751 dict 21 5
2019-01-30 01:16:54,751 dict 2 6
2019-01-30 01:16:54,752 dict 21 7
2019-01-30 01:16:54,752 dict 2 8
2019-01-30 01:16:54,752 dict 21 9
2019-01-30 01:16:54,752 dict 2 10
2019-01-30 01:16:54,752 dict 2 11
2019-01-30 01:16:54,753 dict 21 12
2019-01-30 01:16:54,753 dict 2 13
2019-01-30 01:16:54,753 dict 21 14
2019-01-30 01:16:54,753 dict 21 15
2019-01-30 01:16:54,753 dict 2 16
2019-01-30 01:16:54,753 dict 21 17
2019-01-30 01:16:54,753 dict 2 18
2019-01-30 01:16:54,754 dict 21 19
2019-01-30 01:16:54,754 dict 2 20
2019-01-30 01:16:54,754 dict 2 22
2019-01-30 01:16:54,754 Dict targets size: 21
2019-01-30 01:16:54,754 Main target id: 12
2019-01-30 01:16:54,754 Issue order: 21 -> [12] -> 8
2019-01-30 01:16:54,754 Issue order: 2 -> [12] -> 5
2019-01-30 01:16:54,754 TURN FINISHED
2019-01-30 01:16:54,775 NEW TURN
2019-01-30 01:16:54,775 dict 2 0
2019-01-30 01:16:54,776 dict 2 1
2019-01-30 01:16:54,776 dict 21 3
2019-01-30 01:16:54,777 dict 2 4
2019-01-30 01:16:54,777 dict 21 5
2019-01-30 01:16:54,777 dict 2 6
2019-01-30 01:16:54,777 dict 21 7
2019-01-30 01:16:54,777 dict 2 8
2019-01-30 01:16:54,778 dict 21 9
2019-01-30 01:16:54,778 dict 2 10
2019-01-30 01:16:54,778 dict 2 11
2019-01-30 01:16:54,778 dict 21 12
2019-01-30 01:16:54,779 dict 2 13
2019-01-30 01:16:54,779 dict 21 14
2019-01-30 01:16:54,779 dict 21 15
2019-01-30 01:16:54,779 dict 2 16
2019-01-30 01:16:54,779 dict 21 17
2019-01-30 01:16:54,779 dict 2 18
2019-01-30 01:16:54,779 dict 21 19
2019-01-30 01:16:54,779 dict 2 20
2019-01-30 01:16:54,779 dict 2 22
2019-01-30 01:16:54,780 Dict targets size: 21
2019-01-30 01:16:54,780 Main target id: 12
2019-01-30 01:16:54,780 Issue order: 21 -> [12] -> 12
2019-01-30 01:16:54,780 Issue order: 2 -> [12] -> 5
2019-01-30 01:16:54,780 TURN FINISHED
2019-01-30 01:16:54,784 NEW TURN
2019-01-30 01:16:54,784 dict 2 0
2019-01-30 01:16:54,785 dict 12 1
2019-01-30 01:16:54,785 dict 12 3
2019-01-30 01:16:54,785 dict 2 4
2019-01-30 01:16:54,785 dict 12 5
2019-01-30 01:16:54,785 dict 2 6
2019-01-30 01:16:54,785 dict 12 7
2019-01-30 01:16:54,785 dict 2 8
2019-01-30 01:16:54,785 dict 12 9
2019-01-30 01:16:54,786 dict 2 10
2019-01-30 01:16:54,786 dict 2 11
2019-01-30 01:16:54,786 dict 2 13
2019-01-30 01:16:54,786 dict 12 14
2019-01-30 01:16:54,786 dict 21 15
2019-01-30 01:16:54,786 dict 2 16
2019-01-30 01:16:54,786 dict 12 17
2019-01-30 01:16:54,787 dict 2 18
2019-01-30 01:16:54,787 dict 12 19
2019-01-30 01:16:54,787 dict 2 20
2019-01-30 01:16:54,787 dict 2 22
2019-01-30 01:16:54,787 Dict targets size: 20
2019-01-30 01:16:54,787 Main target id: 4
2019-01-30 01:16:54,788 Issue order: 2 -> [4] -> 3
2019-01-30 01:16:54,788 Issue order: 12 -> [4] -> 2
2019-01-30 01:16:54,788 Issue order: 21 -> [4] -> 3
2019-01-30 01:16:54,788 TURN FINISHED
2019-01-30 01:16:54,794 NEW TURN
2019-01-30 01:16:54,795 dict 2 0
2019-01-30 01:16:54,795 dict 12 1
2019-01-30 01:16:54,795 dict 12 3
2019-01-30 01:16:54,796 dict 2 4
2019-01-30 01:16:54,796 dict 12 5
2019-01-30 01:16:54,797 dict 2 6
2019-01-30 01:16:54,797 dict 12 7
2019-01-30 01:16:54,797 dict 2 8
2019-01-30 01:16:54,797 dict 12 9
2019-01-30 01:16:54,798 dict 2 10
2019-01-30 01:16:54,798 dict 2 11
2019-01-30 01:16:54,798 dict 2 13
2019-01-30 01:16:54,798 dict 12 14
2019-01-30 01:16:54,798 dict 21 15
2019-01-30 01:16:54,799 dict 2 16
2019-01-30 01:16:54,799 dict 12 17
2019-01-30 01:16:54,799 dict 2 18
2019-01-30 01:16:54,799 dict 12 19
2019-01-30 01:16:54,799 dict 2 20
2019-01-30 01:16:54,799 dict 2 22
2019-01-30 01:16:54,800 Dict targets size: 20
2019-01-30 01:16:54,800 Main target id: 7
2019-01-30 01:16:54,800 Issue order: 12 -> [7] -> 8
2019-01-30 01:16:54,800 Issue order: 21 -> [7] -> 4
2019-01-30 01:16:54,800 Issue order: 2 -> [7] -> 6
2019-01-30 01:16:54,800 TURN FINISHED
2019-01-30 01:16:54,817 NEW TURN
2019-01-30 01:16:54,818 dict 2 0
2019-01-30 01:16:54,818 dict 12 1
2019-01-30 01:16:54,818 dict 12 3
2019-01-30 01:16:54,818 dict 2 4
2019-01-30 01:16:54,819 dict 12 5
2019-01-30 01:16:54,819 dict 2 6
2019-01-30 01:16:54,819 dict 12 7
2019-01-30 01:16:54,819 dict 2 8
2019-01-30 01:16:54,819 dict 12 9
2019-01-30 01:16:54,819 dict 2 10
2019-01-30 01:16:54,820 dict 2 11
2019-01-30 01:16:54,820 dict 2 13
2019-01-30 01:16:54,820 dict 12 14
2019-01-30 01:16:54,820 dict 21 15
2019-01-30 01:16:54,820 dict 2 16
2019-01-30 01:16:54,820 dict 12 17
2019-01-30 01:16:54,820 dict 2 18
2019-01-30 01:16:54,820 dict 12 19
2019-01-30 01:16:54,821 dict 2 20
2019-01-30 01:16:54,821 dict 2 22
2019-01-30 01:16:54,821 Dict targets size: 20
2019-01-30 01:16:54,821 Main target id: 7
2019-01-30 01:16:54,821 Issue order: 12 -> [7] -> 7
2019-01-30 01:16:54,821 Issue order: 21 -> [7] -> 9
2019-01-30 01:16:54,821 Issue order: 2 -> [7] -> 7
2019-01-30 01:16:54,821 TURN FINISHED
2019-01-30 01:16:54,855 NEW TURN
2019-01-30 01:16:54,855 dict 2 0
2019-01-30 01:16:54,855 dict 12 1
2019-01-30 01:16:54,855 dict 12 3
2019-01-30 01:16:54,856 dict 2 4
2019-01-30 01:16:54,856 dict 12 5
2019-01-30 01:16:54,856 dict 2 6
2019-01-30 01:16:54,856 dict 12 7
2019-01-30 01:16:54,856 dict 2 8
2019-01-30 01:16:54,856 dict 12 9
2019-01-30 01:16:54,856 dict 2 10
2019-01-30 01:16:54,857 dict 2 11
2019-01-30 01:16:54,857 dict 2 13
2019-01-30 01:16:54,857 dict 12 14
2019-01-30 01:16:54,857 dict 21 15
2019-01-30 01:16:54,857 dict 2 16
2019-01-30 01:16:54,857 dict 12 17
2019-01-30 01:16:54,858 dict 2 18
2019-01-30 01:16:54,858 dict 12 19
2019-01-30 01:16:54,858 dict 2 20
2019-01-30 01:16:54,858 dict 2 22
2019-01-30 01:16:54,858 Dict targets size: 20
2019-01-30 01:16:54,858 Main target id: 7
2019-01-30 01:16:54,858 Issue order: 12 -> [7] -> 7
2019-01-30 01:16:54,858 Issue order: 21 -> [7] -> 4
2019-01-30 01:16:54,858 Issue order: 2 -> [7] -> 3
2019-01-30 01:16:54,859 TURN FINISHED
2019-01-30 01:16:54,865 NEW TURN
2019-01-30 01:16:54,865 dict 2 0
2019-01-30 01:16:54,865 dict 12 1
2019-01-30 01:16:54,865 dict 12 3
2019-01-30 01:16:54,865 dict 2 4
2019-01-30 01:16:54,866 dict 12 5
2019-01-30 01:16:54,866 dict 2 6
2019-01-30 01:16:54,866 dict 12 7
2019-01-30 01:16:54,866 dict 2 8
2019-01-30 01:16:54,866 dict 12 9
2019-01-30 01:16:54,867 dict 2 10
2019-01-30 01:16:54,867 dict 2 11
2019-01-30 01:16:54,867 dict 2 13
2019-01-30 01:16:54,867 dict 12 14
2019-01-30 01:16:54,867 dict 21 15
2019-01-30 01:16:54,867 dict 2 16
2019-01-30 01:16:54,867 dict 12 17
2019-01-30 01:16:54,868 dict 2 18
2019-01-30 01:16:54,868 dict 12 19
2019-01-30 01:16:54,868 dict 2 20
2019-01-30 01:16:54,868 dict 2 22
2019-01-30 01:16:54,868 Dict targets size: 20
2019-01-30 01:16:54,868 Main target id: 7
2019-01-30 01:16:54,868 Issue order: 12 -> [7] -> 11
2019-01-30 01:16:54,868 Issue order: 21 -> [7] -> 8
2019-01-30 01:16:54,869 Issue order: 2 -> [7] -> 4
2019-01-30 01:16:54,869 TURN FINISHED
2019-01-30 01:16:54,876 NEW TURN
2019-01-30 01:16:54,876 dict 2 0
2019-01-30 01:16:54,877 dict 12 1
2019-01-30 01:16:54,877 dict 12 3
2019-01-30 01:16:54,877 dict 2 4
2019-01-30 01:16:54,877 dict 12 5
2019-01-30 01:16:54,878 dict 2 6
2019-01-30 01:16:54,878 dict 12 7
2019-01-30 01:16:54,878 dict 2 8
2019-01-30 01:16:54,879 dict 12 9
2019-01-30 01:16:54,879 dict 2 10
2019-01-30 01:16:54,879 dict 2 11
2019-01-30 01:16:54,879 dict 2 13
2019-01-30 01:16:54,879 dict 12 14
2019-01-30 01:16:54,879 dict 21 15
2019-01-30 01:16:54,879 dict 2 16
2019-01-30 01:16:54,880 dict 12 17
2019-01-30 01:16:54,880 dict 2 18
2019-01-30 01:16:54,880 dict 12 19
2019-01-30 01:16:54,880 dict 2 20
2019-01-30 01:16:54,880 dict 2 22
2019-01-30 01:16:54,881 Dict targets size: 20
2019-01-30 01:16:54,881 Main target id: 7
2019-01-30 01:16:54,881 Issue order: 12 -> [7] -> 5
2019-01-30 01:16:54,881 Issue order: 21 -> [7] -> 3
2019-01-30 01:16:54,881 Issue order: 2 -> [7] -> 4
2019-01-30 01:16:54,881 TURN FINISHED
2019-01-30 01:16:54,891 NEW TURN
2019-01-30 01:16:54,891 dict 2 0
2019-01-30 01:16:54,891 dict 12 1
2019-01-30 01:16:54,892 dict 12 3
2019-01-30 01:16:54,892 dict 2 4
2019-01-30 01:16:54,892 dict 12 5
2019-01-30 01:16:54,892 dict 2 6
2019-01-30 01:16:54,893 dict 12 7
2019-01-30 01:16:54,893 dict 2 8
2019-01-30 01:16:54,893 dict 12 9
2019-01-30 01:16:54,893 dict 2 10
2019-01-30 01:16:54,893 dict 2 11
2019-01-30 01:16:54,893 dict 2 13
2019-01-30 01:16:54,894 dict 12 14
2019-01-30 01:16:54,894 dict 21 15
2019-01-30 01:16:54,894 dict 2 16
2019-01-30 01:16:54,894 dict 12 17
2019-01-30 01:16:54,895 dict 2 18
2019-01-30 01:16:54,896 dict 12 19
2019-01-30 01:16:54,896 dict 2 20
2019-01-30 01:16:54,896 dict 2 22
2019-01-30 01:16:54,896 Dict targets size: 20
2019-01-30 01:16:54,896 Main target id: 7
2019-01-30 01:16:54,897 Issue order: 12 -> [7] -> 5
2019-01-30 01:16:54,897 Issue order: 21 -> [7] -> 7
2019-01-30 01:16:54,897 Issue order: 2 -> [7] -> 9
2019-01-30 01:16:54,897 TURN FINISHED
2019-01-30 01:16:54,903 NEW TURN
2019-01-30 01:16:54,903 dict 2 0
2019-01-30 01:16:54,903 dict 12 1
2019-01-30 01:16:54,903 dict 12 3
2019-01-30 01:16:54,903 dict 2 4
2019-01-30 01:16:54,904 dict 12 5
2019-01-30 01:16:54,904 dict 2 6
2019-01-30 01:16:54,904 dict 12 7
2019-01-30 01:16:54,904 dict 2 8
2019-01-30 01:16:54,904 dict 12 9
2019-01-30 01:16:54,904 dict 2 10
2019-01-30 01:16:54,904 dict 2 11
2019-01-30 01:16:54,904 dict 2 13
2019-01-30 01:16:54,904 dict 12 14
2019-01-30 01:16:54,904 dict 21 15
2019-01-30 01:16:54,904 dict 2 16
2019-01-30 01:16:54,904 dict 12 17
2019-01-30 01:16:54,904 dict 2 18
2019-01-30 01:16:54,905 dict 12 19
2019-01-30 01:16:54,905 dict 2 20
2019-01-30 01:16:54,905 dict 2 22
2019-01-30 01:16:54,905 Dict targets size: 20
2019-01-30 01:16:54,905 Main target id: 15
2019-01-30 01:16:54,905 Issue order: 21 -> [15] -> 4
2019-01-30 01:16:54,905 Issue order: 12 -> [15] -> 8
2019-01-30 01:16:54,905 Issue order: 2 -> [15] -> 4
2019-01-30 01:16:54,905 TURN FINISHED
2019-01-30 01:16:54,910 NEW TURN
2019-01-30 01:16:54,911 dict 2 0
2019-01-30 01:16:54,911 dict 12 1
2019-01-30 01:16:54,911 dict 12 3
2019-01-30 01:16:54,911 dict 2 4
2019-01-30 01:16:54,912 dict 12 5
2019-01-30 01:16:54,912 dict 2 6
2019-01-30 01:16:54,912 dict 12 7
2019-01-30 01:16:54,912 dict 2 8
2019-01-30 01:16:54,912 dict 12 9
2019-01-30 01:16:54,912 dict 2 10
2019-01-30 01:16:54,912 dict 2 11
2019-01-30 01:16:54,912 dict 2 13
2019-01-30 01:16:54,913 dict 12 14
2019-01-30 01:16:54,913 dict 21 15
2019-01-30 01:16:54,913 dict 2 16
2019-01-30 01:16:54,913 dict 12 17
2019-01-30 01:16:54,913 dict 2 18
2019-01-30 01:16:54,913 dict 12 19
2019-01-30 01:16:54,913 dict 2 20
2019-01-30 01:16:54,913 dict 2 22
2019-01-30 01:16:54,914 Dict targets size: 20
2019-01-30 01:16:54,914 Main target id: 15
2019-01-30 01:16:54,914 Issue order: 21 -> [15] -> 5
2019-01-30 01:16:54,914 Issue order: 12 -> [15] -> 9
2019-01-30 01:16:54,914 Issue order: 2 -> [15] -> 4
2019-01-30 01:16:54,914 TURN FINISHED
2019-01-30 01:16:54,919 NEW TURN
2019-01-30 01:16:54,919 dict 2 0
2019-01-30 01:16:54,920 dict 7 1
2019-01-30 01:16:54,920 dict 7 3
2019-01-30 01:16:54,920 dict 2 4
2019-01-30 01:16:54,920 dict 7 5
2019-01-30 01:16:54,920 dict 2 6
2019-01-30 01:16:54,920 dict 2 8
2019-01-30 01:16:54,920 dict 7 9
2019-01-30 01:16:54,921 dict 2 10
2019-01-30 01:16:54,921 dict 2 11
2019-01-30 01:16:54,921 dict 2 13
2019-01-30 01:16:54,921 dict 7 14
2019-01-30 01:16:54,921 dict 21 15
2019-01-30 01:16:54,921 dict 2 16
2019-01-30 01:16:54,921 dict 7 17
2019-01-30 01:16:54,922 dict 2 18
2019-01-30 01:16:54,922 dict 7 19
2019-01-30 01:16:54,922 dict 2 20
2019-01-30 01:16:54,922 dict 2 22
2019-01-30 01:16:54,922 Dict targets size: 19
2019-01-30 01:16:54,922 Main target id: 9
2019-01-30 01:16:54,922 Issue order: 7 -> [9] -> 1
2019-01-30 01:16:54,922 Issue order: 12 -> [9] -> 2
2019-01-30 01:16:54,922 Issue order: 21 -> [9] -> 7
2019-01-30 01:16:54,923 Issue order: 2 -> [9] -> 6
2019-01-30 01:16:54,923 TURN FINISHED
2019-01-30 01:16:54,940 NEW TURN
2019-01-30 01:16:54,941 dict 2 0
2019-01-30 01:16:54,941 dict 7 1
2019-01-30 01:16:54,941 dict 7 3
2019-01-30 01:16:54,941 dict 2 4
2019-01-30 01:16:54,941 dict 7 5
2019-01-30 01:16:54,941 dict 2 6
2019-01-30 01:16:54,941 dict 2 8
2019-01-30 01:16:54,942 dict 7 9
2019-01-30 01:16:54,942 dict 2 10
2019-01-30 01:16:54,942 dict 2 11
2019-01-30 01:16:54,942 dict 2 13
2019-01-30 01:16:54,942 dict 7 14
2019-01-30 01:16:54,942 dict 21 15
2019-01-30 01:16:54,943 dict 2 16
2019-01-30 01:16:54,943 dict 7 17
2019-01-30 01:16:54,943 dict 2 18
2019-01-30 01:16:54,943 dict 7 19
2019-01-30 01:16:54,943 dict 2 20
2019-01-30 01:16:54,943 dict 2 22
2019-01-30 01:16:54,944 Dict targets size: 19
2019-01-30 01:16:54,944 Main target id: 9
2019-01-30 01:16:54,944 Issue order: 7 -> [9] -> 4
2019-01-30 01:16:54,944 Issue order: 21 -> [9] -> 6
2019-01-30 01:16:54,944 Issue order: 2 -> [9] -> 5
2019-01-30 01:16:54,944 TURN FINISHED
2019-01-30 01:16:54,960 NEW TURN
2019-01-30 01:16:54,960 dict 2 0
2019-01-30 01:16:54,960 dict 7 1
2019-01-30 01:16:54,960 dict 7 3
2019-01-30 01:16:54,960 dict 2 4
2019-01-30 01:16:54,960 dict 7 5
2019-01-30 01:16:54,961 dict 2 6
2019-01-30 01:16:54,961 dict 2 8
2019-01-30 01:16:54,961 dict 7 9
2019-01-30 01:16:54,961 dict 2 10
2019-01-30 01:16:54,962 dict 2 11
2019-01-30 01:16:54,962 dict 2 13
2019-01-30 01:16:54,962 dict 7 14
2019-01-30 01:16:54,962 dict 21 15
2019-01-30 01:16:54,962 dict 2 16
2019-01-30 01:16:54,962 dict 7 17
2019-01-30 01:16:54,963 dict 2 18
2019-01-30 01:16:54,963 dict 7 19
2019-01-30 01:16:54,963 dict 2 20
2019-01-30 01:16:54,963 dict 2 22
2019-01-30 01:16:54,963 Dict targets size: 19
2019-01-30 01:16:54,963 Main target id: 9
2019-01-30 01:16:54,963 Issue order: 7 -> [9] -> 7
2019-01-30 01:16:54,963 Issue order: 12 -> [9] -> 1
2019-01-30 01:16:54,964 Issue order: 21 -> [9] -> 2
2019-01-30 01:16:54,964 Issue order: 2 -> [9] -> 6
2019-01-30 01:16:54,964 TURN FINISHED
2019-01-30 01:16:54,974 NEW TURN
2019-01-30 01:16:54,975 dict 12 0
2019-01-30 01:16:54,975 dict 7 1
2019-01-30 01:16:54,976 dict 21 2
2019-01-30 01:16:54,976 dict 7 3
2019-01-30 01:16:54,977 dict 12 4
2019-01-30 01:16:54,977 dict 7 5
2019-01-30 01:16:54,977 dict 21 6
2019-01-30 01:16:54,977 dict 12 8
2019-01-30 01:16:54,978 dict 7 9
2019-01-30 01:16:54,978 dict 12 10
2019-01-30 01:16:54,978 dict 12 11
2019-01-30 01:16:54,978 dict 21 13
2019-01-30 01:16:54,979 dict 7 14
2019-01-30 01:16:54,979 dict 21 15
2019-01-30 01:16:54,979 dict 7 16
2019-01-30 01:16:54,979 dict 7 17
2019-01-30 01:16:54,979 dict 21 18
2019-01-30 01:16:54,980 dict 7 19
2019-01-30 01:16:54,980 dict 12 20
2019-01-30 01:16:54,980 dict 7 22
2019-01-30 01:16:54,980 Dict targets size: 20
2019-01-30 01:16:54,980 Main target id: 2
2019-01-30 01:16:54,980 Issue order: 21 -> [2] -> 4
2019-01-30 01:16:54,980 Issue order: 12 -> [2] -> 2
2019-01-30 01:16:54,980 Issue order: 7 -> [2] -> 4
2019-01-30 01:16:54,980 TURN FINISHED
2019-01-30 01:16:54,991 NEW TURN
2019-01-30 01:16:54,991 dict 12 0
2019-01-30 01:16:54,991 dict 7 1
2019-01-30 01:16:54,991 dict 21 2
2019-01-30 01:16:54,992 dict 7 3
2019-01-30 01:16:54,992 dict 12 4
2019-01-30 01:16:54,992 dict 7 5
2019-01-30 01:16:54,992 dict 21 6
2019-01-30 01:16:54,992 dict 12 8
2019-01-30 01:16:54,992 dict 7 9
2019-01-30 01:16:54,992 dict 12 10
2019-01-30 01:16:54,993 dict 12 11
2019-01-30 01:16:54,993 dict 21 13
2019-01-30 01:16:54,993 dict 7 14
2019-01-30 01:16:54,993 dict 21 15
2019-01-30 01:16:54,993 dict 7 16
2019-01-30 01:16:54,993 dict 7 17
2019-01-30 01:16:54,993 dict 21 18
2019-01-30 01:16:54,994 dict 7 19
2019-01-30 01:16:54,994 dict 12 20
2019-01-30 01:16:54,994 dict 7 22
2019-01-30 01:16:54,994 Dict targets size: 20
2019-01-30 01:16:54,994 Main target id: 2
2019-01-30 01:16:54,994 Issue order: 21 -> [2] -> 5
2019-01-30 01:16:54,994 Issue order: 12 -> [2] -> 1
2019-01-30 01:16:54,994 Issue order: 7 -> [2] -> 9
2019-01-30 01:16:54,995 TURN FINISHED
2019-01-30 01:16:55,004 NEW TURN
2019-01-30 01:16:55,004 dict 12 0
2019-01-30 01:16:55,004 dict 7 1
2019-01-30 01:16:55,005 dict 21 2
2019-01-30 01:16:55,005 dict 7 3
2019-01-30 01:16:55,005 dict 12 4
2019-01-30 01:16:55,005 dict 7 5
2019-01-30 01:16:55,005 dict 21 6
2019-01-30 01:16:55,005 dict 12 8
2019-01-30 01:16:55,005 dict 7 9
2019-01-30 01:16:55,006 dict 12 10
2019-01-30 01:16:55,006 dict 12 11
2019-01-30 01:16:55,006 dict 21 13
2019-01-30 01:16:55,006 dict 7 14
2019-01-30 01:16:55,006 dict 21 15
2019-01-30 01:16:55,006 dict 7 16
2019-01-30 01:16:55,006 dict 7 17
2019-01-30 01:16:55,006 dict 21 18
2019-01-30 01:16:55,007 dict 7 19
2019-01-30 01:16:55,007 dict 12 20
2019-01-30 01:16:55,007 dict 7 22
2019-01-30 01:16:55,007 Dict targets size: 20
2019-01-30 01:16:55,007 Main target id: 2
2019-01-30 01:16:55,007 Issue order: 21 -> [2] -> 4
2019-01-30 01:16:55,007 Issue order: 7 -> [2] -> 10
2019-01-30 01:16:55,007 TURN FINISHED
2019-01-30 01:16:55,012 NEW TURN
2019-01-30 01:16:55,012 dict 12 0
2019-01-30 01:16:55,012 dict 7 1
2019-01-30 01:16:55,013 dict 21 2
2019-01-30 01:16:55,013 dict 7 3
2019-01-30 01:16:55,013 dict 12 4
2019-01-30 01:16:55,013 dict 7 5
2019-01-30 01:16:55,013 dict 21 6
2019-01-30 01:16:55,013 dict 12 8
2019-01-30 01:16:55,013 dict 7 9
2019-01-30 01:16:55,014 dict 12 10
2019-01-30 01:16:55,014 dict 12 11
2019-01-30 01:16:55,014 dict 21 13
2019-01-30 01:16:55,014 dict 7 14
2019-01-30 01:16:55,014 dict 21 15
2019-01-30 01:16:55,014 dict 7 16
2019-01-30 01:16:55,014 dict 7 17
2019-01-30 01:16:55,015 dict 21 18
2019-01-30 01:16:55,015 dict 7 19
2019-01-30 01:16:55,015 dict 12 20
2019-01-30 01:16:55,015 dict 7 22
2019-01-30 01:16:55,015 Dict targets size: 20
2019-01-30 01:16:55,015 Main target id: 2
2019-01-30 01:16:55,015 Issue order: 21 -> [2] -> 8
2019-01-30 01:16:55,015 Issue order: 12 -> [2] -> 1
2019-01-30 01:16:55,016 Issue order: 7 -> [2] -> 16
2019-01-30 01:16:55,016 TURN FINISHED
2019-01-30 01:16:55,022 NEW TURN
2019-01-30 01:16:55,023 dict 7 0
2019-01-30 01:16:55,023 dict 7 1
2019-01-30 01:16:55,023 dict 21 2
2019-01-30 01:16:55,023 dict 7 3
2019-01-30 01:16:55,023 dict 21 4
2019-01-30 01:16:55,024 dict 7 5
2019-01-30 01:16:55,024 dict 21 6
2019-01-30 01:16:55,024 dict 21 8
2019-01-30 01:16:55,024 dict 7 9
2019-01-30 01:16:55,024 dict 21 10
2019-01-30 01:16:55,024 dict 7 11
2019-01-30 01:16:55,024 dict 7 12
2019-01-30 01:16:55,025 dict 21 13
2019-01-30 01:16:55,025 dict 7 14
2019-01-30 01:16:55,025 dict 21 15
2019-01-30 01:16:55,025 dict 7 16
2019-01-30 01:16:55,025 dict 7 17
2019-01-30 01:16:55,026 dict 21 18
2019-01-30 01:16:55,026 dict 7 19
2019-01-30 01:16:55,026 dict 21 20
2019-01-30 01:16:55,026 dict 7 22
2019-01-30 01:16:55,026 Dict targets size: 21
2019-01-30 01:16:55,026 Main target id: 15
2019-01-30 01:16:55,026 Issue order: 21 -> [15] -> 4
2019-01-30 01:16:55,027 Issue order: 7 -> [15] -> 9
2019-01-30 01:16:55,027 TURN FINISHED
2019-01-30 01:16:55,033 NEW TURN
2019-01-30 01:16:55,036 dict 7 0
2019-01-30 01:16:55,037 dict 7 1
2019-01-30 01:16:55,037 dict 7 2
2019-01-30 01:16:55,037 dict 7 3
2019-01-30 01:16:55,037 dict 7 4
2019-01-30 01:16:55,037 dict 7 5
2019-01-30 01:16:55,038 dict 7 6
2019-01-30 01:16:55,038 dict 7 8
2019-01-30 01:16:55,038 dict 7 9
2019-01-30 01:16:55,038 dict 7 10
2019-01-30 01:16:55,038 dict 7 11
2019-01-30 01:16:55,038 dict 7 12
2019-01-30 01:16:55,038 dict 7 13
2019-01-30 01:16:55,039 dict 7 14
2019-01-30 01:16:55,039 dict 7 15
2019-01-30 01:16:55,039 dict 7 16
2019-01-30 01:16:55,039 dict 7 17
2019-01-30 01:16:55,039 dict 7 18
2019-01-30 01:16:55,039 dict 7 19
2019-01-30 01:16:55,039 dict 7 20
2019-01-30 01:16:55,040 dict 7 21
2019-01-30 01:16:55,040 dict 7 22
2019-01-30 01:16:55,040 Dict targets size: 22
2019-01-30 01:16:55,040 Main target id: 12
2019-01-30 01:16:55,040 Issue order: 7 -> [12] -> 13
2019-01-30 01:16:55,040 TURN FINISHED
2019-01-30 01:16:55,048 NEW TURN
2019-01-30 01:16:55,048 dict 7 0
2019-01-30 01:16:55,049 dict 7 1
2019-01-30 01:16:55,049 dict 7 2
2019-01-30 01:16:55,049 dict 7 3
2019-01-30 01:16:55,049 dict 7 4
2019-01-30 01:16:55,050 dict 7 5
2019-01-30 01:16:55,051 dict 7 6
2019-01-30 01:16:55,051 dict 7 8
2019-01-30 01:16:55,051 dict 7 9
2019-01-30 01:16:55,051 dict 7 10
2019-01-30 01:16:55,052 dict 7 11
2019-01-30 01:16:55,052 dict 7 12
2019-01-30 01:16:55,052 dict 7 13
2019-01-30 01:16:55,052 dict 7 14
2019-01-30 01:16:55,052 dict 7 15
2019-01-30 01:16:55,053 dict 7 16
2019-01-30 01:16:55,053 dict 7 17
2019-01-30 01:16:55,053 dict 7 18
2019-01-30 01:16:55,053 dict 7 19
2019-01-30 01:16:55,053 dict 7 20
2019-01-30 01:16:55,053 dict 7 21
2019-01-30 01:16:55,053 dict 7 22
2019-01-30 01:16:55,053 Dict targets size: 22
2019-01-30 01:16:55,054 Main target id: 21
2019-01-30 01:16:55,054 Issue order: 7 -> [21] -> 10
2019-01-30 01:16:55,054 TURN FINISHED
2019-01-30 01:16:55,063 NEW TURN
2019-01-30 01:16:55,064 dict 7 0
2019-01-30 01:16:55,064 dict 7 1
2019-01-30 01:16:55,064 dict 7 2
2019-01-30 01:16:55,064 dict 7 3
2019-01-30 01:16:55,065 dict 7 4
2019-01-30 01:16:55,065 dict 7 5
2019-01-30 01:16:55,065 dict 7 6
2019-01-30 01:16:55,065 dict 7 8
2019-01-30 01:16:55,065 dict 7 9
2019-01-30 01:16:55,065 dict 7 10
2019-01-30 01:16:55,066 dict 7 11
2019-01-30 01:16:55,066 dict 7 12
2019-01-30 01:16:55,066 dict 7 13
2019-01-30 01:16:55,066 dict 7 14
2019-01-30 01:16:55,066 dict 7 15
2019-01-30 01:16:55,066 dict 7 16
2019-01-30 01:16:55,067 dict 7 17
2019-01-30 01:16:55,067 dict 7 18
2019-01-30 01:16:55,067 dict 7 19
2019-01-30 01:16:55,067 dict 7 20
2019-01-30 01:16:55,067 dict 7 21
2019-01-30 01:16:55,067 dict 7 22
2019-01-30 01:16:55,067 Dict targets size: 22
2019-01-30 01:16:55,068 Main target id: 6
2019-01-30 01:16:55,068 Issue order: 7 -> [6] -> 1
2019-01-30 01:16:55,068 TURN FINISHED
2019-01-30 01:16:55,077 NEW TURN
2019-01-30 01:16:55,077 dict 7 0
2019-01-30 01:16:55,078 dict 7 1
2019-01-30 01:16:55,078 dict 7 2
2019-01-30 01:16:55,078 dict 7 3
2019-01-30 01:16:55,078 dict 7 4
2019-01-30 01:16:55,078 dict 7 5
2019-01-30 01:16:55,078 dict 7 6
2019-01-30 01:16:55,078 dict 7 8
2019-01-30 01:16:55,079 dict 7 9
2019-01-30 01:16:55,079 dict 7 10
2019-01-30 01:16:55,079 dict 7 11
2019-01-30 01:16:55,079 dict 7 12
2019-01-30 01:16:55,079 dict 7 13
2019-01-30 01:16:55,079 dict 7 14
2019-01-30 01:16:55,079 dict 7 15
2019-01-30 01:16:55,080 dict 7 16
2019-01-30 01:16:55,080 dict 7 17
2019-01-30 01:16:55,080 dict 7 18
2019-01-30 01:16:55,080 dict 7 19
2019-01-30 01:16:55,080 dict 7 20
2019-01-30 01:16:55,080 dict 7 21
2019-01-30 01:16:55,080 dict 7 22
2019-01-30 01:16:55,081 Dict targets size: 22
2019-01-30 01:16:55,081 Main target id: 9
2019-01-30 01:16:55,081 Issue order: 7 -> [9] -> 5
2019-01-30 01:16:55,081 TURN FINISHED
2019-01-30 01:16:55,088 NEW TURN
2019-01-30 01:16:55,088 dict 7 0
2019-01-30 01:16:55,088 dict 7 1
2019-01-30 01:16:55,088 dict 7 2
2019-01-30 01:16:55,089 dict 7 3
2019-01-30 01:16:55,089 dict 7 4
2019-01-30 01:16:55,089 dict 7 5
2019-01-30 01:16:55,089 dict 7 6
2019-01-30 01:16:55,089 dict 7 8
2019-01-30 01:16:55,089 dict 7 9
2019-01-30 01:16:55,090 dict 7 10
2019-01-30 01:16:55,090 dict 7 11
2019-01-30 01:16:55,090 dict 7 12
2019-01-30 01:16:55,090 dict 7 13
2019-01-30 01:16:55,090 dict 7 14
2019-01-30 01:16:55,090 dict 7 15
2019-01-30 01:16:55,090 dict 7 16
2019-01-30 01:16:55,090 dict 7 17
2019-01-30 01:16:55,091 dict 7 18
2019-01-30 01:16:55,091 dict 7 19
2019-01-30 01:16:55,091 dict 7 20
2019-01-30 01:16:55,091 dict 7 21
2019-01-30 01:16:55,091 dict 7 22
2019-01-30 01:16:55,091 Dict targets size: 22
2019-01-30 01:16:55,092 Main target id: 9
2019-01-30 01:16:55,092 Issue order: 7 -> [9] -> 10
2019-01-30 01:16:55,092 TURN FINISHED
2019-01-30 01:16:55,098 NEW TURN
2019-01-30 01:16:55,098 dict 7 0
2019-01-30 01:16:55,098 dict 7 1
2019-01-30 01:16:55,099 dict 7 2
2019-01-30 01:16:55,099 dict 7 3
2019-01-30 01:16:55,099 dict 7 4
2019-01-30 01:16:55,099 dict 7 5
2019-01-30 01:16:55,099 dict 7 6
2019-01-30 01:16:55,099 dict 7 8
2019-01-30 01:16:55,100 dict 7 9
2019-01-30 01:16:55,100 dict 7 10
2019-01-30 01:16:55,100 dict 7 11
2019-01-30 01:16:55,100 dict 7 12
2019-01-30 01:16:55,100 dict 7 13
2019-01-30 01:16:55,100 dict 7 14
2019-01-30 01:16:55,101 dict 7 15
2019-01-30 01:16:55,101 dict 7 16
2019-01-30 01:16:55,101 dict 7 17
2019-01-30 01:16:55,101 dict 7 18
2019-01-30 01:16:55,102 dict 7 19
2019-01-30 01:16:55,102 dict 7 20
2019-01-30 01:16:55,102 dict 7 21
2019-01-30 01:16:55,102 dict 7 22
2019-01-30 01:16:55,102 Dict targets size: 22
2019-01-30 01:16:55,102 Main target id: 9
2019-01-30 01:16:55,102 Issue order: 7 -> [9] -> 7
2019-01-30 01:16:55,102 TURN FINISHED
2019-01-30 01:16:55,107 NEW TURN
2019-01-30 01:16:55,107 dict 7 0
2019-01-30 01:16:55,107 dict 7 1
2019-01-30 01:16:55,107 dict 7 2
2019-01-30 01:16:55,107 dict 7 3
2019-01-30 01:16:55,108 dict 7 4
2019-01-30 01:16:55,108 dict 7 5
2019-01-30 01:16:55,108 dict 7 6
2019-01-30 01:16:55,108 dict 7 8
2019-01-30 01:16:55,108 dict 7 9
2019-01-30 01:16:55,108 dict 7 10
2019-01-30 01:16:55,109 dict 7 11
2019-01-30 01:16:55,109 dict 7 12
2019-01-30 01:16:55,109 dict 7 13
2019-01-30 01:16:55,109 dict 7 14
2019-01-30 01:16:55,109 dict 7 15
2019-01-30 01:16:55,109 dict 7 16
2019-01-30 01:16:55,109 dict 7 17
2019-01-30 01:16:55,110 dict 7 18
2019-01-30 01:16:55,110 dict 7 19
2019-01-30 01:16:55,110 dict 7 20
2019-01-30 01:16:55,110 dict 7 21
2019-01-30 01:16:55,110 dict 7 22
2019-01-30 01:16:55,110 Dict targets size: 22
2019-01-30 01:16:55,110 Main target id: 9
2019-01-30 01:16:55,110 Issue order: 7 -> [9] -> 5
2019-01-30 01:16:55,111 TURN FINISHED
2019-01-30 01:16:55,115 NEW TURN
2019-01-30 01:16:55,115 dict 7 0
2019-01-30 01:16:55,115 dict 7 1
2019-01-30 01:16:55,116 dict 7 2
2019-01-30 01:16:55,117 dict 7 3
2019-01-30 01:16:55,117 dict 7 4
2019-01-30 01:16:55,117 dict 7 5
2019-01-30 01:16:55,117 dict 7 6
2019-01-30 01:16:55,118 dict 7 8
2019-01-30 01:16:55,118 dict 7 9
2019-01-30 01:16:55,118 dict 7 10
2019-01-30 01:16:55,118 dict 7 11
2019-01-30 01:16:55,118 dict 7 12
2019-01-30 01:16:55,118 dict 7 13
2019-01-30 01:16:55,118 dict 7 14
2019-01-30 01:16:55,118 dict 7 15
2019-01-30 01:16:55,119 dict 7 16
2019-01-30 01:16:55,119 dict 7 17
2019-01-30 01:16:55,119 dict 7 18
2019-01-30 01:16:55,119 dict 7 19
2019-01-30 01:16:55,119 dict 7 20
2019-01-30 01:16:55,119 dict 7 21
2019-01-30 01:16:55,120 dict 7 22
2019-01-30 01:16:55,120 Dict targets size: 22
2019-01-30 01:16:55,120 Main target id: 9
2019-01-30 01:16:55,120 Issue order: 7 -> [9] -> 7
2019-01-30 01:16:55,120 TURN FINISHED
2019-01-30 01:16:55,123 NEW TURN
2019-01-30 01:16:55,124 dict 7 0
2019-01-30 01:16:55,124 dict 7 1
2019-01-30 01:16:55,124 dict 7 2
2019-01-30 01:16:55,124 dict 7 3
2019-01-30 01:16:55,124 dict 7 4
2019-01-30 01:16:55,125 dict 7 5
2019-01-30 01:16:55,125 dict 7 6
2019-01-30 01:16:55,125 dict 7 8
2019-01-30 01:16:55,125 dict 7 9
2019-01-30 01:16:55,125 dict 7 10
2019-01-30 01:16:55,125 dict 7 11
2019-01-30 01:16:55,126 dict 7 12
2019-01-30 01:16:55,126 dict 7 13
2019-01-30 01:16:55,126 dict 7 14
2019-01-30 01:16:55,126 dict 7 15
2019-01-30 01:16:55,126 dict 7 16
2019-01-30 01:16:55,127 dict 7 17
2019-01-30 01:16:55,127 dict 7 18
2019-01-30 01:16:55,127 dict 7 19
2019-01-30 01:16:55,127 dict 7 20
2019-01-30 01:16:55,127 dict 7 21
2019-01-30 01:16:55,127 dict 7 22
2019-01-30 01:16:55,127 Dict targets size: 22
2019-01-30 01:16:55,128 Main target id: 12
2019-01-30 01:16:55,128 Issue order: 7 -> [12] -> 6
2019-01-30 01:16:55,128 TURN FINISHED
2019-01-30 01:16:55,132 NEW TURN
2019-01-30 01:16:55,133 dict 2 0
2019-01-30 01:16:55,134 dict 7 1
2019-01-30 01:16:55,135 dict 7 3
2019-01-30 01:16:55,135 dict 2 4
2019-01-30 01:16:55,135 dict 7 5
2019-01-30 01:16:55,136 dict 2 6
2019-01-30 01:16:55,136 dict 2 8
2019-01-30 01:16:55,136 dict 7 9
2019-01-30 01:16:55,136 dict 2 10
2019-01-30 01:16:55,136 dict 2 11
2019-01-30 01:16:55,136 dict 7 12
2019-01-30 01:16:55,137 dict 2 13
2019-01-30 01:16:55,137 dict 7 14
2019-01-30 01:16:55,137 dict 2 15
2019-01-30 01:16:55,137 dict 2 16
2019-01-30 01:16:55,138 dict 7 17
2019-01-30 01:16:55,138 dict 2 18
2019-01-30 01:16:55,138 dict 7 19
2019-01-30 01:16:55,138 dict 2 20
2019-01-30 01:16:55,139 dict 7 21
2019-01-30 01:16:55,139 dict 2 22
2019-01-30 01:16:55,139 Dict targets size: 21
2019-01-30 01:16:55,139 Main target id: 12
2019-01-30 01:16:55,139 Issue order: 7 -> [12] -> 4
2019-01-30 01:16:55,139 Issue order: 2 -> [12] -> 3
2019-01-30 01:16:55,140 TURN FINISHED
2019-01-30 01:16:55,143 NEW TURN
2019-01-30 01:16:55,143 dict 2 0
2019-01-30 01:16:55,143 dict 7 1
2019-01-30 01:16:55,143 dict 7 3
2019-01-30 01:16:55,143 dict 2 4
2019-01-30 01:16:55,144 dict 7 5
2019-01-30 01:16:55,144 dict 2 6
2019-01-30 01:16:55,144 dict 2 8
2019-01-30 01:16:55,144 dict 2 10
2019-01-30 01:16:55,144 dict 2 11
2019-01-30 01:16:55,144 dict 7 12
2019-01-30 01:16:55,144 dict 2 13
2019-01-30 01:16:55,144 dict 7 14
2019-01-30 01:16:55,145 dict 2 15
2019-01-30 01:16:55,145 dict 2 16
2019-01-30 01:16:55,145 dict 7 17
2019-01-30 01:16:55,145 dict 2 18
2019-01-30 01:16:55,145 dict 7 19
2019-01-30 01:16:55,145 dict 2 20
2019-01-30 01:16:55,145 dict 7 21
2019-01-30 01:16:55,146 dict 2 22
2019-01-30 01:16:55,146 Dict targets size: 21
2019-01-30 01:16:55,146 Main target id: 12
2019-01-30 01:16:55,146 Issue order: 7 -> [12] -> 6
2019-01-30 01:16:55,146 Issue order: 2 -> [12] -> 3
2019-01-30 01:16:55,146 TURN FINISHED
2019-01-30 01:16:55,149 NEW TURN
2019-01-30 01:16:55,150 dict 2 0
2019-01-30 01:16:55,150 dict 9 1
2019-01-30 01:16:55,150 dict 9 3
2019-01-30 01:16:55,150 dict 2 4
2019-01-30 01:16:55,150 dict 9 5
2019-01-30 01:16:55,151 dict 2 6
2019-01-30 01:16:55,151 dict 2 8
2019-01-30 01:16:55,151 dict 2 10
2019-01-30 01:16:55,151 dict 2 11
2019-01-30 01:16:55,151 dict 7 12
2019-01-30 01:16:55,151 dict 2 13
2019-01-30 01:16:55,151 dict 9 14
2019-01-30 01:16:55,152 dict 2 15
2019-01-30 01:16:55,152 dict 2 16
2019-01-30 01:16:55,152 dict 9 17
2019-01-30 01:16:55,152 dict 2 18
2019-01-30 01:16:55,152 dict 9 19
2019-01-30 01:16:55,152 dict 2 20
2019-01-30 01:16:55,153 dict 7 21
2019-01-30 01:16:55,153 dict 2 22
2019-01-30 01:16:55,153 Dict targets size: 20
2019-01-30 01:16:55,153 Main target id: 19
2019-01-30 01:16:55,153 Issue order: 9 -> [19] -> 1
2019-01-30 01:16:55,153 Issue order: 7 -> [19] -> 5
2019-01-30 01:16:55,153 Issue order: 2 -> [19] -> 5
2019-01-30 01:16:55,153 TURN FINISHED
2019-01-30 01:16:55,158 NEW TURN
2019-01-30 01:16:55,158 dict 2 0
2019-01-30 01:16:55,159 dict 9 1
2019-01-30 01:16:55,159 dict 9 3
2019-01-30 01:16:55,159 dict 2 4
2019-01-30 01:16:55,160 dict 9 5
2019-01-30 01:16:55,160 dict 2 6
2019-01-30 01:16:55,160 dict 2 8
2019-01-30 01:16:55,161 dict 2 10
2019-01-30 01:16:55,161 dict 2 11
2019-01-30 01:16:55,161 dict 7 12
2019-01-30 01:16:55,161 dict 2 13
2019-01-30 01:16:55,162 dict 9 14
2019-01-30 01:16:55,162 dict 2 15
2019-01-30 01:16:55,162 dict 2 16
2019-01-30 01:16:55,163 dict 9 17
2019-01-30 01:16:55,163 dict 2 18
2019-01-30 01:16:55,163 dict 9 19
2019-01-30 01:16:55,163 dict 2 20
2019-01-30 01:16:55,163 dict 7 21
2019-01-30 01:16:55,163 dict 2 22
2019-01-30 01:16:55,163 Dict targets size: 20
2019-01-30 01:16:55,164 Main target id: 19
2019-01-30 01:16:55,164 Issue order: 9 -> [19] -> 3
2019-01-30 01:16:55,164 Issue order: 7 -> [19] -> 3
2019-01-30 01:16:55,164 Issue order: 2 -> [19] -> 6
2019-01-30 01:16:55,164 TURN FINISHED
2019-01-30 01:16:55,171 NEW TURN
2019-01-30 01:16:55,171 dict 2 0
2019-01-30 01:16:55,171 dict 9 1
2019-01-30 01:16:55,171 dict 9 3
2019-01-30 01:16:55,172 dict 2 4
2019-01-30 01:16:55,172 dict 9 5
2019-01-30 01:16:55,172 dict 2 6
2019-01-30 01:16:55,172 dict 9 7
2019-01-30 01:16:55,172 dict 2 8
2019-01-30 01:16:55,172 dict 2 10
2019-01-30 01:16:55,172 dict 2 11
2019-01-30 01:16:55,173 dict 9 12
2019-01-30 01:16:55,173 dict 2 13
2019-01-30 01:16:55,173 dict 9 14
2019-01-30 01:16:55,173 dict 2 15
2019-01-30 01:16:55,173 dict 2 16
2019-01-30 01:16:55,173 dict 9 17
2019-01-30 01:16:55,174 dict 2 18
2019-01-30 01:16:55,174 dict 9 19
2019-01-30 01:16:55,174 dict 2 20
2019-01-30 01:16:55,174 dict 2 21
2019-01-30 01:16:55,174 dict 2 22
2019-01-30 01:16:55,174 Dict targets size: 21
2019-01-30 01:16:55,174 Main target id: 19
2019-01-30 01:16:55,174 Issue order: 9 -> [19] -> 6
2019-01-30 01:16:55,175 Issue order: 2 -> [19] -> 3
2019-01-30 01:16:55,175 TURN FINISHED
2019-01-30 01:16:55,179 NEW TURN
2019-01-30 01:16:55,179 dict 9 0
2019-01-30 01:16:55,179 dict 9 1
2019-01-30 01:16:55,179 dict 9 2
2019-01-30 01:16:55,180 dict 9 3
2019-01-30 01:16:55,180 dict 9 4
2019-01-30 01:16:55,180 dict 9 5
2019-01-30 01:16:55,180 dict 9 6
2019-01-30 01:16:55,180 dict 9 7
2019-01-30 01:16:55,180 dict 9 8
2019-01-30 01:16:55,180 dict 9 10
2019-01-30 01:16:55,181 dict 9 11
2019-01-30 01:16:55,181 dict 9 12
2019-01-30 01:16:55,181 dict 9 13
2019-01-30 01:16:55,182 dict 9 14
2019-01-30 01:16:55,182 dict 9 15
2019-01-30 01:16:55,183 dict 9 16
2019-01-30 01:16:55,183 dict 9 17
2019-01-30 01:16:55,183 dict 9 18
2019-01-30 01:16:55,183 dict 9 19
2019-01-30 01:16:55,183 dict 9 20
2019-01-30 01:16:55,184 dict 9 21
2019-01-30 01:16:55,184 dict 9 22
2019-01-30 01:16:55,184 Dict targets size: 22
2019-01-30 01:16:55,184 Main target id: 19
2019-01-30 01:16:55,184 Issue order: 9 -> [19] -> 3
2019-01-30 01:16:55,184 TURN FINISHED
2019-01-30 01:16:55,188 NEW TURN
2019-01-30 01:16:55,189 dict 9 0
2019-01-30 01:16:55,189 dict 9 1
2019-01-30 01:16:55,189 dict 9 2
2019-01-30 01:16:55,190 dict 9 3
2019-01-30 01:16:55,190 dict 9 4
2019-01-30 01:16:55,190 dict 9 5
2019-01-30 01:16:55,190 dict 9 6
2019-01-30 01:16:55,190 dict 9 7
2019-01-30 01:16:55,190 dict 9 8
2019-01-30 01:16:55,191 dict 9 10
2019-01-30 01:16:55,191 dict 9 11
2019-01-30 01:16:55,191 dict 9 12
2019-01-30 01:16:55,191 dict 9 13
2019-01-30 01:16:55,191 dict 9 14
2019-01-30 01:16:55,191 dict 9 15
2019-01-30 01:16:55,192 dict 9 16
2019-01-30 01:16:55,192 dict 9 17
2019-01-30 01:16:55,192 dict 9 18
2019-01-30 01:16:55,192 dict 9 19
2019-01-30 01:16:55,192 dict 9 20
2019-01-30 01:16:55,192 dict 9 21
2019-01-30 01:16:55,192 dict 9 22
2019-01-30 01:16:55,193 Dict targets size: 22
2019-01-30 01:16:55,193 Main target id: 19
2019-01-30 01:16:55,193 Issue order: 9 -> [19] -> 4
2019-01-30 01:16:55,193 TURN FINISHED
2019-01-30 01:16:55,201 NEW TURN
2019-01-30 01:16:55,201 dict 9 0
2019-01-30 01:16:55,202 dict 9 1
2019-01-30 01:16:55,202 dict 9 2
2019-01-30 01:16:55,202 dict 9 3
2019-01-30 01:16:55,202 dict 9 4
2019-01-30 01:16:55,202 dict 9 5
2019-01-30 01:16:55,202 dict 9 6
2019-01-30 01:16:55,202 dict 9 7
2019-01-30 01:16:55,203 dict 9 8
2019-01-30 01:16:55,203 dict 9 10
2019-01-30 01:16:55,203 dict 9 11
2019-01-30 01:16:55,203 dict 9 12
2019-01-30 01:16:55,203 dict 9 13
2019-01-30 01:16:55,203 dict 9 14
2019-01-30 01:16:55,203 dict 9 15
2019-01-30 01:16:55,204 dict 9 16
2019-01-30 01:16:55,204 dict 9 17
2019-01-30 01:16:55,204 dict 9 18
2019-01-30 01:16:55,204 dict 9 19
2019-01-30 01:16:55,204 dict 9 20
2019-01-30 01:16:55,204 dict 9 21
2019-01-30 01:16:55,204 dict 9 22
2019-01-30 01:16:55,204 Dict targets size: 22
2019-01-30 01:16:55,205 Main target id: 7
2019-01-30 01:16:55,205 Issue order: 9 -> [7] -> 5
2019-01-30 01:16:55,205 TURN FINISHED
2019-01-30 01:16:55,208 NEW TURN
2019-01-30 01:16:55,209 dict 9 0
2019-01-30 01:16:55,209 dict 9 1
2019-01-30 01:16:55,209 dict 9 2
2019-01-30 01:16:55,209 dict 9 3
2019-01-30 01:16:55,209 dict 9 4
2019-01-30 01:16:55,210 dict 9 5
2019-01-30 01:16:55,210 dict 9 6
2019-01-30 01:16:55,210 dict 9 7
2019-01-30 01:16:55,210 dict 9 8
2019-01-30 01:16:55,210 dict 9 10
2019-01-30 01:16:55,210 dict 9 11
2019-01-30 01:16:55,210 dict 9 12
2019-01-30 01:16:55,210 dict 9 13
2019-01-30 01:16:55,211 dict 9 14
2019-01-30 01:16:55,211 dict 9 15
2019-01-30 01:16:55,211 dict 9 16
2019-01-30 01:16:55,211 dict 9 17
2019-01-30 01:16:55,211 dict 9 18
2019-01-30 01:16:55,212 dict 9 19
2019-01-30 01:16:55,212 dict 9 20
2019-01-30 01:16:55,212 dict 9 21
2019-01-30 01:16:55,212 dict 9 22
2019-01-30 01:16:55,212 Dict targets size: 22
2019-01-30 01:16:55,212 Main target id: 7
2019-01-30 01:16:55,212 Issue order: 9 -> [7] -> 6
2019-01-30 01:16:55,213 TURN FINISHED
2019-01-30 01:16:55,217 NEW TURN
2019-01-30 01:16:55,217 dict 9 0
2019-01-30 01:16:55,218 dict 9 1
2019-01-30 01:16:55,218 dict 9 2
2019-01-30 01:16:55,218 dict 9 3
2019-01-30 01:16:55,218 dict 9 4
2019-01-30 01:16:55,218 dict 9 5
2019-01-30 01:16:55,218 dict 9 6
2019-01-30 01:16:55,218 dict 9 7
2019-01-30 01:16:55,218 dict 9 8
2019-01-30 01:16:55,218 dict 9 10
2019-01-30 01:16:55,218 dict 9 11
2019-01-30 01:16:55,218 dict 9 12
2019-01-30 01:16:55,218 dict 9 13
2019-01-30 01:16:55,219 dict 9 14
2019-01-30 01:16:55,219 dict 9 15
2019-01-30 01:16:55,219 dict 9 16
2019-01-30 01:16:55,219 dict 9 17
2019-01-30 01:16:55,219 dict 9 18
2019-01-30 01:16:55,219 dict 9 19
2019-01-30 01:16:55,220 dict 9 20
2019-01-30 01:16:55,220 dict 9 21
2019-01-30 01:16:55,220 dict 9 22
2019-01-30 01:16:55,220 Dict targets size: 22
2019-01-30 01:16:55,220 Main target id: 12
2019-01-30 01:16:55,220 Issue order: 9 -> [12] -> 5
2019-01-30 01:16:55,220 TURN FINISHED
2019-01-30 01:16:55,228 NEW TURN
2019-01-30 01:16:55,228 dict 9 0
2019-01-30 01:16:55,229 dict 9 1
2019-01-30 01:16:55,229 dict 9 2
2019-01-30 01:16:55,229 dict 9 3
2019-01-30 01:16:55,229 dict 9 4
2019-01-30 01:16:55,229 dict 9 5
2019-01-30 01:16:55,229 dict 9 6
2019-01-30 01:16:55,229 dict 9 7
2019-01-30 01:16:55,230 dict 9 8
2019-01-30 01:16:55,230 dict 9 10
2019-01-30 01:16:55,231 dict 9 11
2019-01-30 01:16:55,231 dict 9 12
2019-01-30 01:16:55,231 dict 9 13
2019-01-30 01:16:55,231 dict 9 14
2019-01-30 01:16:55,231 dict 9 15
2019-01-30 01:16:55,232 dict 9 16
2019-01-30 01:16:55,232 dict 9 17
2019-01-30 01:16:55,232 dict 9 18
2019-01-30 01:16:55,233 dict 9 19
2019-01-30 01:16:55,233 dict 9 20
2019-01-30 01:16:55,233 dict 9 21
2019-01-30 01:16:55,233 dict 9 22
2019-01-30 01:16:55,233 Dict targets size: 22
2019-01-30 01:16:55,233 Main target id: 12
2019-01-30 01:16:55,233 Issue order: 9 -> [12] -> 4
2019-01-30 01:16:55,234 TURN FINISHED
2019-01-30 01:16:55,236 NEW TURN
2019-01-30 01:16:55,237 dict 9 0
2019-01-30 01:16:55,237 dict 9 1
2019-01-30 01:16:55,237 dict 9 2
2019-01-30 01:16:55,237 dict 9 3
2019-01-30 01:16:55,237 dict 9 4
2019-01-30 01:16:55,237 dict 9 5
2019-01-30 01:16:55,238 dict 9 6
2019-01-30 01:16:55,238 dict 9 7
2019-01-30 01:16:55,238 dict 9 8
2019-01-30 01:16:55,238 dict 9 10
2019-01-30 01:16:55,238 dict 9 11
2019-01-30 01:16:55,238 dict 9 12
2019-01-30 01:16:55,239 dict 9 13
2019-01-30 01:16:55,239 dict 9 14
2019-01-30 01:16:55,239 dict 9 15
2019-01-30 01:16:55,239 dict 9 16
2019-01-30 01:16:55,239 dict 9 17
2019-01-30 01:16:55,239 dict 9 18
2019-01-30 01:16:55,239 dict 9 19
2019-01-30 01:16:55,240 dict 9 20
2019-01-30 01:16:55,240 dict 9 21
2019-01-30 01:16:55,240 dict 9 22
2019-01-30 01:16:55,240 Dict targets size: 22
2019-01-30 01:16:55,240 Main target id: 12
2019-01-30 01:16:55,240 Issue order: 9 -> [12] -> 3
2019-01-30 01:16:55,240 TURN FINISHED
2019-01-30 01:16:55,244 NEW TURN
2019-01-30 01:16:55,244 dict 9 0
2019-01-30 01:16:55,244 dict 9 1
2019-01-30 01:16:55,244 dict 9 2
2019-01-30 01:16:55,244 dict 9 3
2019-01-30 01:16:55,244 dict 9 4
2019-01-30 01:16:55,245 dict 9 5
2019-01-30 01:16:55,245 dict 9 6
2019-01-30 01:16:55,245 dict 9 7
2019-01-30 01:16:55,245 dict 9 8
2019-01-30 01:16:55,245 dict 9 10
2019-01-30 01:16:55,246 dict 9 11
2019-01-30 01:16:55,246 dict 9 12
2019-01-30 01:16:55,246 dict 9 13
2019-01-30 01:16:55,246 dict 9 14
2019-01-30 01:16:55,246 dict 9 15
2019-01-30 01:16:55,247 dict 9 16
2019-01-30 01:16:55,247 dict 9 17
2019-01-30 01:16:55,247 dict 9 18
2019-01-30 01:16:55,247 dict 9 19
2019-01-30 01:16:55,247 dict 9 20
2019-01-30 01:16:55,248 dict 9 21
2019-01-30 01:16:55,248 dict 9 22
2019-01-30 01:16:55,248 Dict targets size: 22
2019-01-30 01:16:55,248 Main target id: 12
2019-01-30 01:16:55,248 Issue order: 9 -> [12] -> 5
2019-01-30 01:16:55,248 TURN FINISHED
2019-01-30 01:16:55,252 NEW TURN
2019-01-30 01:16:55,252 dict 9 0
2019-01-30 01:16:55,253 dict 9 1
2019-01-30 01:16:55,253 dict 9 2
2019-01-30 01:16:55,253 dict 9 3
2019-01-30 01:16:55,253 dict 9 4
2019-01-30 01:16:55,253 dict 9 5
2019-01-30 01:16:55,253 dict 9 6
2019-01-30 01:16:55,254 dict 9 7
2019-01-30 01:16:55,254 dict 9 8
2019-01-30 01:16:55,254 dict 9 10
2019-01-30 01:16:55,255 dict 9 11
2019-01-30 01:16:55,255 dict 9 12
2019-01-30 01:16:55,255 dict 9 13
2019-01-30 01:16:55,255 dict 9 14
2019-01-30 01:16:55,255 dict 9 15
2019-01-30 01:16:55,255 dict 9 16
2019-01-30 01:16:55,256 dict 9 17
2019-01-30 01:16:55,256 dict 9 18
2019-01-30 01:16:55,256 dict 9 19
2019-01-30 01:16:55,256 dict 9 20
2019-01-30 01:16:55,257 dict 9 21
2019-01-30 01:16:55,257 dict 9 22
2019-01-30 01:16:55,257 Dict targets size: 22
2019-01-30 01:16:55,257 Main target id: 12
2019-01-30 01:16:55,257 Issue order: 9 -> [12] -> 6
2019-01-30 01:16:55,257 TURN FINISHED
2019-01-30 01:16:55,261 NEW TURN
2019-01-30 01:16:55,261 dict 9 0
2019-01-30 01:16:55,261 dict 9 1
2019-01-30 01:16:55,261 dict 9 2
2019-01-30 01:16:55,262 dict 9 3
2019-01-30 01:16:55,262 dict 9 4
2019-01-30 01:16:55,262 dict 9 5
2019-01-30 01:16:55,262 dict 9 6
2019-01-30 01:16:55,262 dict 9 7
2019-01-30 01:16:55,262 dict 9 8
2019-01-30 01:16:55,262 dict 9 10
2019-01-30 01:16:55,263 dict 9 11
2019-01-30 01:16:55,263 dict 9 12
2019-01-30 01:16:55,263 dict 9 13
2019-01-30 01:16:55,263 dict 9 14
2019-01-30 01:16:55,263 dict 9 15
2019-01-30 01:16:55,263 dict 9 16
2019-01-30 01:16:55,264 dict 9 17
2019-01-30 01:16:55,264 dict 9 18
2019-01-30 01:16:55,264 dict 9 19
2019-01-30 01:16:55,264 dict 9 20
2019-01-30 01:16:55,264 dict 9 21
2019-01-30 01:16:55,264 dict 9 22
2019-01-30 01:16:55,265 Dict targets size: 22
2019-01-30 01:16:55,265 Main target id: 12
2019-01-30 01:16:55,265 Issue order: 9 -> [12] -> 3
2019-01-30 01:16:55,265 TURN FINISHED
2019-01-30 01:16:55,268 NEW TURN
2019-01-30 01:16:55,269 dict 9 0
2019-01-30 01:16:55,269 dict 9 1
2019-01-30 01:16:55,269 dict 9 2
2019-01-30 01:16:55,269 dict 9 3
2019-01-30 01:16:55,269 dict 9 4
2019-01-30 01:16:55,270 dict 9 5
2019-01-30 01:16:55,270 dict 9 6
2019-01-30 01:16:55,270 dict 9 7
2019-01-30 01:16:55,270 dict 9 8
2019-01-30 01:16:55,270 dict 9 10
2019-01-30 01:16:55,271 dict 9 11
2019-01-30 01:16:55,271 dict 9 12
2019-01-30 01:16:55,271 dict 9 13
2019-01-30 01:16:55,271 dict 9 14
2019-01-30 01:16:55,272 dict 9 15
2019-01-30 01:16:55,272 dict 9 16
2019-01-30 01:16:55,272 dict 9 17
2019-01-30 01:16:55,272 dict 9 18
2019-01-30 01:16:55,272 dict 9 19
2019-01-30 01:16:55,272 dict 9 20
2019-01-30 01:16:55,272 dict 9 21
2019-01-30 01:16:55,273 dict 9 22
2019-01-30 01:16:55,273 Dict targets size: 22
2019-01-30 01:16:55,273 Main target id: 12
2019-01-30 01:16:55,273 Issue order: 9 -> [12] -> 7
2019-01-30 01:16:55,273 TURN FINISHED
2019-01-30 01:16:55,283 NEW TURN
2019-01-30 01:16:55,284 dict 9 0
2019-01-30 01:16:55,284 dict 9 1
2019-01-30 01:16:55,285 dict 9 2
2019-01-30 01:16:55,285 dict 9 3
2019-01-30 01:16:55,285 dict 9 4
2019-01-30 01:16:55,285 dict 9 5
2019-01-30 01:16:55,285 dict 9 6
2019-01-30 01:16:55,285 dict 9 7
2019-01-30 01:16:55,286 dict 9 8
2019-01-30 01:16:55,286 dict 9 10
2019-01-30 01:16:55,286 dict 9 11
2019-01-30 01:16:55,286 dict 9 12
2019-01-30 01:16:55,286 dict 9 13
2019-01-30 01:16:55,287 dict 9 14
2019-01-30 01:16:55,287 dict 9 15
2019-01-30 01:16:55,287 dict 9 16
2019-01-30 01:16:55,287 dict 9 17
2019-01-30 01:16:55,287 dict 9 18
2019-01-30 01:16:55,287 dict 9 19
2019-01-30 01:16:55,287 dict 9 20
2019-01-30 01:16:55,287 dict 9 21
2019-01-30 01:16:55,288 dict 9 22
2019-01-30 01:16:55,288 Dict targets size: 22
2019-01-30 01:16:55,288 Main target id: 12
2019-01-30 01:16:55,288 Issue order: 9 -> [12] -> 4
2019-01-30 01:16:55,288 TURN FINISHED
2019-01-30 01:16:55,290 NEW TURN
2019-01-30 01:16:55,291 dict 9 0
2019-01-30 01:16:55,291 dict 9 1
2019-01-30 01:16:55,291 dict 9 2
2019-01-30 01:16:55,291 dict 9 3
2019-01-30 01:16:55,291 dict 9 4
2019-01-30 01:16:55,291 dict 9 5
2019-01-30 01:16:55,291 dict 9 6
2019-01-30 01:16:55,292 dict 9 7
2019-01-30 01:16:55,292 dict 9 8
2019-01-30 01:16:55,292 dict 9 10
2019-01-30 01:16:55,292 dict 9 11
2019-01-30 01:16:55,292 dict 9 12
2019-01-30 01:16:55,292 dict 9 13
2019-01-30 01:16:55,292 dict 9 14
2019-01-30 01:16:55,293 dict 9 15
2019-01-30 01:16:55,293 dict 9 16
2019-01-30 01:16:55,293 dict 9 17
2019-01-30 01:16:55,293 dict 9 18
2019-01-30 01:16:55,293 dict 9 19
2019-01-30 01:16:55,294 dict 9 20
2019-01-30 01:16:55,294 dict 9 21
2019-01-30 01:16:55,294 dict 9 22
2019-01-30 01:16:55,294 Dict targets size: 22
2019-01-30 01:16:55,294 Main target id: 12
2019-01-30 01:16:55,294 Issue order: 9 -> [12] -> 5
2019-01-30 01:16:55,295 TURN FINISHED
2019-01-30 01:16:55,299 NEW TURN
2019-01-30 01:16:55,299 dict 9 0
2019-01-30 01:16:55,299 dict 9 1
2019-01-30 01:16:55,299 dict 9 2
2019-01-30 01:16:55,300 dict 9 3
2019-01-30 01:16:55,300 dict 9 4
2019-01-30 01:16:55,300 dict 9 5
2019-01-30 01:16:55,300 dict 9 6
2019-01-30 01:16:55,300 dict 9 7
2019-01-30 01:16:55,300 dict 9 8
2019-01-30 01:16:55,301 dict 9 10
2019-01-30 01:16:55,301 dict 9 11
2019-01-30 01:16:55,301 dict 9 12
2019-01-30 01:16:55,301 dict 9 13
2019-01-30 01:16:55,301 dict 9 14
2019-01-30 01:16:55,301 dict 9 15
2019-01-30 01:16:55,302 dict 9 16
2019-01-30 01:16:55,302 dict 9 17
2019-01-30 01:16:55,302 dict 9 18
2019-01-30 01:16:55,302 dict 9 19
2019-01-30 01:16:55,302 dict 9 20
2019-01-30 01:16:55,302 dict 9 21
2019-01-30 01:16:55,302 dict 9 22
2019-01-30 01:16:55,302 Dict targets size: 22
2019-01-30 01:16:55,303 Main target id: 12
2019-01-30 01:16:55,303 Issue order: 9 -> [12] -> 4
2019-01-30 01:16:55,303 TURN FINISHED
2019-01-30 01:16:55,306 NEW TURN
2019-01-30 01:16:55,306 dict 9 0
2019-01-30 01:16:55,306 dict 9 1
2019-01-30 01:16:55,306 dict 9 2
2019-01-30 01:16:55,307 dict 9 3
2019-01-30 01:16:55,307 dict 9 4
2019-01-30 01:16:55,307 dict 9 5
2019-01-30 01:16:55,307 dict 9 6
2019-01-30 01:16:55,307 dict 9 7
2019-01-30 01:16:55,308 dict 9 8
2019-01-30 01:16:55,308 dict 9 10
2019-01-30 01:16:55,308 dict 9 11
2019-01-30 01:16:55,308 dict 9 12
2019-01-30 01:16:55,308 dict 9 13
2019-01-30 01:16:55,308 dict 9 14
2019-01-30 01:16:55,309 dict 9 15
2019-01-30 01:16:55,309 dict 9 16
2019-01-30 01:16:55,309 dict 9 17
2019-01-30 01:16:55,309 dict 9 18
2019-01-30 01:16:55,309 dict 9 19
2019-01-30 01:16:55,309 dict 9 20
2019-01-30 01:16:55,310 dict 9 21
2019-01-30 01:16:55,310 dict 9 22
2019-01-30 01:16:55,310 Dict targets size: 22
2019-01-30 01:16:55,310 Main target id: 12
2019-01-30 01:16:55,311 Issue order: 9 -> [12] -> 7
2019-01-30 01:16:55,311 TURN FINISHED
2019-01-30 01:16:55,314 NEW TURN
2019-01-30 01:16:55,314 dict 9 0
2019-01-30 01:16:55,315 dict 9 1
2019-01-30 01:16:55,315 dict 9 2
2019-01-30 01:16:55,315 dict 9 3
2019-01-30 01:16:55,315 dict 9 4
2019-01-30 01:16:55,315 dict 9 5
2019-01-30 01:16:55,316 dict 9 6
2019-01-30 01:16:55,316 dict 9 7
2019-01-30 01:16:55,317 dict 9 8
2019-01-30 01:16:55,317 dict 9 10
2019-01-30 01:16:55,317 dict 9 11
2019-01-30 01:16:55,318 dict 9 12
2019-01-30 01:16:55,318 dict 9 13
2019-01-30 01:16:55,318 dict 9 14
2019-01-30 01:16:55,318 dict 9 15
2019-01-30 01:16:55,319 dict 9 16
2019-01-30 01:16:55,319 dict 9 17
2019-01-30 01:16:55,319 dict 9 18
2019-01-30 01:16:55,319 dict 9 19
2019-01-30 01:16:55,319 dict 9 20
2019-01-30 01:16:55,319 dict 9 21
2019-01-30 01:16:55,319 dict 9 22
2019-01-30 01:16:55,320 Dict targets size: 22
2019-01-30 01:16:55,320 Main target id: 12
2019-01-30 01:16:55,320 Issue order: 9 -> [12] -> 2
2019-01-30 01:16:55,320 TURN FINISHED
2019-01-30 01:16:55,323 NEW TURN
2019-01-30 01:16:55,323 list index out of range
2019-01-30 01:16:55,323 TURN FINISHED
2019-01-30 01:16:55,347 NEW TURN
2019-01-30 01:16:55,348 list index out of range
2019-01-30 01:16:55,348 TURN FINISHED
2019-01-30 01:16:55,362 NEW TURN
2019-01-30 01:16:55,363 list index out of range
2019-01-30 01:16:55,363 TURN FINISHED
2019-01-30 01:16:55,378 NEW TURN
2019-01-30 01:16:55,379 list index out of range
2019-01-30 01:16:55,379 TURN FINISHED
2019-01-30 01:16:55,391 NEW TURN
2019-01-30 01:16:55,391 dict 12 0
2019-01-30 01:16:55,392 dict 12 1
2019-01-30 01:16:55,392 dict 12 2
2019-01-30 01:16:55,392 dict 12 3
2019-01-30 01:16:55,392 dict 12 4
2019-01-30 01:16:55,392 dict 12 5
2019-01-30 01:16:55,392 dict 12 6
2019-01-30 01:16:55,392 dict 12 7
2019-01-30 01:16:55,393 dict 12 8
2019-01-30 01:16:55,393 dict 12 9
2019-01-30 01:16:55,393 dict 12 10
2019-01-30 01:16:55,393 dict 12 11
2019-01-30 01:16:55,393 dict 12 13
2019-01-30 01:16:55,393 dict 12 14
2019-01-30 01:16:55,393 dict 12 15
2019-01-30 01:16:55,394 dict 12 16
2019-01-30 01:16:55,394 dict 12 17
2019-01-30 01:16:55,394 dict 12 18
2019-01-30 01:16:55,394 dict 12 19
2019-01-30 01:16:55,394 dict 12 20
2019-01-30 01:16:55,394 dict 12 21
2019-01-30 01:16:55,394 dict 12 22
2019-01-30 01:16:55,394 Dict targets size: 22
2019-01-30 01:16:55,395 Main target id: 7
2019-01-30 01:16:55,395 Issue order: 12 -> [7] -> 1
2019-01-30 01:16:55,395 TURN FINISHED
2019-01-30 01:16:55,400 NEW TURN
2019-01-30 01:16:55,400 dict 12 0
2019-01-30 01:16:55,400 dict 12 1
2019-01-30 01:16:55,401 dict 12 2
2019-01-30 01:16:55,401 dict 12 3
2019-01-30 01:16:55,401 dict 12 4
2019-01-30 01:16:55,401 dict 12 5
2019-01-30 01:16:55,401 dict 12 6
2019-01-30 01:16:55,402 dict 12 7
2019-01-30 01:16:55,402 dict 12 8
2019-01-30 01:16:55,402 dict 12 9
2019-01-30 01:16:55,402 dict 12 10
2019-01-30 01:16:55,402 dict 12 11
2019-01-30 01:16:55,402 dict 12 13
2019-01-30 01:16:55,402 dict 12 14
2019-01-30 01:16:55,403 dict 12 15
2019-01-30 01:16:55,403 dict 12 16
2019-01-30 01:16:55,403 dict 12 17
2019-01-30 01:16:55,403 dict 12 18
2019-01-30 01:16:55,404 dict 12 19
2019-01-30 01:16:55,404 dict 12 20
2019-01-30 01:16:55,404 dict 12 21
2019-01-30 01:16:55,404 dict 12 22
2019-01-30 01:16:55,404 Dict targets size: 22
2019-01-30 01:16:55,404 Main target id: 13
2019-01-30 01:16:55,404 Issue order: 12 -> [13] -> 1
2019-01-30 01:16:55,404 TURN FINISHED
2019-01-30 01:16:55,407 NEW TURN
2019-01-30 01:16:55,408 dict 12 0
2019-01-30 01:16:55,408 dict 12 1
2019-01-30 01:16:55,408 dict 12 2
2019-01-30 01:16:55,408 dict 12 3
2019-01-30 01:16:55,408 dict 12 4
2019-01-30 01:16:55,408 dict 12 5
2019-01-30 01:16:55,408 dict 12 6
2019-01-30 01:16:55,409 dict 12 7
2019-01-30 01:16:55,409 dict 12 8
2019-01-30 01:16:55,409 dict 12 9
2019-01-30 01:16:55,409 dict 12 10
2019-01-30 01:16:55,410 dict 12 11
2019-01-30 01:16:55,410 dict 12 13
2019-01-30 01:16:55,410 dict 12 14
2019-01-30 01:16:55,410 dict 12 15
2019-01-30 01:16:55,410 dict 12 16
2019-01-30 01:16:55,410 dict 12 17
2019-01-30 01:16:55,410 dict 12 18
2019-01-30 01:16:55,411 dict 12 19
2019-01-30 01:16:55,411 dict 12 20
2019-01-30 01:16:55,411 dict 12 21
2019-01-30 01:16:55,411 dict 12 22
2019-01-30 01:16:55,411 Dict targets size: 22
2019-01-30 01:16:55,411 Main target id: 17
2019-01-30 01:16:55,411 Issue order: 12 -> [17] -> 3
2019-01-30 01:16:55,411 TURN FINISHED
2019-01-30 01:16:55,414 NEW TURN
2019-01-30 01:16:55,414 dict 12 0
2019-01-30 01:16:55,415 dict 12 1
2019-01-30 01:16:55,415 dict 12 2
2019-01-30 01:16:55,415 dict 12 3
2019-01-30 01:16:55,415 dict 12 4
2019-01-30 01:16:55,415 dict 12 5
2019-01-30 01:16:55,416 dict 12 6
2019-01-30 01:16:55,416 dict 12 7
2019-01-30 01:16:55,416 dict 12 8
2019-01-30 01:16:55,416 dict 12 9
2019-01-30 01:16:55,416 dict 12 10
2019-01-30 01:16:55,416 dict 12 11
2019-01-30 01:16:55,416 dict 12 13
2019-01-30 01:16:55,417 dict 12 14
2019-01-30 01:16:55,417 dict 12 15
2019-01-30 01:16:55,417 dict 12 16
2019-01-30 01:16:55,417 dict 12 17
2019-01-30 01:16:55,417 dict 12 18
2019-01-30 01:16:55,417 dict 12 19
2019-01-30 01:16:55,417 dict 12 20
2019-01-30 01:16:55,418 dict 12 21
2019-01-30 01:16:55,418 dict 12 22
2019-01-30 01:16:55,418 Dict targets size: 22
2019-01-30 01:16:55,418 Main target id: 22
2019-01-30 01:16:55,418 Issue order: 12 -> [22] -> 1
2019-01-30 01:16:55,418 TURN FINISHED
2019-01-30 01:16:55,424 NEW TURN
2019-01-30 01:16:55,424 dict 12 0
2019-01-30 01:16:55,424 dict 12 1
2019-01-30 01:16:55,425 dict 12 2
2019-01-30 01:16:55,425 dict 12 3
2019-01-30 01:16:55,425 dict 12 4
2019-01-30 01:16:55,425 dict 12 5
2019-01-30 01:16:55,425 dict 12 6
2019-01-30 01:16:55,425 dict 12 7
2019-01-30 01:16:55,426 dict 12 8
2019-01-30 01:16:55,426 dict 12 9
2019-01-30 01:16:55,426 dict 12 10
2019-01-30 01:16:55,426 dict 12 11
2019-01-30 01:16:55,426 dict 12 13
2019-01-30 01:16:55,427 dict 12 14
2019-01-30 01:16:55,427 dict 12 15
2019-01-30 01:16:55,427 dict 12 16
2019-01-30 01:16:55,427 dict 12 17
2019-01-30 01:16:55,427 dict 12 18
2019-01-30 01:16:55,427 dict 12 19
2019-01-30 01:16:55,427 dict 12 20
2019-01-30 01:16:55,428 dict 12 21
2019-01-30 01:16:55,428 dict 12 22
2019-01-30 01:16:55,428 Dict targets size: 22
2019-01-30 01:16:55,428 Main target id: 7
2019-01-30 01:16:55,428 Issue order: 12 -> [7] -> 2
2019-01-30 01:16:55,428 TURN FINISHED
2019-01-30 01:16:55,431 NEW TURN
2019-01-30 01:16:55,432 dict 12 0
2019-01-30 01:16:55,433 dict 12 1
2019-01-30 01:16:55,433 dict 12 2
2019-01-30 01:16:55,433 dict 12 3
2019-01-30 01:16:55,433 dict 12 4
2019-01-30 01:16:55,434 dict 12 5
2019-01-30 01:16:55,434 dict 12 6
2019-01-30 01:16:55,434 dict 12 7
2019-01-30 01:16:55,434 dict 12 8
2019-01-30 01:16:55,435 dict 12 9
2019-01-30 01:16:55,435 dict 12 10
2019-01-30 01:16:55,435 dict 12 11
2019-01-30 01:16:55,435 dict 12 13
2019-01-30 01:16:55,435 dict 12 14
2019-01-30 01:16:55,436 dict 12 15
2019-01-30 01:16:55,436 dict 12 16
2019-01-30 01:16:55,436 dict 12 17
2019-01-30 01:16:55,436 dict 12 18
2019-01-30 01:16:55,436 dict 12 19
2019-01-30 01:16:55,437 dict 12 20
2019-01-30 01:16:55,437 dict 12 21
2019-01-30 01:16:55,437 dict 12 22
2019-01-30 01:16:55,437 Dict targets size: 22
2019-01-30 01:16:55,437 Main target id: 7
2019-01-30 01:16:55,437 Issue order: 12 -> [7] -> 2
2019-01-30 01:16:55,438 TURN FINISHED
2019-01-30 01:16:55,440 NEW TURN
2019-01-30 01:16:55,440 dict 12 0
2019-01-30 01:16:55,440 dict 12 1
2019-01-30 01:16:55,440 dict 12 2
2019-01-30 01:16:55,440 dict 12 3
2019-01-30 01:16:55,441 dict 12 4
2019-01-30 01:16:55,441 dict 12 5
2019-01-30 01:16:55,441 dict 12 6
2019-01-30 01:16:55,441 dict 12 7
2019-01-30 01:16:55,441 dict 12 8
2019-01-30 01:16:55,441 dict 12 9
2019-01-30 01:16:55,441 dict 12 10
2019-01-30 01:16:55,442 dict 12 11
2019-01-30 01:16:55,442 dict 12 13
2019-01-30 01:16:55,442 dict 12 14
2019-01-30 01:16:55,442 dict 12 15
2019-01-30 01:16:55,442 dict 12 16
2019-01-30 01:16:55,442 dict 12 17
2019-01-30 01:16:55,443 dict 12 18
2019-01-30 01:16:55,443 dict 12 19
2019-01-30 01:16:55,443 dict 12 20
2019-01-30 01:16:55,443 dict 12 21
2019-01-30 01:16:55,443 dict 12 22
2019-01-30 01:16:55,443 Dict targets size: 22
2019-01-30 01:16:55,443 Main target id: 7
2019-01-30 01:16:55,443 TURN FINISHED
2019-01-30 01:16:55,446 NEW TURN
2019-01-30 01:16:55,446 dict 12 0
2019-01-30 01:16:55,447 dict 12 1
2019-01-30 01:16:55,447 dict 12 2
2019-01-30 01:16:55,447 dict 12 3
2019-01-30 01:16:55,447 dict 12 4
2019-01-30 01:16:55,447 dict 12 5
2019-01-30 01:16:55,448 dict 12 6
2019-01-30 01:16:55,448 dict 12 7
2019-01-30 01:16:55,448 dict 12 8
2019-01-30 01:16:55,448 dict 12 9
2019-01-30 01:16:55,448 dict 12 10
2019-01-30 01:16:55,448 dict 12 11
2019-01-30 01:16:55,449 dict 12 13
2019-01-30 01:16:55,449 dict 12 14
2019-01-30 01:16:55,449 dict 12 15
2019-01-30 01:16:55,449 dict 12 16
2019-01-30 01:16:55,450 dict 12 17
2019-01-30 01:16:55,450 dict 12 18
2019-01-30 01:16:55,450 dict 12 19
2019-01-30 01:16:55,451 dict 12 20
2019-01-30 01:16:55,451 dict 12 21
2019-01-30 01:16:55,451 dict 12 22
2019-01-30 01:16:55,451 Dict targets size: 22
2019-01-30 01:16:55,452 Main target id: 19
2019-01-30 01:16:55,452 Issue order: 12 -> [19] -> 2
2019-01-30 01:16:55,452 TURN FINISHED
2019-01-30 01:16:55,458 NEW TURN
2019-01-30 01:16:55,458 dict 12 0
2019-01-30 01:16:55,459 dict 12 1
2019-01-30 01:16:55,459 dict 12 2
2019-01-30 01:16:55,459 dict 12 3
2019-01-30 01:16:55,459 dict 12 4
2019-01-30 01:16:55,459 dict 12 5
2019-01-30 01:16:55,459 dict 12 6
2019-01-30 01:16:55,460 dict 12 7
2019-01-30 01:16:55,460 dict 12 8
2019-01-30 01:16:55,460 dict 12 9
2019-01-30 01:16:55,460 dict 12 10
2019-01-30 01:16:55,460 dict 12 11
2019-01-30 01:16:55,461 dict 12 13
2019-01-30 01:16:55,461 dict 12 14
2019-01-30 01:16:55,461 dict 12 15
2019-01-30 01:16:55,461 dict 12 16
2019-01-30 01:16:55,462 dict 12 17
2019-01-30 01:16:55,462 dict 12 18
2019-01-30 01:16:55,462 dict 12 19
2019-01-30 01:16:55,462 dict 12 20
2019-01-30 01:16:55,462 dict 12 21
2019-01-30 01:16:55,462 dict 12 22
2019-01-30 01:16:55,463 Dict targets size: 22
2019-01-30 01:16:55,463 Main target id: 19
2019-01-30 01:16:55,463 TURN FINISHED
2019-01-30 01:16:55,466 NEW TURN
2019-01-30 01:16:55,466 dict 12 0
2019-01-30 01:16:55,466 dict 12 1
2019-01-30 01:16:55,466 dict 12 2
2019-01-30 01:16:55,467 dict 12 3
2019-01-30 01:16:55,467 dict 12 4
2019-01-30 01:16:55,467 dict 12 5
2019-01-30 01:16:55,467 dict 12 6
2019-01-30 01:16:55,467 dict 12 7
2019-01-30 01:16:55,467 dict 12 8
2019-01-30 01:16:55,468 dict 12 9
2019-01-30 01:16:55,468 dict 12 10
2019-01-30 01:16:55,468 dict 12 11
2019-01-30 01:16:55,468 dict 12 13
2019-01-30 01:16:55,468 dict 12 14
2019-01-30 01:16:55,468 dict 12 15
2019-01-30 01:16:55,468 dict 12 16
2019-01-30 01:16:55,469 dict 12 17
2019-01-30 01:16:55,469 dict 12 18
2019-01-30 01:16:55,469 dict 12 19
2019-01-30 01:16:55,469 dict 12 20
2019-01-30 01:16:55,469 dict 12 21
2019-01-30 01:16:55,469 dict 12 22
2019-01-30 01:16:55,470 Dict targets size: 22
2019-01-30 01:16:55,470 Main target id: 19
2019-01-30 01:16:55,470 Issue order: 12 -> [19] -> 2
2019-01-30 01:16:55,470 TURN FINISHED
2019-01-30 01:16:55,472 NEW TURN
2019-01-30 01:16:55,472 dict 12 0
2019-01-30 01:16:55,473 dict 12 1
2019-01-30 01:16:55,473 dict 12 2
2019-01-30 01:16:55,474 dict 12 3
2019-01-30 01:16:55,474 dict 12 4
2019-01-30 01:16:55,474 dict 12 5
2019-01-30 01:16:55,474 dict 12 6
2019-01-30 01:16:55,474 dict 12 7
2019-01-30 01:16:55,475 dict 12 8
2019-01-30 01:16:55,475 dict 12 9
2019-01-30 01:16:55,475 dict 12 10
2019-01-30 01:16:55,475 dict 12 11
2019-01-30 01:16:55,475 dict 12 13
2019-01-30 01:16:55,476 dict 12 14
2019-01-30 01:16:55,476 dict 12 15
2019-01-30 01:16:55,476 dict 12 16
2019-01-30 01:16:55,476 dict 12 17
2019-01-30 01:16:55,477 dict 12 18
2019-01-30 01:16:55,477 dict 12 19
2019-01-30 01:16:55,477 dict 12 20
2019-01-30 01:16:55,477 dict 12 21
2019-01-30 01:16:55,477 dict 12 22
2019-01-30 01:16:55,477 Dict targets size: 22
2019-01-30 01:16:55,478 Main target id: 19
2019-01-30 01:16:55,478 Issue order: 12 -> [19] -> 1
2019-01-30 01:16:55,478 TURN FINISHED
2019-01-30 01:16:55,482 NEW TURN
2019-01-30 01:16:55,483 dict 12 0
2019-01-30 01:16:55,483 dict 12 1
2019-01-30 01:16:55,484 dict 12 2
2019-01-30 01:16:55,485 dict 12 3
2019-01-30 01:16:55,485 dict 12 4
2019-01-30 01:16:55,485 dict 12 5
2019-01-30 01:16:55,485 dict 12 6
2019-01-30 01:16:55,485 dict 12 7
2019-01-30 01:16:55,486 dict 12 8
2019-01-30 01:16:55,486 dict 12 9
2019-01-30 01:16:55,486 dict 12 10
2019-01-30 01:16:55,486 dict 12 11
2019-01-30 01:16:55,486 dict 12 13
2019-01-30 01:16:55,486 dict 12 14
2019-01-30 01:16:55,487 dict 12 15
2019-01-30 01:16:55,487 dict 12 16
2019-01-30 01:16:55,487 dict 12 17
2019-01-30 01:16:55,487 dict 12 18
2019-01-30 01:16:55,487 dict 12 19
2019-01-30 01:16:55,487 dict 12 20
2019-01-30 01:16:55,487 dict 12 21
2019-01-30 01:16:55,488 dict 12 22
2019-01-30 01:16:55,488 Dict targets size: 22
2019-01-30 01:16:55,488 Main target id: 19
2019-01-30 01:16:55,488 Issue order: 12 -> [19] -> 1
2019-01-30 01:16:55,488 TURN FINISHED
2019-01-30 01:16:55,491 NEW TURN
2019-01-30 01:16:55,491 dict 12 0
2019-01-30 01:16:55,492 dict 12 1
2019-01-30 01:16:55,492 dict 12 2
2019-01-30 01:16:55,492 dict 12 3
2019-01-30 01:16:55,492 dict 12 4
2019-01-30 01:16:55,492 dict 12 5
2019-01-30 01:16:55,493 dict 12 6
2019-01-30 01:16:55,493 dict 12 7
2019-01-30 01:16:55,494 dict 12 8
2019-01-30 01:16:55,494 dict 12 9
2019-01-30 01:16:55,495 dict 12 10
2019-01-30 01:16:55,496 dict 12 11
2019-01-30 01:16:55,498 dict 12 13
2019-01-30 01:16:55,498 dict 12 14
2019-01-30 01:16:55,498 dict 12 15
2019-01-30 01:16:55,499 dict 12 16
2019-01-30 01:16:55,499 dict 12 17
2019-01-30 01:16:55,499 dict 12 18
2019-01-30 01:16:55,499 dict 12 19
2019-01-30 01:16:55,499 dict 12 20
2019-01-30 01:16:55,499 dict 12 21
2019-01-30 01:16:55,500 dict 12 22
2019-01-30 01:16:55,500 Dict targets size: 22
2019-01-30 01:16:55,500 Main target id: 19
2019-01-30 01:16:55,500 TURN FINISHED
2019-01-30 01:16:55,504 NEW TURN
2019-01-30 01:16:55,504 dict 12 0
2019-01-30 01:16:55,504 dict 12 1
2019-01-30 01:16:55,504 dict 12 2
2019-01-30 01:16:55,505 dict 12 3
2019-01-30 01:16:55,505 dict 12 4
2019-01-30 01:16:55,505 dict 12 5
2019-01-30 01:16:55,505 dict 12 6
2019-01-30 01:16:55,505 dict 12 7
2019-01-30 01:16:55,505 dict 12 8
2019-01-30 01:16:55,506 dict 12 9
2019-01-30 01:16:55,506 dict 12 10
2019-01-30 01:16:55,506 dict 12 11
2019-01-30 01:16:55,506 dict 12 13
2019-01-30 01:16:55,506 dict 12 14
2019-01-30 01:16:55,507 dict 12 15
2019-01-30 01:16:55,507 dict 12 16
2019-01-30 01:16:55,507 dict 12 17
2019-01-30 01:16:55,507 dict 12 18
2019-01-30 01:16:55,508 dict 12 19
2019-01-30 01:16:55,508 dict 12 20
2019-01-30 01:16:55,508 dict 12 21
2019-01-30 01:16:55,508 dict 12 22
2019-01-30 01:16:55,508 Dict targets size: 22
2019-01-30 01:16:55,508 Main target id: 19
2019-01-30 01:16:55,508 Issue order: 12 -> [19] -> 2
2019-01-30 01:16:55,509 TURN FINISHED
2019-01-30 01:16:55,512 NEW TURN
2019-01-30 01:16:55,513 dict 12 0
2019-01-30 01:16:55,513 dict 12 1
2019-01-30 01:16:55,513 dict 12 2
2019-01-30 01:16:55,513 dict 12 3
2019-01-30 01:16:55,513 dict 12 4
2019-01-30 01:16:55,514 dict 12 5
2019-01-30 01:16:55,514 dict 12 6
2019-01-30 01:16:55,514 dict 12 7
2019-01-30 01:16:55,514 dict 12 8
2019-01-30 01:16:55,514 dict 12 9
2019-01-30 01:16:55,515 dict 12 10
2019-01-30 01:16:55,515 dict 12 11
2019-01-30 01:16:55,515 dict 12 13
2019-01-30 01:16:55,515 dict 12 14
2019-01-30 01:16:55,515 dict 12 15
2019-01-30 01:16:55,515 dict 12 16
2019-01-30 01:16:55,516 dict 12 17
2019-01-30 01:16:55,516 dict 12 18
2019-01-30 01:16:55,516 dict 12 19
2019-01-30 01:16:55,516 dict 12 20
2019-01-30 01:16:55,516 dict 12 21
2019-01-30 01:16:55,516 dict 12 22
2019-01-30 01:16:55,517 Dict targets size: 22
2019-01-30 01:16:55,517 Main target id: 19
2019-01-30 01:16:55,517 Issue order: 12 -> [19] -> 1
2019-01-30 01:16:55,517 TURN FINISHED
2019-01-30 01:16:55,524 NEW TURN
2019-01-30 01:16:55,524 dict 12 0
2019-01-30 01:16:55,525 dict 12 1
2019-01-30 01:16:55,525 dict 12 2
2019-01-30 01:16:55,525 dict 12 3
2019-01-30 01:16:55,525 dict 12 4
2019-01-30 01:16:55,526 dict 12 5
2019-01-30 01:16:55,526 dict 12 6
2019-01-30 01:16:55,526 dict 12 7
2019-01-30 01:16:55,526 dict 12 8
2019-01-30 01:16:55,526 dict 12 9
2019-01-30 01:16:55,526 dict 12 10
2019-01-30 01:16:55,526 dict 12 11
2019-01-30 01:16:55,527 dict 12 13
2019-01-30 01:16:55,527 dict 12 14
2019-01-30 01:16:55,527 dict 12 15
2019-01-30 01:16:55,527 dict 12 16
2019-01-30 01:16:55,527 dict 12 17
2019-01-30 01:16:55,527 dict 12 18
2019-01-30 01:16:55,528 dict 12 19
2019-01-30 01:16:55,528 dict 12 20
2019-01-30 01:16:55,528 dict 12 21
2019-01-30 01:16:55,528 dict 12 22
2019-01-30 01:16:55,528 Dict targets size: 22
2019-01-30 01:16:55,528 Main target id: 19
2019-01-30 01:16:55,529 Issue order: 12 -> [19] -> 1
2019-01-30 01:16:55,529 TURN FINISHED
2019-01-30 01:16:55,533 NEW TURN
2019-01-30 01:16:55,534 dict 12 0
2019-01-30 01:16:55,534 dict 12 1
2019-01-30 01:16:55,535 dict 12 2
2019-01-30 01:16:55,535 dict 12 3
2019-01-30 01:16:55,535 dict 12 4
2019-01-30 01:16:55,535 dict 12 5
2019-01-30 01:16:55,535 dict 12 6
2019-01-30 01:16:55,536 dict 12 7
2019-01-30 01:16:55,536 dict 12 8
2019-01-30 01:16:55,536 dict 12 9
2019-01-30 01:16:55,536 dict 12 10
2019-01-30 01:16:55,536 dict 12 11
2019-01-30 01:16:55,536 dict 12 13
2019-01-30 01:16:55,537 dict 12 14
2019-01-30 01:16:55,537 dict 12 15
2019-01-30 01:16:55,537 dict 12 16
2019-01-30 01:16:55,537 dict 12 17
2019-01-30 01:16:55,537 dict 12 18
2019-01-30 01:16:55,538 dict 12 19
2019-01-30 01:16:55,538 dict 12 20
2019-01-30 01:16:55,538 dict 12 21
2019-01-30 01:16:55,538 dict 12 22
2019-01-30 01:16:55,538 Dict targets size: 22
2019-01-30 01:16:55,538 Main target id: 8
2019-01-30 01:16:55,538 TURN FINISHED
2019-01-30 01:16:55,545 NEW TURN
2019-01-30 01:16:55,545 dict 12 0
2019-01-30 01:16:55,546 dict 12 1
2019-01-30 01:16:55,546 dict 12 2
2019-01-30 01:16:55,546 dict 12 3
2019-01-30 01:16:55,546 dict 12 4
2019-01-30 01:16:55,547 dict 12 5
2019-01-30 01:16:55,547 dict 12 6
2019-01-30 01:16:55,547 dict 12 7
2019-01-30 01:16:55,548 dict 12 8
2019-01-30 01:16:55,548 dict 12 9
2019-01-30 01:16:55,548 dict 12 10
2019-01-30 01:16:55,548 dict 12 11
2019-01-30 01:16:55,549 dict 12 13
2019-01-30 01:16:55,549 dict 12 14
2019-01-30 01:16:55,549 dict 12 15
2019-01-30 01:16:55,549 dict 12 16
2019-01-30 01:16:55,549 dict 12 17
2019-01-30 01:16:55,549 dict 12 18
2019-01-30 01:16:55,550 dict 12 19
2019-01-30 01:16:55,550 dict 12 20
2019-01-30 01:16:55,550 dict 12 21
2019-01-30 01:16:55,550 dict 12 22
2019-01-30 01:16:55,550 Dict targets size: 22
2019-01-30 01:16:55,551 Main target id: 19
2019-01-30 01:16:55,551 Issue order: 12 -> [19] -> 1
2019-01-30 01:16:55,551 TURN FINISHED
2019-01-30 01:16:55,553 NEW TURN
2019-01-30 01:16:55,553 dict 12 0
2019-01-30 01:16:55,553 dict 12 1
2019-01-30 01:16:55,554 dict 12 2
2019-01-30 01:16:55,554 dict 12 3
2019-01-30 01:16:55,554 dict 12 4
2019-01-30 01:16:55,555 dict 12 5
2019-01-30 01:16:55,555 dict 12 6
2019-01-30 01:16:55,555 dict 12 7
2019-01-30 01:16:55,555 dict 12 8
2019-01-30 01:16:55,556 dict 12 9
2019-01-30 01:16:55,556 dict 12 10
2019-01-30 01:16:55,556 dict 12 11
2019-01-30 01:16:55,556 dict 12 13
2019-01-30 01:16:55,557 dict 12 14
2019-01-30 01:16:55,557 dict 12 15
2019-01-30 01:16:55,557 dict 12 16
2019-01-30 01:16:55,558 dict 12 17
2019-01-30 01:16:55,558 dict 12 18
2019-01-30 01:16:55,558 dict 12 19
2019-01-30 01:16:55,558 dict 12 20
2019-01-30 01:16:55,558 dict 12 21
2019-01-30 01:16:55,559 dict 12 22
2019-01-30 01:16:55,559 Dict targets size: 22
2019-01-30 01:16:55,559 Main target id: 14
2019-01-30 01:16:55,559 Issue order: 12 -> [14] -> 1
2019-01-30 01:16:55,559 TURN FINISHED
2019-01-30 01:16:55,576 NEW TURN
2019-01-30 01:16:55,578 dict 12 0
2019-01-30 01:16:55,578 dict 12 1
2019-01-30 01:16:55,578 dict 12 2
2019-01-30 01:16:55,578 dict 12 3
2019-01-30 01:16:55,579 dict 12 4
2019-01-30 01:16:55,579 dict 12 5
2019-01-30 01:16:55,579 dict 12 6
2019-01-30 01:16:55,580 dict 12 7
2019-01-30 01:16:55,580 dict 12 8
2019-01-30 01:16:55,580 dict 12 9
2019-01-30 01:16:55,580 dict 12 10
2019-01-30 01:16:55,580 dict 12 11
2019-01-30 01:16:55,581 dict 12 13
2019-01-30 01:16:55,581 dict 12 14
2019-01-30 01:16:55,581 dict 12 15
2019-01-30 01:16:55,581 dict 12 16
2019-01-30 01:16:55,581 dict 12 17
2019-01-30 01:16:55,582 dict 12 18
2019-01-30 01:16:55,582 dict 12 19
2019-01-30 01:16:55,582 dict 12 20
2019-01-30 01:16:55,582 dict 12 21
2019-01-30 01:16:55,582 dict 12 22
2019-01-30 01:16:55,582 Dict targets size: 22
2019-01-30 01:16:55,582 Main target id: 19
2019-01-30 01:16:55,583 Issue order: 12 -> [19] -> 2
2019-01-30 01:16:55,583 TURN FINISHED
2019-01-30 01:16:55,593 NEW TURN
2019-01-30 01:16:55,593 list index out of range
2019-01-30 01:16:55,593 TURN FINISHED
2019-01-30 01:16:55,603 NEW TURN
2019-01-30 01:16:55,603 list index out of range
2019-01-30 01:16:55,604 TURN FINISHED
2019-01-30 01:16:55,612 NEW TURN
2019-01-30 01:16:55,612 list index out of range
2019-01-30 01:16:55,612 TURN FINISHED
2019-01-30 01:16:55,624 NEW TURN
2019-01-30 01:16:55,624 list index out of range
2019-01-30 01:16:55,624 TURN FINISHED
2019-01-30 01:16:55,634 NEW TURN
2019-01-30 01:16:55,634 list index out of range
2019-01-30 01:16:55,634 TURN FINISHED
2019-01-30 01:16:55,649 NEW TURN
2019-01-30 01:16:55,650 list index out of range
2019-01-30 01:16:55,650 TURN FINISHED
2019-01-30 01:16:55,661 NEW TURN
2019-01-30 01:16:55,661 list index out of range
2019-01-30 01:16:55,662 TURN FINISHED
2019-01-30 01:16:55,671 NEW TURN
2019-01-30 01:16:55,671 list index out of range
2019-01-30 01:16:55,671 TURN FINISHED
2019-01-30 01:16:55,683 NEW TURN
2019-01-30 01:16:55,683 list index out of range
2019-01-30 01:16:55,683 TURN FINISHED
2019-01-30 01:16:55,693 NEW TURN
2019-01-30 01:16:55,693 list index out of range
2019-01-30 01:16:55,693 TURN FINISHED
2019-01-30 01:16:55,703 NEW TURN
2019-01-30 01:16:55,703 list index out of range
2019-01-30 01:16:55,703 TURN FINISHED
