2019-02-07 14:56:11,355 starting
2019-02-07 14:56:13,952 DO TURN 0. I have 1 planets
2019-02-07 14:56:13,952 WIN Ratio: 0.135135135135
2019-02-07 14:56:15,057 invade with max 5 out of 5
2019-02-07 14:56:17,604 invade planets from planet 0. Invasion fleet available: 5. Neighbors: 21
2019-02-07 14:58:08,753 Get necessary invasion ships for planet 15 at distance 4.20218587912 with currently 9 ships. We have already 0 ships coming in. We need to send 117 more ships
2019-02-07 14:58:40,697 Get necessary invasion ships for planet 16 at distance 5.78248445183 with currently 69 ships. We have already 11 ships coming in. We need to send 59 more ships
2019-02-07 14:58:44,505 Get necessary invasion ships for planet 21 at distance 6.28520572799 with currently 35 ships. We have already 0 ships coming in. We need to send 107 more ships
2019-02-07 14:58:44,506 Get necessary invasion ships for planet 10 at distance 8.0197510471 with currently 85 ships. We have already 0 ships coming in. We need to send 86 more ships
2019-02-07 14:58:44,507 Get necessary invasion ships for planet 4 at distance 8.62276094242 with currently 32 ships. We have already 0 ships coming in. We need to send 11 more ships
2019-02-07 14:58:44,508 Get necessary invasion ships for planet 7 at distance 10.138518434 with currently 60 ships. We have already 0 ships coming in. We need to send 61 more ships
2019-02-07 14:58:44,509 Get necessary invasion ships for planet 2 at distance 10.2028043841 with currently 21 ships. We have already 0 ships coming in. We need to send 22 more ships
2019-02-07 14:58:44,511 Get necessary invasion ships for planet 18 at distance 13.2989665801 with currently 41 ships. We have already 0 ships coming in. We need to send 42 more ships
2019-02-07 14:58:44,512 Get necessary invasion ships for planet 9 at distance 13.3627130591 with currently 74 ships. We have already 0 ships coming in. We need to send 75 more ships
2019-02-07 14:58:44,513 Get necessary invasion ships for planet 13 at distance 13.9954869664 with currently 72 ships. We have already 0 ships coming in. We need to send 73 more ships
2019-02-07 14:58:44,514 Get necessary invasion ships for planet 19 at distance 14.3346786761 with currently 41 ships. We have already 0 ships coming in. We need to send 42 more ships
2019-02-07 14:58:44,515 Get necessary invasion ships for planet 3 at distance 16.7699438455 with currently 21 ships. We have already 23 ships coming in. We are NOT sending more ships
2019-02-07 14:58:44,515 Ignoring planet 3 with 21 ships on it. It's fine.
2019-02-07 14:58:44,516 Get necessary invasion ships for planet 17 at distance 17.3489975701 with currently 69 ships. We have already 0 ships coming in. We need to send 70 more ships
2019-02-07 14:58:44,517 Get necessary invasion ships for planet 8 at distance 17.9054715669 with currently 74 ships. We have already 29 ships coming in. We need to send 46 more ships
2019-02-07 14:58:44,518 Get necessary invasion ships for planet 12 at distance 18.9031873942 with currently 72 ships. We have already 0 ships coming in. We need to send 73 more ships
2019-02-07 14:58:44,519 Get necessary invasion ships for planet 11 at distance 19.9024246893 with currently 85 ships. We have already 0 ships coming in. We need to send 86 more ships
2019-02-07 14:58:44,520 Get necessary invasion ships for planet 6 at distance 19.9303687832 with currently 60 ships. We have already 0 ships coming in. We need to send 61 more ships
2019-02-07 14:58:44,521 Get necessary invasion ships for planet 14 at distance 20.8660724072 with currently 9 ships. We have already 0 ships coming in. We need to send 10 more ships
2019-02-07 14:58:44,522 Get necessary invasion ships for planet 20 at distance 21.2537956424 with currently 35 ships. We have already 0 ships coming in. We need to send 36 more ships
2019-02-07 14:58:44,523 Get necessary invasion ships for planet 1 at distance 21.3001676854 with currently 37 ships. We have already 0 ships coming in. We need to send 178 more ships
2019-02-07 14:58:44,525 Get necessary invasion ships for planet 5 at distance 22.1822005014 with currently 32 ships. We have already 0 ships coming in. We need to send 33 more ships
2019-02-07 14:58:46,155 0 Target: planet 15 with opportunity: 0.137444071746
2019-02-07 14:58:46,156 Get necessary invasion ships for planet 15 at distance 4.20218587912 with currently 9 ships. We have already 0 ships coming in. We need to send 117 more ships
2019-02-07 14:58:46,156 Target of opportunity  Neutral  planet 15 currently contains 9 ships with opportunity 0.137444071746 at distance 4.20218587912. Necessary ships to take: 117
2019-02-07 14:58:46,156 Send invasion force 5 ships from planet id 0 to  Neutral  planet id 15 which currently has 9 ships landed on it
2019-02-07 14:58:46,158 Get necessary invasion ships for planet 15 at distance 4.20218587912 with currently 9 ships. We have already 0 ships coming in. We need to send 117 more ships
2019-02-07 14:58:46,158 AFTER SENDING SHIPS! Target of opportunity  Neutral  planet 15 currently contains 9 ships with opportunity 0.137444071746 at distance 4.20218587912. Necessary ships to take: 117
2019-02-07 14:58:46,158 finished invasion ships 0
2019-02-07 14:58:46,158 ignored planets  1
2019-02-07 14:58:46,158 END TURN 0 in time: 153689.628839 ms
