P 11.014548 9.362856 0 104 4
P 5.518446 18.725713 2 100 5
P 16.510650 0.000000 1 100 5
P 18.571299 14.374196 0 53 1
P 3.457797 4.351517 0 53 1
P 10.563623 5.157520 0 13 3
P 11.465473 13.568193 0 13 3
P 1.122518 14.327445 0 23 1
P 20.906578 4.398268 0 23 1
P 2.735221 10.897241 0 43 5
P 19.293876 7.828472 0 43 5
P 19.940382 3.913752 0 40 1
P 2.088715 14.811961 0 40 1
P 10.654937 7.393663 0 19 4
P 11.374159 11.332050 0 19 4
P 16.387644 16.285006 0 84 5
P 5.641453 2.440707 0 84 5
P 7.885087 13.891297 0 6 3
P 14.144009 4.834416 0 6 3
P 3.859973 0.272837 0 72 3
P 18.169124 18.452876 0 72 3
P 0.000000 11.421529 0 61 2
P 22.029096 7.304184 0 61 2
go
